CRITICAL - 2020-10-16 09:58:30 --> Unable to connect to the database.
#0 E:\janu.codingfork\vendor\codeigniter4\framework\system\Database\BaseConnection.php(646): CodeIgniter\Database\BaseConnection->initialize()
#1 E:\janu.codingfork\vendor\codeigniter4\framework\system\Database\BaseBuilder.php(1860): CodeIgniter\Database\BaseConnection->query('SELECT *\nFROM `...', Array, false)
#2 E:\janu.codingfork\app\Models\CoreModel.php(52): CodeIgniter\Database\BaseBuilder->get()
#3 E:\janu.codingfork\app\Controllers\Order.php(30): App\Models\CoreModel->getData(Array, 'item')
#4 E:\janu.codingfork\vendor\codeigniter4\framework\system\CodeIgniter.php(918): App\Controllers\Order->viewProducts()
#5 E:\janu.codingfork\vendor\codeigniter4\framework\system\CodeIgniter.php(404): CodeIgniter\CodeIgniter->runController(Object(App\Controllers\Order))
#6 E:\janu.codingfork\vendor\codeigniter4\framework\system\CodeIgniter.php(312): CodeIgniter\CodeIgniter->handleRequest(NULL, Object(Config\Cache), false)
#7 E:\janu.codingfork\public\index.php(45): CodeIgniter\CodeIgniter->run()
#8 E:\janu.codingfork\vendor\codeigniter4\framework\system\Commands\Server\rewrite.php(34): require_once('E:\\janu.codingf...')
#9 {main}
CRITICAL - 2020-10-16 09:58:30 --> Unable to connect to the database.
#0 E:\janu.codingfork\vendor\codeigniter4\framework\system\Database\BaseConnection.php(646): CodeIgniter\Database\BaseConnection->initialize()
#1 E:\janu.codingfork\vendor\codeigniter4\framework\system\Database\BaseBuilder.php(1860): CodeIgniter\Database\BaseConnection->query('SELECT *\nFROM `...', Array, false)
#2 E:\janu.codingfork\app\Models\CoreModel.php(52): CodeIgniter\Database\BaseBuilder->get()
#3 E:\janu.codingfork\app\Controllers\Order.php(85): App\Models\CoreModel->getData(Array, 'sales')
#4 E:\janu.codingfork\vendor\codeigniter4\framework\system\CodeIgniter.php(918): App\Controllers\Order->viewOrder()
#5 E:\janu.codingfork\vendor\codeigniter4\framework\system\CodeIgniter.php(404): CodeIgniter\CodeIgniter->runController(Object(App\Controllers\Order))
#6 E:\janu.codingfork\vendor\codeigniter4\framework\system\CodeIgniter.php(312): CodeIgniter\CodeIgniter->handleRequest(NULL, Object(Config\Cache), false)
#7 E:\janu.codingfork\public\index.php(45): CodeIgniter\CodeIgniter->run()
#8 E:\janu.codingfork\vendor\codeigniter4\framework\system\Commands\Server\rewrite.php(34): require_once('E:\\janu.codingf...')
#9 {main}
CRITICAL - 2020-10-16 09:59:16 --> Unable to connect to the database.
#0 E:\janu.codingfork\vendor\codeigniter4\framework\system\Database\BaseConnection.php(646): CodeIgniter\Database\BaseConnection->initialize()
#1 E:\janu.codingfork\vendor\codeigniter4\framework\system\Database\BaseBuilder.php(1860): CodeIgniter\Database\BaseConnection->query('SELECT *\nFROM `...', Array, false)
#2 E:\janu.codingfork\app\Models\CoreModel.php(52): CodeIgniter\Database\BaseBuilder->get()
#3 E:\janu.codingfork\app\Controllers\Order.php(30): App\Models\CoreModel->getData(Array, 'item')
#4 E:\janu.codingfork\vendor\codeigniter4\framework\system\CodeIgniter.php(918): App\Controllers\Order->viewProducts()
#5 E:\janu.codingfork\vendor\codeigniter4\framework\system\CodeIgniter.php(404): CodeIgniter\CodeIgniter->runController(Object(App\Controllers\Order))
#6 E:\janu.codingfork\vendor\codeigniter4\framework\system\CodeIgniter.php(312): CodeIgniter\CodeIgniter->handleRequest(NULL, Object(Config\Cache), false)
#7 E:\janu.codingfork\public\index.php(45): CodeIgniter\CodeIgniter->run()
#8 E:\janu.codingfork\vendor\codeigniter4\framework\system\Commands\Server\rewrite.php(34): require_once('E:\\janu.codingf...')
#9 {main}
CRITICAL - 2020-10-16 09:59:16 --> Unable to connect to the database.
#0 E:\janu.codingfork\vendor\codeigniter4\framework\system\Database\BaseConnection.php(646): CodeIgniter\Database\BaseConnection->initialize()
#1 E:\janu.codingfork\vendor\codeigniter4\framework\system\Database\BaseBuilder.php(1860): CodeIgniter\Database\BaseConnection->query('SELECT *\nFROM `...', Array, false)
#2 E:\janu.codingfork\app\Models\CoreModel.php(52): CodeIgniter\Database\BaseBuilder->get()
#3 E:\janu.codingfork\app\Controllers\Order.php(85): App\Models\CoreModel->getData(Array, 'sales')
#4 E:\janu.codingfork\vendor\codeigniter4\framework\system\CodeIgniter.php(918): App\Controllers\Order->viewOrder()
#5 E:\janu.codingfork\vendor\codeigniter4\framework\system\CodeIgniter.php(404): CodeIgniter\CodeIgniter->runController(Object(App\Controllers\Order))
#6 E:\janu.codingfork\vendor\codeigniter4\framework\system\CodeIgniter.php(312): CodeIgniter\CodeIgniter->handleRequest(NULL, Object(Config\Cache), false)
#7 E:\janu.codingfork\public\index.php(45): CodeIgniter\CodeIgniter->run()
#8 E:\janu.codingfork\vendor\codeigniter4\framework\system\Commands\Server\rewrite.php(34): require_once('E:\\janu.codingf...')
#9 {main}
CRITICAL - 2020-10-16 09:59:34 --> Unable to connect to the database.
#0 E:\janu.codingfork\vendor\codeigniter4\framework\system\Database\BaseConnection.php(646): CodeIgniter\Database\BaseConnection->initialize()
#1 E:\janu.codingfork\vendor\codeigniter4\framework\system\Database\BaseBuilder.php(1860): CodeIgniter\Database\BaseConnection->query('SELECT *\nFROM `...', Array, false)
#2 E:\janu.codingfork\app\Models\CoreModel.php(52): CodeIgniter\Database\BaseBuilder->get()
#3 E:\janu.codingfork\app\Helpers\datafunc_helper.php(50): App\Models\CoreModel->getData(Array, 'batch')
#4 E:\janu.codingfork\app\Controllers\Cart.php(54): getBatchNumber()
#5 E:\janu.codingfork\vendor\codeigniter4\framework\system\CodeIgniter.php(918): App\Controllers\Cart->viewCart()
#6 E:\janu.codingfork\vendor\codeigniter4\framework\system\CodeIgniter.php(404): CodeIgniter\CodeIgniter->runController(Object(App\Controllers\Cart))
#7 E:\janu.codingfork\vendor\codeigniter4\framework\system\CodeIgniter.php(312): CodeIgniter\CodeIgniter->handleRequest(NULL, Object(Config\Cache), false)
#8 E:\janu.codingfork\public\index.php(45): CodeIgniter\CodeIgniter->run()
#9 E:\janu.codingfork\vendor\codeigniter4\framework\system\Commands\Server\rewrite.php(34): require_once('E:\\janu.codingf...')
#10 {main}
CRITICAL - 2020-10-16 09:59:35 --> Unable to connect to the database.
#0 E:\janu.codingfork\vendor\codeigniter4\framework\system\Database\BaseConnection.php(646): CodeIgniter\Database\BaseConnection->initialize()
#1 E:\janu.codingfork\vendor\codeigniter4\framework\system\Database\BaseBuilder.php(1860): CodeIgniter\Database\BaseConnection->query('SELECT *\nFROM `...', Array, false)
#2 E:\janu.codingfork\app\Models\CoreModel.php(52): CodeIgniter\Database\BaseBuilder->get()
#3 E:\janu.codingfork\app\Helpers\datafunc_helper.php(50): App\Models\CoreModel->getData(Array, 'batch')
#4 E:\janu.codingfork\app\Controllers\Cart.php(54): getBatchNumber()
#5 E:\janu.codingfork\vendor\codeigniter4\framework\system\CodeIgniter.php(918): App\Controllers\Cart->viewCart()
#6 E:\janu.codingfork\vendor\codeigniter4\framework\system\CodeIgniter.php(404): CodeIgniter\CodeIgniter->runController(Object(App\Controllers\Cart))
#7 E:\janu.codingfork\vendor\codeigniter4\framework\system\CodeIgniter.php(312): CodeIgniter\CodeIgniter->handleRequest(NULL, Object(Config\Cache), false)
#8 E:\janu.codingfork\public\index.php(45): CodeIgniter\CodeIgniter->run()
#9 E:\janu.codingfork\vendor\codeigniter4\framework\system\Commands\Server\rewrite.php(34): require_once('E:\\janu.codingf...')
#10 {main}
CRITICAL - 2020-10-16 09:59:38 --> Unable to connect to the database.
#0 E:\janu.codingfork\vendor\codeigniter4\framework\system\Database\BaseConnection.php(646): CodeIgniter\Database\BaseConnection->initialize()
#1 E:\janu.codingfork\vendor\codeigniter4\framework\system\Database\BaseBuilder.php(1860): CodeIgniter\Database\BaseConnection->query('SELECT *\nFROM `...', Array, false)
#2 E:\janu.codingfork\app\Models\CoreModel.php(52): CodeIgniter\Database\BaseBuilder->get()
#3 E:\janu.codingfork\app\Controllers\Order.php(30): App\Models\CoreModel->getData(Array, 'item')
#4 E:\janu.codingfork\vendor\codeigniter4\framework\system\CodeIgniter.php(918): App\Controllers\Order->viewProducts()
#5 E:\janu.codingfork\vendor\codeigniter4\framework\system\CodeIgniter.php(404): CodeIgniter\CodeIgniter->runController(Object(App\Controllers\Order))
#6 E:\janu.codingfork\vendor\codeigniter4\framework\system\CodeIgniter.php(312): CodeIgniter\CodeIgniter->handleRequest(NULL, Object(Config\Cache), false)
#7 E:\janu.codingfork\public\index.php(45): CodeIgniter\CodeIgniter->run()
#8 E:\janu.codingfork\vendor\codeigniter4\framework\system\Commands\Server\rewrite.php(34): require_once('E:\\janu.codingf...')
#9 {main}
CRITICAL - 2020-10-16 09:59:38 --> Unable to connect to the database.
#0 E:\janu.codingfork\vendor\codeigniter4\framework\system\Database\BaseConnection.php(646): CodeIgniter\Database\BaseConnection->initialize()
#1 E:\janu.codingfork\vendor\codeigniter4\framework\system\Database\BaseBuilder.php(1860): CodeIgniter\Database\BaseConnection->query('SELECT *\nFROM `...', Array, false)
#2 E:\janu.codingfork\app\Models\CoreModel.php(52): CodeIgniter\Database\BaseBuilder->get()
#3 E:\janu.codingfork\app\Controllers\Order.php(85): App\Models\CoreModel->getData(Array, 'sales')
#4 E:\janu.codingfork\vendor\codeigniter4\framework\system\CodeIgniter.php(918): App\Controllers\Order->viewOrder()
#5 E:\janu.codingfork\vendor\codeigniter4\framework\system\CodeIgniter.php(404): CodeIgniter\CodeIgniter->runController(Object(App\Controllers\Order))
#6 E:\janu.codingfork\vendor\codeigniter4\framework\system\CodeIgniter.php(312): CodeIgniter\CodeIgniter->handleRequest(NULL, Object(Config\Cache), false)
#7 E:\janu.codingfork\public\index.php(45): CodeIgniter\CodeIgniter->run()
#8 E:\janu.codingfork\vendor\codeigniter4\framework\system\Commands\Server\rewrite.php(34): require_once('E:\\janu.codingf...')
#9 {main}
CRITICAL - 2020-10-16 10:14:18 --> Unknown column 'status' in 'where clause'
#0 E:\janu.codingfork\vendor\codeigniter4\framework\system\Database\MySQLi\Connection.php(331): mysqli->query('SELECT *\nFROM `...')
#1 E:\janu.codingfork\vendor\codeigniter4\framework\system\Database\BaseConnection.php(741): CodeIgniter\Database\MySQLi\Connection->execute('SELECT *\nFROM `...')
#2 E:\janu.codingfork\vendor\codeigniter4\framework\system\Database\BaseConnection.php(669): CodeIgniter\Database\BaseConnection->simpleQuery('SELECT *\nFROM `...')
#3 E:\janu.codingfork\vendor\codeigniter4\framework\system\Database\BaseBuilder.php(1860): CodeIgniter\Database\BaseConnection->query('SELECT *\nFROM `...', Array, false)
#4 E:\janu.codingfork\app\Models\CoreModel.php(52): CodeIgniter\Database\BaseBuilder->get()
#5 E:\janu.codingfork\app\Controllers\Order.php(85): App\Models\CoreModel->getData(Array, 'sales')
#6 E:\janu.codingfork\vendor\codeigniter4\framework\system\CodeIgniter.php(918): App\Controllers\Order->viewOrder()
#7 E:\janu.codingfork\vendor\codeigniter4\framework\system\CodeIgniter.php(404): CodeIgniter\CodeIgniter->runController(Object(App\Controllers\Order))
#8 E:\janu.codingfork\vendor\codeigniter4\framework\system\CodeIgniter.php(312): CodeIgniter\CodeIgniter->handleRequest(NULL, Object(Config\Cache), false)
#9 E:\janu.codingfork\public\index.php(45): CodeIgniter\CodeIgniter->run()
#10 E:\janu.codingfork\vendor\codeigniter4\framework\system\Commands\Server\rewrite.php(34): require_once('E:\\janu.codingf...')
#11 {main}
CRITICAL - 2020-10-16 10:14:21 --> Unknown column 'status' in 'where clause'
#0 E:\janu.codingfork\vendor\codeigniter4\framework\system\Database\MySQLi\Connection.php(331): mysqli->query('SELECT *\nFROM `...')
#1 E:\janu.codingfork\vendor\codeigniter4\framework\system\Database\BaseConnection.php(741): CodeIgniter\Database\MySQLi\Connection->execute('SELECT *\nFROM `...')
#2 E:\janu.codingfork\vendor\codeigniter4\framework\system\Database\BaseConnection.php(669): CodeIgniter\Database\BaseConnection->simpleQuery('SELECT *\nFROM `...')
#3 E:\janu.codingfork\vendor\codeigniter4\framework\system\Database\BaseBuilder.php(1860): CodeIgniter\Database\BaseConnection->query('SELECT *\nFROM `...', Array, false)
#4 E:\janu.codingfork\app\Models\CoreModel.php(52): CodeIgniter\Database\BaseBuilder->get()
#5 E:\janu.codingfork\app\Controllers\Order.php(85): App\Models\CoreModel->getData(Array, 'sales')
#6 E:\janu.codingfork\vendor\codeigniter4\framework\system\CodeIgniter.php(918): App\Controllers\Order->viewOrder()
#7 E:\janu.codingfork\vendor\codeigniter4\framework\system\CodeIgniter.php(404): CodeIgniter\CodeIgniter->runController(Object(App\Controllers\Order))
#8 E:\janu.codingfork\vendor\codeigniter4\framework\system\CodeIgniter.php(312): CodeIgniter\CodeIgniter->handleRequest(NULL, Object(Config\Cache), false)
#9 E:\janu.codingfork\public\index.php(45): CodeIgniter\CodeIgniter->run()
#10 E:\janu.codingfork\vendor\codeigniter4\framework\system\Commands\Server\rewrite.php(34): require_once('E:\\janu.codingf...')
#11 {main}
CRITICAL - 2020-10-16 10:27:13 --> A non-numeric value encountered
#0 E:\janu.codingfork\app\Controllers\Cart.php(31): CodeIgniter\Debug\Exceptions->errorHandler(2, 'A non-numeric v...', 'E:\\janu.codingf...', 31, Array)
#1 E:\janu.codingfork\vendor\codeigniter4\framework\system\CodeIgniter.php(918): App\Controllers\Cart->addCart()
#2 E:\janu.codingfork\vendor\codeigniter4\framework\system\CodeIgniter.php(404): CodeIgniter\CodeIgniter->runController(Object(App\Controllers\Cart))
#3 E:\janu.codingfork\vendor\codeigniter4\framework\system\CodeIgniter.php(312): CodeIgniter\CodeIgniter->handleRequest(NULL, Object(Config\Cache), false)
#4 E:\janu.codingfork\public\index.php(45): CodeIgniter\CodeIgniter->run()
#5 E:\janu.codingfork\vendor\codeigniter4\framework\system\Commands\Server\rewrite.php(34): require_once('E:\\janu.codingf...')
#6 {main}
CRITICAL - 2020-10-16 10:27:32 --> A non-numeric value encountered
#0 E:\janu.codingfork\app\Controllers\Cart.php(31): CodeIgniter\Debug\Exceptions->errorHandler(2, 'A non-numeric v...', 'E:\\janu.codingf...', 31, Array)
#1 E:\janu.codingfork\vendor\codeigniter4\framework\system\CodeIgniter.php(918): App\Controllers\Cart->addCart()
#2 E:\janu.codingfork\vendor\codeigniter4\framework\system\CodeIgniter.php(404): CodeIgniter\CodeIgniter->runController(Object(App\Controllers\Cart))
#3 E:\janu.codingfork\vendor\codeigniter4\framework\system\CodeIgniter.php(312): CodeIgniter\CodeIgniter->handleRequest(NULL, Object(Config\Cache), false)
#4 E:\janu.codingfork\public\index.php(45): CodeIgniter\CodeIgniter->run()
#5 E:\janu.codingfork\vendor\codeigniter4\framework\system\Commands\Server\rewrite.php(34): require_once('E:\\janu.codingf...')
#6 {main}
CRITICAL - 2020-10-16 10:30:49 --> A non-numeric value encountered
#0 E:\janu.codingfork\app\Controllers\Cart.php(31): CodeIgniter\Debug\Exceptions->errorHandler(2, 'A non-numeric v...', 'E:\\janu.codingf...', 31, Array)
#1 E:\janu.codingfork\vendor\codeigniter4\framework\system\CodeIgniter.php(918): App\Controllers\Cart->addCart()
#2 E:\janu.codingfork\vendor\codeigniter4\framework\system\CodeIgniter.php(404): CodeIgniter\CodeIgniter->runController(Object(App\Controllers\Cart))
#3 E:\janu.codingfork\vendor\codeigniter4\framework\system\CodeIgniter.php(312): CodeIgniter\CodeIgniter->handleRequest(NULL, Object(Config\Cache), false)
#4 E:\janu.codingfork\public\index.php(45): CodeIgniter\CodeIgniter->run()
#5 E:\janu.codingfork\vendor\codeigniter4\framework\system\Commands\Server\rewrite.php(34): require_once('E:\\janu.codingf...')
#6 {main}
CRITICAL - 2020-10-16 10:32:36 --> A non-numeric value encountered
#0 E:\janu.codingfork\app\Controllers\Cart.php(31): CodeIgniter\Debug\Exceptions->errorHandler(2, 'A non-numeric v...', 'E:\\janu.codingf...', 31, Array)
#1 E:\janu.codingfork\vendor\codeigniter4\framework\system\CodeIgniter.php(918): App\Controllers\Cart->addCart()
#2 E:\janu.codingfork\vendor\codeigniter4\framework\system\CodeIgniter.php(404): CodeIgniter\CodeIgniter->runController(Object(App\Controllers\Cart))
#3 E:\janu.codingfork\vendor\codeigniter4\framework\system\CodeIgniter.php(312): CodeIgniter\CodeIgniter->handleRequest(NULL, Object(Config\Cache), false)
#4 E:\janu.codingfork\public\index.php(45): CodeIgniter\CodeIgniter->run()
#5 E:\janu.codingfork\vendor\codeigniter4\framework\system\Commands\Server\rewrite.php(34): require_once('E:\\janu.codingf...')
#6 {main}
CRITICAL - 2020-10-16 10:53:05 --> Unknown column 'payment' in 'field list'
#0 E:\janu.codingfork\vendor\codeigniter4\framework\system\Database\MySQLi\Connection.php(331): mysqli->query('INSERT INTO `sa...')
#1 E:\janu.codingfork\vendor\codeigniter4\framework\system\Database\BaseConnection.php(741): CodeIgniter\Database\MySQLi\Connection->execute('INSERT INTO `sa...')
#2 E:\janu.codingfork\vendor\codeigniter4\framework\system\Database\BaseConnection.php(669): CodeIgniter\Database\BaseConnection->simpleQuery('INSERT INTO `sa...')
#3 E:\janu.codingfork\vendor\codeigniter4\framework\system\Database\BaseBuilder.php(2249): CodeIgniter\Database\BaseConnection->query('INSERT INTO `sa...', Array, false)
#4 E:\janu.codingfork\app\Models\CoreModel.php(62): CodeIgniter\Database\BaseBuilder->insert(Array)
#5 E:\janu.codingfork\app\Controllers\Order.php(75): App\Models\CoreModel->insertData(Array, 'sales')
#6 E:\janu.codingfork\vendor\codeigniter4\framework\system\CodeIgniter.php(918): App\Controllers\Order->saveOrder()
#7 E:\janu.codingfork\vendor\codeigniter4\framework\system\CodeIgniter.php(404): CodeIgniter\CodeIgniter->runController(Object(App\Controllers\Order))
#8 E:\janu.codingfork\vendor\codeigniter4\framework\system\CodeIgniter.php(312): CodeIgniter\CodeIgniter->handleRequest(NULL, Object(Config\Cache), false)
#9 E:\janu.codingfork\public\index.php(45): CodeIgniter\CodeIgniter->run()
#10 E:\janu.codingfork\vendor\codeigniter4\framework\system\Commands\Server\rewrite.php(34): require_once('E:\\janu.codingf...')
#11 {main}
CRITICAL - 2020-10-16 10:55:42 --> Invalid argument supplied for foreach()
#0 E:\janu.codingfork\app\Controllers\Order.php(45): CodeIgniter\Debug\Exceptions->errorHandler(2, 'Invalid argumen...', 'E:\\janu.codingf...', 45, Array)
#1 E:\janu.codingfork\vendor\codeigniter4\framework\system\CodeIgniter.php(918): App\Controllers\Order->saveOrder()
#2 E:\janu.codingfork\vendor\codeigniter4\framework\system\CodeIgniter.php(404): CodeIgniter\CodeIgniter->runController(Object(App\Controllers\Order))
#3 E:\janu.codingfork\vendor\codeigniter4\framework\system\CodeIgniter.php(312): CodeIgniter\CodeIgniter->handleRequest(NULL, Object(Config\Cache), false)
#4 E:\janu.codingfork\public\index.php(45): CodeIgniter\CodeIgniter->run()
#5 E:\janu.codingfork\vendor\codeigniter4\framework\system\Commands\Server\rewrite.php(34): require_once('E:\\janu.codingf...')
#6 {main}
CRITICAL - 2020-10-16 11:01:21 --> Unknown column 'address' in 'field list'
#0 E:\janu.codingfork\vendor\codeigniter4\framework\system\Database\MySQLi\Connection.php(331): mysqli->query('INSERT INTO `sa...')
#1 E:\janu.codingfork\vendor\codeigniter4\framework\system\Database\BaseConnection.php(741): CodeIgniter\Database\MySQLi\Connection->execute('INSERT INTO `sa...')
#2 E:\janu.codingfork\vendor\codeigniter4\framework\system\Database\BaseConnection.php(669): CodeIgniter\Database\BaseConnection->simpleQuery('INSERT INTO `sa...')
#3 E:\janu.codingfork\vendor\codeigniter4\framework\system\Database\BaseBuilder.php(2249): CodeIgniter\Database\BaseConnection->query('INSERT INTO `sa...', Array, false)
#4 E:\janu.codingfork\app\Models\CoreModel.php(62): CodeIgniter\Database\BaseBuilder->insert(Array)
#5 E:\janu.codingfork\app\Controllers\Order.php(75): App\Models\CoreModel->insertData(Array, 'sales')
#6 E:\janu.codingfork\vendor\codeigniter4\framework\system\CodeIgniter.php(918): App\Controllers\Order->saveOrder()
#7 E:\janu.codingfork\vendor\codeigniter4\framework\system\CodeIgniter.php(404): CodeIgniter\CodeIgniter->runController(Object(App\Controllers\Order))
#8 E:\janu.codingfork\vendor\codeigniter4\framework\system\CodeIgniter.php(312): CodeIgniter\CodeIgniter->handleRequest(NULL, Object(Config\Cache), false)
#9 E:\janu.codingfork\public\index.php(45): CodeIgniter\CodeIgniter->run()
#10 E:\janu.codingfork\vendor\codeigniter4\framework\system\Commands\Server\rewrite.php(34): require_once('E:\\janu.codingf...')
#11 {main}
CRITICAL - 2020-10-16 17:34:55 --> Undefined index: item
#0 E:\janu.codingfork\app\Controllers\Order.php(103): CodeIgniter\Debug\Exceptions->errorHandler(8, 'Undefined index...', 'E:\\janu.codingf...', 103, Array)
#1 E:\janu.codingfork\vendor\codeigniter4\framework\system\CodeIgniter.php(918): App\Controllers\Order->viewSingleOrder()
#2 E:\janu.codingfork\vendor\codeigniter4\framework\system\CodeIgniter.php(404): CodeIgniter\CodeIgniter->runController(Object(App\Controllers\Order))
#3 E:\janu.codingfork\vendor\codeigniter4\framework\system\CodeIgniter.php(312): CodeIgniter\CodeIgniter->handleRequest(NULL, Object(Config\Cache), false)
#4 E:\janu.codingfork\public\index.php(45): CodeIgniter\CodeIgniter->run()
#5 E:\janu.codingfork\vendor\codeigniter4\framework\system\Commands\Server\rewrite.php(34): require_once('E:\\janu.codingf...')
#6 {main}
CRITICAL - 2020-10-16 17:35:03 --> Undefined index: items
#0 E:\janu.codingfork\app\Controllers\Order.php(103): CodeIgniter\Debug\Exceptions->errorHandler(8, 'Undefined index...', 'E:\\janu.codingf...', 103, Array)
#1 E:\janu.codingfork\vendor\codeigniter4\framework\system\CodeIgniter.php(918): App\Controllers\Order->viewSingleOrder()
#2 E:\janu.codingfork\vendor\codeigniter4\framework\system\CodeIgniter.php(404): CodeIgniter\CodeIgniter->runController(Object(App\Controllers\Order))
#3 E:\janu.codingfork\vendor\codeigniter4\framework\system\CodeIgniter.php(312): CodeIgniter\CodeIgniter->handleRequest(NULL, Object(Config\Cache), false)
#4 E:\janu.codingfork\public\index.php(45): CodeIgniter\CodeIgniter->run()
#5 E:\janu.codingfork\vendor\codeigniter4\framework\system\Commands\Server\rewrite.php(34): require_once('E:\\janu.codingf...')
#6 {main}
CRITICAL - 2020-10-16 17:35:40 --> Undefined index: total_price
#0 E:\janu.codingfork\app\Controllers\Order.php(104): CodeIgniter\Debug\Exceptions->errorHandler(8, 'Undefined index...', 'E:\\janu.codingf...', 104, Array)
#1 E:\janu.codingfork\vendor\codeigniter4\framework\system\CodeIgniter.php(918): App\Controllers\Order->viewSingleOrder()
#2 E:\janu.codingfork\vendor\codeigniter4\framework\system\CodeIgniter.php(404): CodeIgniter\CodeIgniter->runController(Object(App\Controllers\Order))
#3 E:\janu.codingfork\vendor\codeigniter4\framework\system\CodeIgniter.php(312): CodeIgniter\CodeIgniter->handleRequest(NULL, Object(Config\Cache), false)
#4 E:\janu.codingfork\public\index.php(45): CodeIgniter\CodeIgniter->run()
#5 E:\janu.codingfork\vendor\codeigniter4\framework\system\Commands\Server\rewrite.php(34): require_once('E:\\janu.codingf...')
#6 {main}
