CRITICAL - 2020-10-24 07:51:53 --> Unable to connect to the database.
#0 E:\janu.codingfork\vendor\codeigniter4\framework\system\Database\BaseConnection.php(646): CodeIgniter\Database\BaseConnection->initialize()
#1 E:\janu.codingfork\vendor\codeigniter4\framework\system\Database\BaseBuilder.php(1860): CodeIgniter\Database\BaseConnection->query('SELECT *\nFROM `...', Array, false)
#2 E:\janu.codingfork\app\Models\CoreModel.php(43): CodeIgniter\Database\BaseBuilder->get(5, 0)
#3 E:\janu.codingfork\app\Controllers\demo3\ExamCreator.php(127): App\Models\CoreModel->getData(Array, 'exam')
#4 E:\janu.codingfork\vendor\codeigniter4\framework\system\CodeIgniter.php(918): App\Controllers\demo3\ExamCreator->viewExamsAdmin()
#5 E:\janu.codingfork\vendor\codeigniter4\framework\system\CodeIgniter.php(404): CodeIgniter\CodeIgniter->runController(Object(App\Controllers\demo3\ExamCreator))
#6 E:\janu.codingfork\vendor\codeigniter4\framework\system\CodeIgniter.php(312): CodeIgniter\CodeIgniter->handleRequest(NULL, Object(Config\Cache), false)
#7 E:\janu.codingfork\public\index.php(45): CodeIgniter\CodeIgniter->run()
#8 E:\janu.codingfork\vendor\codeigniter4\framework\system\Commands\Server\rewrite.php(34): require_once('E:\\janu.codingf...')
#9 {main}
CRITICAL - 2020-10-24 10:18:54 --> Column 'exam_id' in where clause is ambiguous
#0 E:\janu.codingfork\vendor\codeigniter4\framework\system\Database\MySQLi\Connection.php(331): mysqli->query('SELECT *\nFROM `...')
#1 E:\janu.codingfork\vendor\codeigniter4\framework\system\Database\BaseConnection.php(741): CodeIgniter\Database\MySQLi\Connection->execute('SELECT *\nFROM `...')
#2 E:\janu.codingfork\vendor\codeigniter4\framework\system\Database\BaseConnection.php(669): CodeIgniter\Database\BaseConnection->simpleQuery('SELECT *\nFROM `...')
#3 E:\janu.codingfork\vendor\codeigniter4\framework\system\Database\BaseBuilder.php(1860): CodeIgniter\Database\BaseConnection->query('SELECT *\nFROM `...', Array, false)
#4 E:\janu.codingfork\app\Models\CoreModel.php(45): CodeIgniter\Database\BaseBuilder->get()
#5 E:\janu.codingfork\app\Controllers\demo3\ExamTaker.php(33): App\Models\CoreModel->getData(Array, 'result')
#6 E:\janu.codingfork\vendor\codeigniter4\framework\system\CodeIgniter.php(918): App\Controllers\demo3\ExamTaker->take('20')
#7 E:\janu.codingfork\vendor\codeigniter4\framework\system\CodeIgniter.php(404): CodeIgniter\CodeIgniter->runController(Object(App\Controllers\demo3\ExamTaker))
#8 E:\janu.codingfork\vendor\codeigniter4\framework\system\CodeIgniter.php(312): CodeIgniter\CodeIgniter->handleRequest(NULL, Object(Config\Cache), false)
#9 E:\janu.codingfork\public\index.php(45): CodeIgniter\CodeIgniter->run()
#10 E:\janu.codingfork\vendor\codeigniter4\framework\system\Commands\Server\rewrite.php(34): require_once('E:\\janu.codingf...')
#11 {main}
CRITICAL - 2020-10-24 10:19:03 --> Column 'exam_id' in where clause is ambiguous
#0 E:\janu.codingfork\vendor\codeigniter4\framework\system\Database\MySQLi\Connection.php(331): mysqli->query('SELECT *\nFROM `...')
#1 E:\janu.codingfork\vendor\codeigniter4\framework\system\Database\BaseConnection.php(741): CodeIgniter\Database\MySQLi\Connection->execute('SELECT *\nFROM `...')
#2 E:\janu.codingfork\vendor\codeigniter4\framework\system\Database\BaseConnection.php(669): CodeIgniter\Database\BaseConnection->simpleQuery('SELECT *\nFROM `...')
#3 E:\janu.codingfork\vendor\codeigniter4\framework\system\Database\BaseBuilder.php(1860): CodeIgniter\Database\BaseConnection->query('SELECT *\nFROM `...', Array, false)
#4 E:\janu.codingfork\app\Models\CoreModel.php(45): CodeIgniter\Database\BaseBuilder->get()
#5 E:\janu.codingfork\app\Controllers\demo3\ExamTaker.php(33): App\Models\CoreModel->getData(Array, 'result')
#6 E:\janu.codingfork\vendor\codeigniter4\framework\system\CodeIgniter.php(918): App\Controllers\demo3\ExamTaker->take('20')
#7 E:\janu.codingfork\vendor\codeigniter4\framework\system\CodeIgniter.php(404): CodeIgniter\CodeIgniter->runController(Object(App\Controllers\demo3\ExamTaker))
#8 E:\janu.codingfork\vendor\codeigniter4\framework\system\CodeIgniter.php(312): CodeIgniter\CodeIgniter->handleRequest(NULL, Object(Config\Cache), false)
#9 E:\janu.codingfork\public\index.php(45): CodeIgniter\CodeIgniter->run()
#10 E:\janu.codingfork\vendor\codeigniter4\framework\system\Commands\Server\rewrite.php(34): require_once('E:\\janu.codingf...')
#11 {main}
CRITICAL - 2020-10-24 10:20:40 --> Array to string conversion
#0 E:\janu.codingfork\app\Views\content\examinee\taker.php(4): CodeIgniter\Debug\Exceptions->errorHandler(8, 'Array to string...', 'E:\\janu.codingf...', 4, Array)
#1 E:\janu.codingfork\vendor\codeigniter4\framework\system\View\View.php(246): include('E:\\janu.codingf...')
#2 E:\janu.codingfork\vendor\codeigniter4\framework\system\Common.php(1119): CodeIgniter\View\View->render('content/examine...', Array, true)
#3 E:\janu.codingfork\app\Controllers\BaseController.php(65): view('content/examine...', Array)
#4 E:\janu.codingfork\app\Controllers\demo3\ExamTaker.php(35): App\Controllers\BaseController->loadLayout('content/examine...', Array)
#5 E:\janu.codingfork\vendor\codeigniter4\framework\system\CodeIgniter.php(918): App\Controllers\demo3\ExamTaker->take('20')
#6 E:\janu.codingfork\vendor\codeigniter4\framework\system\CodeIgniter.php(404): CodeIgniter\CodeIgniter->runController(Object(App\Controllers\demo3\ExamTaker))
#7 E:\janu.codingfork\vendor\codeigniter4\framework\system\CodeIgniter.php(312): CodeIgniter\CodeIgniter->handleRequest(NULL, Object(Config\Cache), false)
#8 E:\janu.codingfork\public\index.php(45): CodeIgniter\CodeIgniter->run()
#9 E:\janu.codingfork\vendor\codeigniter4\framework\system\Commands\Server\rewrite.php(34): require_once('E:\\janu.codingf...')
#10 {main}
CRITICAL - 2020-10-24 10:33:47 --> syntax error, unexpected 'return' (T_RETURN)
#0 E:\janu.codingfork\vendor\codeigniter4\framework\system\Autoloader\Autoloader.php(296): CodeIgniter\Autoloader\Autoloader->requireFile('E:\\janu.codingf...')
#1 E:\janu.codingfork\vendor\codeigniter4\framework\system\Autoloader\Autoloader.php(258): CodeIgniter\Autoloader\Autoloader->loadInNamespace('App\\Controllers...')
#2 [internal function]: CodeIgniter\Autoloader\Autoloader->loadClass('App\\Controllers...')
#3 [internal function]: spl_autoload_call('App\\Controllers...')
#4 E:\janu.codingfork\vendor\codeigniter4\framework\system\CodeIgniter.php(869): class_exists('\\App\\Controller...', true)
#5 E:\janu.codingfork\vendor\codeigniter4\framework\system\CodeIgniter.php(394): CodeIgniter\CodeIgniter->startController()
#6 E:\janu.codingfork\vendor\codeigniter4\framework\system\CodeIgniter.php(312): CodeIgniter\CodeIgniter->handleRequest(NULL, Object(Config\Cache), false)
#7 E:\janu.codingfork\public\index.php(45): CodeIgniter\CodeIgniter->run()
#8 E:\janu.codingfork\vendor\codeigniter4\framework\system\Commands\Server\rewrite.php(34): require_once('E:\\janu.codingf...')
#9 {main}
CRITICAL - 2020-10-24 10:54:52 --> Undefined index: anwser
#0 E:\janu.codingfork\app\Views\content\examinee\taker.php(88): CodeIgniter\Debug\Exceptions->errorHandler(8, 'Undefined index...', 'E:\\janu.codingf...', 88, Array)
#1 E:\janu.codingfork\vendor\codeigniter4\framework\system\View\View.php(246): include('E:\\janu.codingf...')
#2 E:\janu.codingfork\vendor\codeigniter4\framework\system\Common.php(1119): CodeIgniter\View\View->render('content/examine...', Array, true)
#3 E:\janu.codingfork\app\Controllers\BaseController.php(65): view('content/examine...', Array)
#4 E:\janu.codingfork\app\Controllers\demo3\ExamTaker.php(39): App\Controllers\BaseController->loadLayout('content/examine...', Array)
#5 E:\janu.codingfork\vendor\codeigniter4\framework\system\CodeIgniter.php(918): App\Controllers\demo3\ExamTaker->take('20')
#6 E:\janu.codingfork\vendor\codeigniter4\framework\system\CodeIgniter.php(404): CodeIgniter\CodeIgniter->runController(Object(App\Controllers\demo3\ExamTaker))
#7 E:\janu.codingfork\vendor\codeigniter4\framework\system\CodeIgniter.php(312): CodeIgniter\CodeIgniter->handleRequest(NULL, Object(Config\Cache), false)
#8 E:\janu.codingfork\public\index.php(45): CodeIgniter\CodeIgniter->run()
#9 E:\janu.codingfork\vendor\codeigniter4\framework\system\Commands\Server\rewrite.php(34): require_once('E:\\janu.codingf...')
#10 {main}
CRITICAL - 2020-10-24 10:55:01 --> Undefined index: anwsers
#0 E:\janu.codingfork\app\Views\content\examinee\taker.php(88): CodeIgniter\Debug\Exceptions->errorHandler(8, 'Undefined index...', 'E:\\janu.codingf...', 88, Array)
#1 E:\janu.codingfork\vendor\codeigniter4\framework\system\View\View.php(246): include('E:\\janu.codingf...')
#2 E:\janu.codingfork\vendor\codeigniter4\framework\system\Common.php(1119): CodeIgniter\View\View->render('content/examine...', Array, true)
#3 E:\janu.codingfork\app\Controllers\BaseController.php(65): view('content/examine...', Array)
#4 E:\janu.codingfork\app\Controllers\demo3\ExamTaker.php(39): App\Controllers\BaseController->loadLayout('content/examine...', Array)
#5 E:\janu.codingfork\vendor\codeigniter4\framework\system\CodeIgniter.php(918): App\Controllers\demo3\ExamTaker->take('20')
#6 E:\janu.codingfork\vendor\codeigniter4\framework\system\CodeIgniter.php(404): CodeIgniter\CodeIgniter->runController(Object(App\Controllers\demo3\ExamTaker))
#7 E:\janu.codingfork\vendor\codeigniter4\framework\system\CodeIgniter.php(312): CodeIgniter\CodeIgniter->handleRequest(NULL, Object(Config\Cache), false)
#8 E:\janu.codingfork\public\index.php(45): CodeIgniter\CodeIgniter->run()
#9 E:\janu.codingfork\vendor\codeigniter4\framework\system\Commands\Server\rewrite.php(34): require_once('E:\\janu.codingf...')
#10 {main}
CRITICAL - 2020-10-24 11:09:06 --> Undefined index: examinee
#0 E:\janu.codingfork\app\Views\content\examinee\taker.php(88): CodeIgniter\Debug\Exceptions->errorHandler(8, 'Undefined index...', 'E:\\janu.codingf...', 88, Array)
#1 E:\janu.codingfork\vendor\codeigniter4\framework\system\View\View.php(246): include('E:\\janu.codingf...')
#2 E:\janu.codingfork\vendor\codeigniter4\framework\system\Common.php(1119): CodeIgniter\View\View->render('content/examine...', Array, true)
#3 E:\janu.codingfork\app\Controllers\BaseController.php(65): view('content/examine...', Array)
#4 E:\janu.codingfork\app\Controllers\demo3\ExamTaker.php(40): App\Controllers\BaseController->loadLayout('content/examine...', Array)
#5 E:\janu.codingfork\vendor\codeigniter4\framework\system\CodeIgniter.php(918): App\Controllers\demo3\ExamTaker->take('20')
#6 E:\janu.codingfork\vendor\codeigniter4\framework\system\CodeIgniter.php(404): CodeIgniter\CodeIgniter->runController(Object(App\Controllers\demo3\ExamTaker))
#7 E:\janu.codingfork\vendor\codeigniter4\framework\system\CodeIgniter.php(312): CodeIgniter\CodeIgniter->handleRequest(NULL, Object(Config\Cache), false)
#8 E:\janu.codingfork\public\index.php(45): CodeIgniter\CodeIgniter->run()
#9 E:\janu.codingfork\vendor\codeigniter4\framework\system\Commands\Server\rewrite.php(34): require_once('E:\\janu.codingf...')
#10 {main}
CRITICAL - 2020-10-24 11:10:19 --> Undefined index: examinee
#0 E:\janu.codingfork\app\Views\content\examinee\taker.php(88): CodeIgniter\Debug\Exceptions->errorHandler(8, 'Undefined index...', 'E:\\janu.codingf...', 88, Array)
#1 E:\janu.codingfork\vendor\codeigniter4\framework\system\View\View.php(246): include('E:\\janu.codingf...')
#2 E:\janu.codingfork\vendor\codeigniter4\framework\system\Common.php(1119): CodeIgniter\View\View->render('content/examine...', Array, true)
#3 E:\janu.codingfork\app\Controllers\BaseController.php(65): view('content/examine...', Array)
#4 E:\janu.codingfork\app\Controllers\demo3\ExamTaker.php(40): App\Controllers\BaseController->loadLayout('content/examine...', Array)
#5 E:\janu.codingfork\vendor\codeigniter4\framework\system\CodeIgniter.php(918): App\Controllers\demo3\ExamTaker->take('20')
#6 E:\janu.codingfork\vendor\codeigniter4\framework\system\CodeIgniter.php(404): CodeIgniter\CodeIgniter->runController(Object(App\Controllers\demo3\ExamTaker))
#7 E:\janu.codingfork\vendor\codeigniter4\framework\system\CodeIgniter.php(312): CodeIgniter\CodeIgniter->handleRequest(NULL, Object(Config\Cache), false)
#8 E:\janu.codingfork\public\index.php(45): CodeIgniter\CodeIgniter->run()
#9 E:\janu.codingfork\vendor\codeigniter4\framework\system\Commands\Server\rewrite.php(34): require_once('E:\\janu.codingf...')
#10 {main}
CRITICAL - 2020-10-24 11:10:43 --> Undefined offset: 5
#0 E:\janu.codingfork\app\Views\content\examinee\taker.php(88): CodeIgniter\Debug\Exceptions->errorHandler(8, 'Undefined offse...', 'E:\\janu.codingf...', 88, Array)
#1 E:\janu.codingfork\vendor\codeigniter4\framework\system\View\View.php(246): include('E:\\janu.codingf...')
#2 E:\janu.codingfork\vendor\codeigniter4\framework\system\Common.php(1119): CodeIgniter\View\View->render('content/examine...', Array, true)
#3 E:\janu.codingfork\app\Controllers\BaseController.php(65): view('content/examine...', Array)
#4 E:\janu.codingfork\app\Controllers\demo3\ExamTaker.php(40): App\Controllers\BaseController->loadLayout('content/examine...', Array)
#5 E:\janu.codingfork\vendor\codeigniter4\framework\system\CodeIgniter.php(918): App\Controllers\demo3\ExamTaker->take('20')
#6 E:\janu.codingfork\vendor\codeigniter4\framework\system\CodeIgniter.php(404): CodeIgniter\CodeIgniter->runController(Object(App\Controllers\demo3\ExamTaker))
#7 E:\janu.codingfork\vendor\codeigniter4\framework\system\CodeIgniter.php(312): CodeIgniter\CodeIgniter->handleRequest(NULL, Object(Config\Cache), false)
#8 E:\janu.codingfork\public\index.php(45): CodeIgniter\CodeIgniter->run()
#9 E:\janu.codingfork\vendor\codeigniter4\framework\system\Commands\Server\rewrite.php(34): require_once('E:\\janu.codingf...')
#10 {main}
CRITICAL - 2020-10-24 11:40:38 --> syntax error, unexpected '$builder' (T_VARIABLE)
#0 E:\janu.codingfork\vendor\codeigniter4\framework\system\Autoloader\Autoloader.php(296): CodeIgniter\Autoloader\Autoloader->requireFile('E:\\janu.codingf...')
#1 E:\janu.codingfork\vendor\codeigniter4\framework\system\Autoloader\Autoloader.php(258): CodeIgniter\Autoloader\Autoloader->loadInNamespace('App\\Models\\Core...')
#2 [internal function]: CodeIgniter\Autoloader\Autoloader->loadClass('App\\Models\\Core...')
#3 E:\janu.codingfork\app\Controllers\BaseController.php(47): spl_autoload_call('App\\Models\\Core...')
#4 E:\janu.codingfork\vendor\codeigniter4\framework\system\CodeIgniter.php(891): App\Controllers\BaseController->initController(Object(CodeIgniter\HTTP\IncomingRequest), Object(CodeIgniter\HTTP\Response), Object(CodeIgniter\Log\Logger))
#5 E:\janu.codingfork\vendor\codeigniter4\framework\system\CodeIgniter.php(399): CodeIgniter\CodeIgniter->createController()
#6 E:\janu.codingfork\vendor\codeigniter4\framework\system\CodeIgniter.php(312): CodeIgniter\CodeIgniter->handleRequest(NULL, Object(Config\Cache), false)
#7 E:\janu.codingfork\public\index.php(45): CodeIgniter\CodeIgniter->run()
#8 E:\janu.codingfork\vendor\codeigniter4\framework\system\Commands\Server\rewrite.php(34): require_once('E:\\janu.codingf...')
#9 {main}
CRITICAL - 2020-10-24 11:45:10 --> syntax error, unexpected '$params' (T_VARIABLE)
#0 E:\janu.codingfork\vendor\codeigniter4\framework\system\Autoloader\Autoloader.php(296): CodeIgniter\Autoloader\Autoloader->requireFile('E:\\janu.codingf...')
#1 E:\janu.codingfork\vendor\codeigniter4\framework\system\Autoloader\Autoloader.php(258): CodeIgniter\Autoloader\Autoloader->loadInNamespace('App\\Controllers...')
#2 [internal function]: CodeIgniter\Autoloader\Autoloader->loadClass('App\\Controllers...')
#3 [internal function]: spl_autoload_call('App\\Controllers...')
#4 E:\janu.codingfork\vendor\codeigniter4\framework\system\CodeIgniter.php(869): class_exists('\\App\\Controller...', true)
#5 E:\janu.codingfork\vendor\codeigniter4\framework\system\CodeIgniter.php(394): CodeIgniter\CodeIgniter->startController()
#6 E:\janu.codingfork\vendor\codeigniter4\framework\system\CodeIgniter.php(312): CodeIgniter\CodeIgniter->handleRequest(NULL, Object(Config\Cache), false)
#7 E:\janu.codingfork\public\index.php(45): CodeIgniter\CodeIgniter->run()
#8 E:\janu.codingfork\vendor\codeigniter4\framework\system\Commands\Server\rewrite.php(34): require_once('E:\\janu.codingf...')
#9 {main}
CRITICAL - 2020-10-24 11:45:24 --> Unknown column 'exam_id.is_deleted' in 'field list'
#0 E:\janu.codingfork\vendor\codeigniter4\framework\system\Database\MySQLi\Connection.php(331): mysqli->query('SELECT `exam`.`...')
#1 E:\janu.codingfork\vendor\codeigniter4\framework\system\Database\BaseConnection.php(741): CodeIgniter\Database\MySQLi\Connection->execute('SELECT `exam`.`...')
#2 E:\janu.codingfork\vendor\codeigniter4\framework\system\Database\BaseConnection.php(669): CodeIgniter\Database\BaseConnection->simpleQuery('SELECT `exam`.`...')
#3 E:\janu.codingfork\vendor\codeigniter4\framework\system\Database\BaseBuilder.php(1860): CodeIgniter\Database\BaseConnection->query('SELECT `exam`.`...', Array, false)
#4 E:\janu.codingfork\app\Models\CoreModel.php(44): CodeIgniter\Database\BaseBuilder->get(5, 0)
#5 E:\janu.codingfork\app\Controllers\demo3\ExamCreator.php(134): App\Models\CoreModel->getData(Array, 'exam')
#6 E:\janu.codingfork\vendor\codeigniter4\framework\system\CodeIgniter.php(918): App\Controllers\demo3\ExamCreator->viewExamsAdmin()
#7 E:\janu.codingfork\vendor\codeigniter4\framework\system\CodeIgniter.php(404): CodeIgniter\CodeIgniter->runController(Object(App\Controllers\demo3\ExamCreator))
#8 E:\janu.codingfork\vendor\codeigniter4\framework\system\CodeIgniter.php(312): CodeIgniter\CodeIgniter->handleRequest(NULL, Object(Config\Cache), false)
#9 E:\janu.codingfork\public\index.php(45): CodeIgniter\CodeIgniter->run()
#10 E:\janu.codingfork\vendor\codeigniter4\framework\system\Commands\Server\rewrite.php(34): require_once('E:\\janu.codingf...')
#11 {main}
CRITICAL - 2020-10-24 11:45:39 --> Unknown column 'exam_id.is_deleted' in 'where clause'
#0 E:\janu.codingfork\vendor\codeigniter4\framework\system\Database\MySQLi\Connection.php(331): mysqli->query('SELECT `exam`.`...')
#1 E:\janu.codingfork\vendor\codeigniter4\framework\system\Database\BaseConnection.php(741): CodeIgniter\Database\MySQLi\Connection->execute('SELECT `exam`.`...')
#2 E:\janu.codingfork\vendor\codeigniter4\framework\system\Database\BaseConnection.php(669): CodeIgniter\Database\BaseConnection->simpleQuery('SELECT `exam`.`...')
#3 E:\janu.codingfork\vendor\codeigniter4\framework\system\Database\BaseBuilder.php(1860): CodeIgniter\Database\BaseConnection->query('SELECT `exam`.`...', Array, false)
#4 E:\janu.codingfork\app\Models\CoreModel.php(44): CodeIgniter\Database\BaseBuilder->get(5, 0)
#5 E:\janu.codingfork\app\Controllers\demo3\ExamCreator.php(134): App\Models\CoreModel->getData(Array, 'exam')
#6 E:\janu.codingfork\vendor\codeigniter4\framework\system\CodeIgniter.php(918): App\Controllers\demo3\ExamCreator->viewExamsAdmin()
#7 E:\janu.codingfork\vendor\codeigniter4\framework\system\CodeIgniter.php(404): CodeIgniter\CodeIgniter->runController(Object(App\Controllers\demo3\ExamCreator))
#8 E:\janu.codingfork\vendor\codeigniter4\framework\system\CodeIgniter.php(312): CodeIgniter\CodeIgniter->handleRequest(NULL, Object(Config\Cache), false)
#9 E:\janu.codingfork\public\index.php(45): CodeIgniter\CodeIgniter->run()
#10 E:\janu.codingfork\vendor\codeigniter4\framework\system\Commands\Server\rewrite.php(34): require_once('E:\\janu.codingf...')
#11 {main}
CRITICAL - 2020-10-24 11:50:34 --> Unknown column 'eaxm.title' in 'field list'
#0 E:\janu.codingfork\vendor\codeigniter4\framework\system\Database\MySQLi\Connection.php(331): mysqli->query('SELECT `exam`.`...')
#1 E:\janu.codingfork\vendor\codeigniter4\framework\system\Database\BaseConnection.php(741): CodeIgniter\Database\MySQLi\Connection->execute('SELECT `exam`.`...')
#2 E:\janu.codingfork\vendor\codeigniter4\framework\system\Database\BaseConnection.php(669): CodeIgniter\Database\BaseConnection->simpleQuery('SELECT `exam`.`...')
#3 E:\janu.codingfork\vendor\codeigniter4\framework\system\Database\BaseBuilder.php(1860): CodeIgniter\Database\BaseConnection->query('SELECT `exam`.`...', Array, false)
#4 E:\janu.codingfork\app\Models\CoreModel.php(44): CodeIgniter\Database\BaseBuilder->get(5, 0)
#5 E:\janu.codingfork\app\Controllers\demo3\ExamCreator.php(134): App\Models\CoreModel->getData(Array, 'exam')
#6 E:\janu.codingfork\vendor\codeigniter4\framework\system\CodeIgniter.php(918): App\Controllers\demo3\ExamCreator->viewExamsAdmin()
#7 E:\janu.codingfork\vendor\codeigniter4\framework\system\CodeIgniter.php(404): CodeIgniter\CodeIgniter->runController(Object(App\Controllers\demo3\ExamCreator))
#8 E:\janu.codingfork\vendor\codeigniter4\framework\system\CodeIgniter.php(312): CodeIgniter\CodeIgniter->handleRequest(NULL, Object(Config\Cache), false)
#9 E:\janu.codingfork\public\index.php(45): CodeIgniter\CodeIgniter->run()
#10 E:\janu.codingfork\vendor\codeigniter4\framework\system\Commands\Server\rewrite.php(34): require_once('E:\\janu.codingf...')
#11 {main}
CRITICAL - 2020-10-24 11:52:35 --> Undefined index: type
#0 E:\janu.codingfork\app\Models\CoreModel.php(35): CodeIgniter\Debug\Exceptions->errorHandler(8, 'Undefined index...', 'E:\\janu.codingf...', 35, Array)
#1 E:\janu.codingfork\app\Controllers\demo3\ExamTaker.php(27): App\Models\CoreModel->getData(Array, 'exam')
#2 E:\janu.codingfork\vendor\codeigniter4\framework\system\CodeIgniter.php(918): App\Controllers\demo3\ExamTaker->take('20')
#3 E:\janu.codingfork\vendor\codeigniter4\framework\system\CodeIgniter.php(404): CodeIgniter\CodeIgniter->runController(Object(App\Controllers\demo3\ExamTaker))
#4 E:\janu.codingfork\vendor\codeigniter4\framework\system\CodeIgniter.php(312): CodeIgniter\CodeIgniter->handleRequest(NULL, Object(Config\Cache), false)
#5 E:\janu.codingfork\public\index.php(45): CodeIgniter\CodeIgniter->run()
#6 E:\janu.codingfork\vendor\codeigniter4\framework\system\Commands\Server\rewrite.php(34): require_once('E:\\janu.codingf...')
#7 {main}
CRITICAL - 2020-10-24 11:53:18 --> Undefined index: type
#0 E:\janu.codingfork\app\Models\CoreModel.php(35): CodeIgniter\Debug\Exceptions->errorHandler(8, 'Undefined index...', 'E:\\janu.codingf...', 35, Array)
#1 E:\janu.codingfork\app\Controllers\demo3\ExamTaker.php(27): App\Models\CoreModel->getData(Array, 'exam')
#2 E:\janu.codingfork\vendor\codeigniter4\framework\system\CodeIgniter.php(918): App\Controllers\demo3\ExamTaker->take('20')
#3 E:\janu.codingfork\vendor\codeigniter4\framework\system\CodeIgniter.php(404): CodeIgniter\CodeIgniter->runController(Object(App\Controllers\demo3\ExamTaker))
#4 E:\janu.codingfork\vendor\codeigniter4\framework\system\CodeIgniter.php(312): CodeIgniter\CodeIgniter->handleRequest(NULL, Object(Config\Cache), false)
#5 E:\janu.codingfork\public\index.php(45): CodeIgniter\CodeIgniter->run()
#6 E:\janu.codingfork\vendor\codeigniter4\framework\system\Commands\Server\rewrite.php(34): require_once('E:\\janu.codingf...')
#7 {main}
CRITICAL - 2020-10-24 12:07:13 --> syntax error, unexpected 'if' (T_IF), expecting ',' or ')'
#0 E:\janu.codingfork\vendor\codeigniter4\framework\system\CodeIgniter.php(364): CodeIgniter\CodeIgniter->tryToRouteIt(NULL)
#1 E:\janu.codingfork\vendor\codeigniter4\framework\system\CodeIgniter.php(312): CodeIgniter\CodeIgniter->handleRequest(NULL, Object(Config\Cache), false)
#2 E:\janu.codingfork\public\index.php(45): CodeIgniter\CodeIgniter->run()
#3 E:\janu.codingfork\vendor\codeigniter4\framework\system\Commands\Server\rewrite.php(34): require_once('E:\\janu.codingf...')
#4 {main}
