CRITICAL - 2020-11-11 12:02:35 --> count(): Parameter must be an array or an object that implements Countable
#0 [internal function]: CodeIgniter\Debug\Exceptions->errorHandler(2, 'count(): Parame...', 'E:\\exam\\app\\Con...', 35, Array)
#1 E:\exam\app\Controllers\admin\ExamCreator.php(35): count(NULL)
#2 E:\exam\vendor\codeigniter4\framework\system\CodeIgniter.php(918): App\Controllers\admin\ExamCreator->addExam()
#3 E:\exam\vendor\codeigniter4\framework\system\CodeIgniter.php(404): CodeIgniter\CodeIgniter->runController(Object(App\Controllers\admin\ExamCreator))
#4 E:\exam\vendor\codeigniter4\framework\system\CodeIgniter.php(312): CodeIgniter\CodeIgniter->handleRequest(NULL, Object(Config\Cache), false)
#5 E:\exam\public\index.php(45): CodeIgniter\CodeIgniter->run()
#6 E:\exam\vendor\codeigniter4\framework\system\Commands\Server\rewrite.php(34): require_once('E:\\exam\\public\\...')
#7 {main}
CRITICAL - 2020-11-11 12:02:43 --> Column 'answer' cannot be null
#0 E:\exam\vendor\codeigniter4\framework\system\Database\MySQLi\Connection.php(331): mysqli->query('INSERT INTO `qu...')
#1 E:\exam\vendor\codeigniter4\framework\system\Database\BaseConnection.php(741): CodeIgniter\Database\MySQLi\Connection->execute('INSERT INTO `qu...')
#2 E:\exam\vendor\codeigniter4\framework\system\Database\BaseConnection.php(669): CodeIgniter\Database\BaseConnection->simpleQuery('INSERT INTO `qu...')
#3 E:\exam\vendor\codeigniter4\framework\system\Database\BaseBuilder.php(2249): CodeIgniter\Database\BaseConnection->query('INSERT INTO `qu...', Array, false)
#4 E:\exam\app\Models\CoreModel.php(56): CodeIgniter\Database\BaseBuilder->insert(Array)
#5 E:\exam\app\Controllers\admin\ExamCreator.php(43): App\Models\CoreModel->insertData(Array, 'question')
#6 E:\exam\vendor\codeigniter4\framework\system\CodeIgniter.php(918): App\Controllers\admin\ExamCreator->addExam()
#7 E:\exam\vendor\codeigniter4\framework\system\CodeIgniter.php(404): CodeIgniter\CodeIgniter->runController(Object(App\Controllers\admin\ExamCreator))
#8 E:\exam\vendor\codeigniter4\framework\system\CodeIgniter.php(312): CodeIgniter\CodeIgniter->handleRequest(NULL, Object(Config\Cache), false)
#9 E:\exam\public\index.php(45): CodeIgniter\CodeIgniter->run()
#10 E:\exam\vendor\codeigniter4\framework\system\Commands\Server\rewrite.php(34): require_once('E:\\exam\\public\\...')
#11 {main}
CRITICAL - 2020-11-11 12:15:38 --> count(): Parameter must be an array or an object that implements Countable
#0 [internal function]: CodeIgniter\Debug\Exceptions->errorHandler(2, 'count(): Parame...', 'E:\\exam\\app\\Con...', 35, Array)
#1 E:\exam\app\Controllers\admin\ExamCreator.php(35): count(NULL)
#2 E:\exam\vendor\codeigniter4\framework\system\CodeIgniter.php(918): App\Controllers\admin\ExamCreator->addExam()
#3 E:\exam\vendor\codeigniter4\framework\system\CodeIgniter.php(404): CodeIgniter\CodeIgniter->runController(Object(App\Controllers\admin\ExamCreator))
#4 E:\exam\vendor\codeigniter4\framework\system\CodeIgniter.php(312): CodeIgniter\CodeIgniter->handleRequest(NULL, Object(Config\Cache), false)
#5 E:\exam\public\index.php(45): CodeIgniter\CodeIgniter->run()
#6 E:\exam\vendor\codeigniter4\framework\system\Commands\Server\rewrite.php(34): require_once('E:\\exam\\public\\...')
#7 {main}
CRITICAL - 2020-11-11 12:15:40 --> count(): Parameter must be an array or an object that implements Countable
#0 [internal function]: CodeIgniter\Debug\Exceptions->errorHandler(2, 'count(): Parame...', 'E:\\exam\\app\\Con...', 35, Array)
#1 E:\exam\app\Controllers\admin\ExamCreator.php(35): count(NULL)
#2 E:\exam\vendor\codeigniter4\framework\system\CodeIgniter.php(918): App\Controllers\admin\ExamCreator->addExam()
#3 E:\exam\vendor\codeigniter4\framework\system\CodeIgniter.php(404): CodeIgniter\CodeIgniter->runController(Object(App\Controllers\admin\ExamCreator))
#4 E:\exam\vendor\codeigniter4\framework\system\CodeIgniter.php(312): CodeIgniter\CodeIgniter->handleRequest(NULL, Object(Config\Cache), false)
#5 E:\exam\public\index.php(45): CodeIgniter\CodeIgniter->run()
#6 E:\exam\vendor\codeigniter4\framework\system\Commands\Server\rewrite.php(34): require_once('E:\\exam\\public\\...')
#7 {main}
CRITICAL - 2020-11-11 12:15:40 --> count(): Parameter must be an array or an object that implements Countable
#0 [internal function]: CodeIgniter\Debug\Exceptions->errorHandler(2, 'count(): Parame...', 'E:\\exam\\app\\Con...', 35, Array)
#1 E:\exam\app\Controllers\admin\ExamCreator.php(35): count(NULL)
#2 E:\exam\vendor\codeigniter4\framework\system\CodeIgniter.php(918): App\Controllers\admin\ExamCreator->addExam()
#3 E:\exam\vendor\codeigniter4\framework\system\CodeIgniter.php(404): CodeIgniter\CodeIgniter->runController(Object(App\Controllers\admin\ExamCreator))
#4 E:\exam\vendor\codeigniter4\framework\system\CodeIgniter.php(312): CodeIgniter\CodeIgniter->handleRequest(NULL, Object(Config\Cache), false)
#5 E:\exam\public\index.php(45): CodeIgniter\CodeIgniter->run()
#6 E:\exam\vendor\codeigniter4\framework\system\Commands\Server\rewrite.php(34): require_once('E:\\exam\\public\\...')
#7 {main}
CRITICAL - 2020-11-11 12:15:40 --> count(): Parameter must be an array or an object that implements Countable
#0 [internal function]: CodeIgniter\Debug\Exceptions->errorHandler(2, 'count(): Parame...', 'E:\\exam\\app\\Con...', 35, Array)
#1 E:\exam\app\Controllers\admin\ExamCreator.php(35): count(NULL)
#2 E:\exam\vendor\codeigniter4\framework\system\CodeIgniter.php(918): App\Controllers\admin\ExamCreator->addExam()
#3 E:\exam\vendor\codeigniter4\framework\system\CodeIgniter.php(404): CodeIgniter\CodeIgniter->runController(Object(App\Controllers\admin\ExamCreator))
#4 E:\exam\vendor\codeigniter4\framework\system\CodeIgniter.php(312): CodeIgniter\CodeIgniter->handleRequest(NULL, Object(Config\Cache), false)
#5 E:\exam\public\index.php(45): CodeIgniter\CodeIgniter->run()
#6 E:\exam\vendor\codeigniter4\framework\system\Commands\Server\rewrite.php(34): require_once('E:\\exam\\public\\...')
#7 {main}
CRITICAL - 2020-11-11 12:15:41 --> count(): Parameter must be an array or an object that implements Countable
#0 [internal function]: CodeIgniter\Debug\Exceptions->errorHandler(2, 'count(): Parame...', 'E:\\exam\\app\\Con...', 35, Array)
#1 E:\exam\app\Controllers\admin\ExamCreator.php(35): count(NULL)
#2 E:\exam\vendor\codeigniter4\framework\system\CodeIgniter.php(918): App\Controllers\admin\ExamCreator->addExam()
#3 E:\exam\vendor\codeigniter4\framework\system\CodeIgniter.php(404): CodeIgniter\CodeIgniter->runController(Object(App\Controllers\admin\ExamCreator))
#4 E:\exam\vendor\codeigniter4\framework\system\CodeIgniter.php(312): CodeIgniter\CodeIgniter->handleRequest(NULL, Object(Config\Cache), false)
#5 E:\exam\public\index.php(45): CodeIgniter\CodeIgniter->run()
#6 E:\exam\vendor\codeigniter4\framework\system\Commands\Server\rewrite.php(34): require_once('E:\\exam\\public\\...')
#7 {main}
CRITICAL - 2020-11-11 12:15:54 --> count(): Parameter must be an array or an object that implements Countable
#0 [internal function]: CodeIgniter\Debug\Exceptions->errorHandler(2, 'count(): Parame...', 'E:\\exam\\app\\Con...', 35, Array)
#1 E:\exam\app\Controllers\admin\ExamCreator.php(35): count(NULL)
#2 E:\exam\vendor\codeigniter4\framework\system\CodeIgniter.php(918): App\Controllers\admin\ExamCreator->addExam()
#3 E:\exam\vendor\codeigniter4\framework\system\CodeIgniter.php(404): CodeIgniter\CodeIgniter->runController(Object(App\Controllers\admin\ExamCreator))
#4 E:\exam\vendor\codeigniter4\framework\system\CodeIgniter.php(312): CodeIgniter\CodeIgniter->handleRequest(NULL, Object(Config\Cache), false)
#5 E:\exam\public\index.php(45): CodeIgniter\CodeIgniter->run()
#6 E:\exam\vendor\codeigniter4\framework\system\Commands\Server\rewrite.php(34): require_once('E:\\exam\\public\\...')
#7 {main}
CRITICAL - 2020-11-11 12:47:36 --> count(): Parameter must be an array or an object that implements Countable
#0 [internal function]: CodeIgniter\Debug\Exceptions->errorHandler(2, 'count(): Parame...', 'E:\\exam\\app\\Con...', 35, Array)
#1 E:\exam\app\Controllers\admin\ExamCreator.php(35): count(NULL)
#2 E:\exam\vendor\codeigniter4\framework\system\CodeIgniter.php(918): App\Controllers\admin\ExamCreator->addExam()
#3 E:\exam\vendor\codeigniter4\framework\system\CodeIgniter.php(404): CodeIgniter\CodeIgniter->runController(Object(App\Controllers\admin\ExamCreator))
#4 E:\exam\vendor\codeigniter4\framework\system\CodeIgniter.php(312): CodeIgniter\CodeIgniter->handleRequest(NULL, Object(Config\Cache), false)
#5 E:\exam\public\index.php(45): CodeIgniter\CodeIgniter->run()
#6 E:\exam\vendor\codeigniter4\framework\system\Commands\Server\rewrite.php(34): require_once('E:\\exam\\public\\...')
#7 {main}
CRITICAL - 2020-11-11 12:52:19 --> count(): Parameter must be an array or an object that implements Countable
#0 [internal function]: CodeIgniter\Debug\Exceptions->errorHandler(2, 'count(): Parame...', 'E:\\exam\\app\\Con...', 35, Array)
#1 E:\exam\app\Controllers\admin\ExamCreator.php(35): count(NULL)
#2 E:\exam\vendor\codeigniter4\framework\system\CodeIgniter.php(918): App\Controllers\admin\ExamCreator->addExam()
#3 E:\exam\vendor\codeigniter4\framework\system\CodeIgniter.php(404): CodeIgniter\CodeIgniter->runController(Object(App\Controllers\admin\ExamCreator))
#4 E:\exam\vendor\codeigniter4\framework\system\CodeIgniter.php(312): CodeIgniter\CodeIgniter->handleRequest(NULL, Object(Config\Cache), false)
#5 E:\exam\public\index.php(45): CodeIgniter\CodeIgniter->run()
#6 E:\exam\vendor\codeigniter4\framework\system\Commands\Server\rewrite.php(34): require_once('E:\\exam\\public\\...')
#7 {main}
CRITICAL - 2020-11-11 12:52:19 --> count(): Parameter must be an array or an object that implements Countable
#0 [internal function]: CodeIgniter\Debug\Exceptions->errorHandler(2, 'count(): Parame...', 'E:\\exam\\app\\Con...', 35, Array)
#1 E:\exam\app\Controllers\admin\ExamCreator.php(35): count(NULL)
#2 E:\exam\vendor\codeigniter4\framework\system\CodeIgniter.php(918): App\Controllers\admin\ExamCreator->addExam()
#3 E:\exam\vendor\codeigniter4\framework\system\CodeIgniter.php(404): CodeIgniter\CodeIgniter->runController(Object(App\Controllers\admin\ExamCreator))
#4 E:\exam\vendor\codeigniter4\framework\system\CodeIgniter.php(312): CodeIgniter\CodeIgniter->handleRequest(NULL, Object(Config\Cache), false)
#5 E:\exam\public\index.php(45): CodeIgniter\CodeIgniter->run()
#6 E:\exam\vendor\codeigniter4\framework\system\Commands\Server\rewrite.php(34): require_once('E:\\exam\\public\\...')
#7 {main}
CRITICAL - 2020-11-11 12:52:20 --> count(): Parameter must be an array or an object that implements Countable
#0 [internal function]: CodeIgniter\Debug\Exceptions->errorHandler(2, 'count(): Parame...', 'E:\\exam\\app\\Con...', 35, Array)
#1 E:\exam\app\Controllers\admin\ExamCreator.php(35): count(NULL)
#2 E:\exam\vendor\codeigniter4\framework\system\CodeIgniter.php(918): App\Controllers\admin\ExamCreator->addExam()
#3 E:\exam\vendor\codeigniter4\framework\system\CodeIgniter.php(404): CodeIgniter\CodeIgniter->runController(Object(App\Controllers\admin\ExamCreator))
#4 E:\exam\vendor\codeigniter4\framework\system\CodeIgniter.php(312): CodeIgniter\CodeIgniter->handleRequest(NULL, Object(Config\Cache), false)
#5 E:\exam\public\index.php(45): CodeIgniter\CodeIgniter->run()
#6 E:\exam\vendor\codeigniter4\framework\system\Commands\Server\rewrite.php(34): require_once('E:\\exam\\public\\...')
#7 {main}
CRITICAL - 2020-11-11 12:52:20 --> count(): Parameter must be an array or an object that implements Countable
#0 [internal function]: CodeIgniter\Debug\Exceptions->errorHandler(2, 'count(): Parame...', 'E:\\exam\\app\\Con...', 35, Array)
#1 E:\exam\app\Controllers\admin\ExamCreator.php(35): count(NULL)
#2 E:\exam\vendor\codeigniter4\framework\system\CodeIgniter.php(918): App\Controllers\admin\ExamCreator->addExam()
#3 E:\exam\vendor\codeigniter4\framework\system\CodeIgniter.php(404): CodeIgniter\CodeIgniter->runController(Object(App\Controllers\admin\ExamCreator))
#4 E:\exam\vendor\codeigniter4\framework\system\CodeIgniter.php(312): CodeIgniter\CodeIgniter->handleRequest(NULL, Object(Config\Cache), false)
#5 E:\exam\public\index.php(45): CodeIgniter\CodeIgniter->run()
#6 E:\exam\vendor\codeigniter4\framework\system\Commands\Server\rewrite.php(34): require_once('E:\\exam\\public\\...')
#7 {main}
CRITICAL - 2020-11-11 12:52:20 --> count(): Parameter must be an array or an object that implements Countable
#0 [internal function]: CodeIgniter\Debug\Exceptions->errorHandler(2, 'count(): Parame...', 'E:\\exam\\app\\Con...', 35, Array)
#1 E:\exam\app\Controllers\admin\ExamCreator.php(35): count(NULL)
#2 E:\exam\vendor\codeigniter4\framework\system\CodeIgniter.php(918): App\Controllers\admin\ExamCreator->addExam()
#3 E:\exam\vendor\codeigniter4\framework\system\CodeIgniter.php(404): CodeIgniter\CodeIgniter->runController(Object(App\Controllers\admin\ExamCreator))
#4 E:\exam\vendor\codeigniter4\framework\system\CodeIgniter.php(312): CodeIgniter\CodeIgniter->handleRequest(NULL, Object(Config\Cache), false)
#5 E:\exam\public\index.php(45): CodeIgniter\CodeIgniter->run()
#6 E:\exam\vendor\codeigniter4\framework\system\Commands\Server\rewrite.php(34): require_once('E:\\exam\\public\\...')
#7 {main}
CRITICAL - 2020-11-11 12:52:20 --> count(): Parameter must be an array or an object that implements Countable
#0 [internal function]: CodeIgniter\Debug\Exceptions->errorHandler(2, 'count(): Parame...', 'E:\\exam\\app\\Con...', 35, Array)
#1 E:\exam\app\Controllers\admin\ExamCreator.php(35): count(NULL)
#2 E:\exam\vendor\codeigniter4\framework\system\CodeIgniter.php(918): App\Controllers\admin\ExamCreator->addExam()
#3 E:\exam\vendor\codeigniter4\framework\system\CodeIgniter.php(404): CodeIgniter\CodeIgniter->runController(Object(App\Controllers\admin\ExamCreator))
#4 E:\exam\vendor\codeigniter4\framework\system\CodeIgniter.php(312): CodeIgniter\CodeIgniter->handleRequest(NULL, Object(Config\Cache), false)
#5 E:\exam\public\index.php(45): CodeIgniter\CodeIgniter->run()
#6 E:\exam\vendor\codeigniter4\framework\system\Commands\Server\rewrite.php(34): require_once('E:\\exam\\public\\...')
#7 {main}
CRITICAL - 2020-11-11 12:52:20 --> count(): Parameter must be an array or an object that implements Countable
#0 [internal function]: CodeIgniter\Debug\Exceptions->errorHandler(2, 'count(): Parame...', 'E:\\exam\\app\\Con...', 35, Array)
#1 E:\exam\app\Controllers\admin\ExamCreator.php(35): count(NULL)
#2 E:\exam\vendor\codeigniter4\framework\system\CodeIgniter.php(918): App\Controllers\admin\ExamCreator->addExam()
#3 E:\exam\vendor\codeigniter4\framework\system\CodeIgniter.php(404): CodeIgniter\CodeIgniter->runController(Object(App\Controllers\admin\ExamCreator))
#4 E:\exam\vendor\codeigniter4\framework\system\CodeIgniter.php(312): CodeIgniter\CodeIgniter->handleRequest(NULL, Object(Config\Cache), false)
#5 E:\exam\public\index.php(45): CodeIgniter\CodeIgniter->run()
#6 E:\exam\vendor\codeigniter4\framework\system\Commands\Server\rewrite.php(34): require_once('E:\\exam\\public\\...')
#7 {main}
CRITICAL - 2020-11-11 12:52:21 --> count(): Parameter must be an array or an object that implements Countable
#0 [internal function]: CodeIgniter\Debug\Exceptions->errorHandler(2, 'count(): Parame...', 'E:\\exam\\app\\Con...', 35, Array)
#1 E:\exam\app\Controllers\admin\ExamCreator.php(35): count(NULL)
#2 E:\exam\vendor\codeigniter4\framework\system\CodeIgniter.php(918): App\Controllers\admin\ExamCreator->addExam()
#3 E:\exam\vendor\codeigniter4\framework\system\CodeIgniter.php(404): CodeIgniter\CodeIgniter->runController(Object(App\Controllers\admin\ExamCreator))
#4 E:\exam\vendor\codeigniter4\framework\system\CodeIgniter.php(312): CodeIgniter\CodeIgniter->handleRequest(NULL, Object(Config\Cache), false)
#5 E:\exam\public\index.php(45): CodeIgniter\CodeIgniter->run()
#6 E:\exam\vendor\codeigniter4\framework\system\Commands\Server\rewrite.php(34): require_once('E:\\exam\\public\\...')
#7 {main}
CRITICAL - 2020-11-11 12:52:21 --> count(): Parameter must be an array or an object that implements Countable
#0 [internal function]: CodeIgniter\Debug\Exceptions->errorHandler(2, 'count(): Parame...', 'E:\\exam\\app\\Con...', 35, Array)
#1 E:\exam\app\Controllers\admin\ExamCreator.php(35): count(NULL)
#2 E:\exam\vendor\codeigniter4\framework\system\CodeIgniter.php(918): App\Controllers\admin\ExamCreator->addExam()
#3 E:\exam\vendor\codeigniter4\framework\system\CodeIgniter.php(404): CodeIgniter\CodeIgniter->runController(Object(App\Controllers\admin\ExamCreator))
#4 E:\exam\vendor\codeigniter4\framework\system\CodeIgniter.php(312): CodeIgniter\CodeIgniter->handleRequest(NULL, Object(Config\Cache), false)
#5 E:\exam\public\index.php(45): CodeIgniter\CodeIgniter->run()
#6 E:\exam\vendor\codeigniter4\framework\system\Commands\Server\rewrite.php(34): require_once('E:\\exam\\public\\...')
#7 {main}
CRITICAL - 2020-11-11 12:52:21 --> count(): Parameter must be an array or an object that implements Countable
#0 [internal function]: CodeIgniter\Debug\Exceptions->errorHandler(2, 'count(): Parame...', 'E:\\exam\\app\\Con...', 35, Array)
#1 E:\exam\app\Controllers\admin\ExamCreator.php(35): count(NULL)
#2 E:\exam\vendor\codeigniter4\framework\system\CodeIgniter.php(918): App\Controllers\admin\ExamCreator->addExam()
#3 E:\exam\vendor\codeigniter4\framework\system\CodeIgniter.php(404): CodeIgniter\CodeIgniter->runController(Object(App\Controllers\admin\ExamCreator))
#4 E:\exam\vendor\codeigniter4\framework\system\CodeIgniter.php(312): CodeIgniter\CodeIgniter->handleRequest(NULL, Object(Config\Cache), false)
#5 E:\exam\public\index.php(45): CodeIgniter\CodeIgniter->run()
#6 E:\exam\vendor\codeigniter4\framework\system\Commands\Server\rewrite.php(34): require_once('E:\\exam\\public\\...')
#7 {main}
CRITICAL - 2020-11-11 12:52:21 --> count(): Parameter must be an array or an object that implements Countable
#0 [internal function]: CodeIgniter\Debug\Exceptions->errorHandler(2, 'count(): Parame...', 'E:\\exam\\app\\Con...', 35, Array)
#1 E:\exam\app\Controllers\admin\ExamCreator.php(35): count(NULL)
#2 E:\exam\vendor\codeigniter4\framework\system\CodeIgniter.php(918): App\Controllers\admin\ExamCreator->addExam()
#3 E:\exam\vendor\codeigniter4\framework\system\CodeIgniter.php(404): CodeIgniter\CodeIgniter->runController(Object(App\Controllers\admin\ExamCreator))
#4 E:\exam\vendor\codeigniter4\framework\system\CodeIgniter.php(312): CodeIgniter\CodeIgniter->handleRequest(NULL, Object(Config\Cache), false)
#5 E:\exam\public\index.php(45): CodeIgniter\CodeIgniter->run()
#6 E:\exam\vendor\codeigniter4\framework\system\Commands\Server\rewrite.php(34): require_once('E:\\exam\\public\\...')
#7 {main}
CRITICAL - 2020-11-11 12:52:21 --> count(): Parameter must be an array or an object that implements Countable
#0 [internal function]: CodeIgniter\Debug\Exceptions->errorHandler(2, 'count(): Parame...', 'E:\\exam\\app\\Con...', 35, Array)
#1 E:\exam\app\Controllers\admin\ExamCreator.php(35): count(NULL)
#2 E:\exam\vendor\codeigniter4\framework\system\CodeIgniter.php(918): App\Controllers\admin\ExamCreator->addExam()
#3 E:\exam\vendor\codeigniter4\framework\system\CodeIgniter.php(404): CodeIgniter\CodeIgniter->runController(Object(App\Controllers\admin\ExamCreator))
#4 E:\exam\vendor\codeigniter4\framework\system\CodeIgniter.php(312): CodeIgniter\CodeIgniter->handleRequest(NULL, Object(Config\Cache), false)
#5 E:\exam\public\index.php(45): CodeIgniter\CodeIgniter->run()
#6 E:\exam\vendor\codeigniter4\framework\system\Commands\Server\rewrite.php(34): require_once('E:\\exam\\public\\...')
#7 {main}
CRITICAL - 2020-11-11 12:52:21 --> count(): Parameter must be an array or an object that implements Countable
#0 [internal function]: CodeIgniter\Debug\Exceptions->errorHandler(2, 'count(): Parame...', 'E:\\exam\\app\\Con...', 35, Array)
#1 E:\exam\app\Controllers\admin\ExamCreator.php(35): count(NULL)
#2 E:\exam\vendor\codeigniter4\framework\system\CodeIgniter.php(918): App\Controllers\admin\ExamCreator->addExam()
#3 E:\exam\vendor\codeigniter4\framework\system\CodeIgniter.php(404): CodeIgniter\CodeIgniter->runController(Object(App\Controllers\admin\ExamCreator))
#4 E:\exam\vendor\codeigniter4\framework\system\CodeIgniter.php(312): CodeIgniter\CodeIgniter->handleRequest(NULL, Object(Config\Cache), false)
#5 E:\exam\public\index.php(45): CodeIgniter\CodeIgniter->run()
#6 E:\exam\vendor\codeigniter4\framework\system\Commands\Server\rewrite.php(34): require_once('E:\\exam\\public\\...')
#7 {main}
CRITICAL - 2020-11-11 12:53:07 --> Undefined offset: 0
#0 E:\exam\app\Views\content\exam\viewExam.php(19): CodeIgniter\Debug\Exceptions->errorHandler(8, 'Undefined offse...', 'E:\\exam\\app\\Vie...', 19, Array)
#1 E:\exam\vendor\codeigniter4\framework\system\View\View.php(246): include('E:\\exam\\app\\Vie...')
#2 E:\exam\vendor\codeigniter4\framework\system\Common.php(1119): CodeIgniter\View\View->render('content/exam/vi...', Array, true)
#3 E:\exam\app\Controllers\BaseController.php(72): view('content/exam/vi...', Array)
#4 E:\exam\app\Controllers\admin\ExamCreator.php(59): App\Controllers\BaseController->loadLayout('content/exam/vi...', Array)
#5 E:\exam\vendor\codeigniter4\framework\system\CodeIgniter.php(918): App\Controllers\admin\ExamCreator->viewThisExam('90')
#6 E:\exam\vendor\codeigniter4\framework\system\CodeIgniter.php(404): CodeIgniter\CodeIgniter->runController(Object(App\Controllers\admin\ExamCreator))
#7 E:\exam\vendor\codeigniter4\framework\system\CodeIgniter.php(312): CodeIgniter\CodeIgniter->handleRequest(NULL, Object(Config\Cache), false)
#8 E:\exam\public\index.php(45): CodeIgniter\CodeIgniter->run()
#9 E:\exam\vendor\codeigniter4\framework\system\Commands\Server\rewrite.php(34): require_once('E:\\exam\\public\\...')
#10 {main}
CRITICAL - 2020-11-11 12:55:00 --> count(): Parameter must be an array or an object that implements Countable
#0 [internal function]: CodeIgniter\Debug\Exceptions->errorHandler(2, 'count(): Parame...', 'E:\\exam\\app\\Con...', 35, Array)
#1 E:\exam\app\Controllers\admin\ExamCreator.php(35): count(NULL)
#2 E:\exam\vendor\codeigniter4\framework\system\CodeIgniter.php(918): App\Controllers\admin\ExamCreator->addExam()
#3 E:\exam\vendor\codeigniter4\framework\system\CodeIgniter.php(404): CodeIgniter\CodeIgniter->runController(Object(App\Controllers\admin\ExamCreator))
#4 E:\exam\vendor\codeigniter4\framework\system\CodeIgniter.php(312): CodeIgniter\CodeIgniter->handleRequest(NULL, Object(Config\Cache), false)
#5 E:\exam\public\index.php(45): CodeIgniter\CodeIgniter->run()
#6 E:\exam\vendor\codeigniter4\framework\system\Commands\Server\rewrite.php(34): require_once('E:\\exam\\public\\...')
#7 {main}
CRITICAL - 2020-11-11 12:55:00 --> count(): Parameter must be an array or an object that implements Countable
#0 [internal function]: CodeIgniter\Debug\Exceptions->errorHandler(2, 'count(): Parame...', 'E:\\exam\\app\\Con...', 35, Array)
#1 E:\exam\app\Controllers\admin\ExamCreator.php(35): count(NULL)
#2 E:\exam\vendor\codeigniter4\framework\system\CodeIgniter.php(918): App\Controllers\admin\ExamCreator->addExam()
#3 E:\exam\vendor\codeigniter4\framework\system\CodeIgniter.php(404): CodeIgniter\CodeIgniter->runController(Object(App\Controllers\admin\ExamCreator))
#4 E:\exam\vendor\codeigniter4\framework\system\CodeIgniter.php(312): CodeIgniter\CodeIgniter->handleRequest(NULL, Object(Config\Cache), false)
#5 E:\exam\public\index.php(45): CodeIgniter\CodeIgniter->run()
#6 E:\exam\vendor\codeigniter4\framework\system\Commands\Server\rewrite.php(34): require_once('E:\\exam\\public\\...')
#7 {main}
CRITICAL - 2020-11-11 12:55:01 --> count(): Parameter must be an array or an object that implements Countable
#0 [internal function]: CodeIgniter\Debug\Exceptions->errorHandler(2, 'count(): Parame...', 'E:\\exam\\app\\Con...', 35, Array)
#1 E:\exam\app\Controllers\admin\ExamCreator.php(35): count(NULL)
#2 E:\exam\vendor\codeigniter4\framework\system\CodeIgniter.php(918): App\Controllers\admin\ExamCreator->addExam()
#3 E:\exam\vendor\codeigniter4\framework\system\CodeIgniter.php(404): CodeIgniter\CodeIgniter->runController(Object(App\Controllers\admin\ExamCreator))
#4 E:\exam\vendor\codeigniter4\framework\system\CodeIgniter.php(312): CodeIgniter\CodeIgniter->handleRequest(NULL, Object(Config\Cache), false)
#5 E:\exam\public\index.php(45): CodeIgniter\CodeIgniter->run()
#6 E:\exam\vendor\codeigniter4\framework\system\Commands\Server\rewrite.php(34): require_once('E:\\exam\\public\\...')
#7 {main}
CRITICAL - 2020-11-11 12:55:01 --> count(): Parameter must be an array or an object that implements Countable
#0 [internal function]: CodeIgniter\Debug\Exceptions->errorHandler(2, 'count(): Parame...', 'E:\\exam\\app\\Con...', 35, Array)
#1 E:\exam\app\Controllers\admin\ExamCreator.php(35): count(NULL)
#2 E:\exam\vendor\codeigniter4\framework\system\CodeIgniter.php(918): App\Controllers\admin\ExamCreator->addExam()
#3 E:\exam\vendor\codeigniter4\framework\system\CodeIgniter.php(404): CodeIgniter\CodeIgniter->runController(Object(App\Controllers\admin\ExamCreator))
#4 E:\exam\vendor\codeigniter4\framework\system\CodeIgniter.php(312): CodeIgniter\CodeIgniter->handleRequest(NULL, Object(Config\Cache), false)
#5 E:\exam\public\index.php(45): CodeIgniter\CodeIgniter->run()
#6 E:\exam\vendor\codeigniter4\framework\system\Commands\Server\rewrite.php(34): require_once('E:\\exam\\public\\...')
#7 {main}
CRITICAL - 2020-11-11 20:59:50 --> count(): Parameter must be an array or an object that implements Countable
#0 [internal function]: CodeIgniter\Debug\Exceptions->errorHandler(2, 'count(): Parame...', 'E:\\exam\\app\\Con...', 35, Array)
#1 E:\exam\app\Controllers\admin\ExamCreator.php(35): count(NULL)
#2 E:\exam\vendor\codeigniter4\framework\system\CodeIgniter.php(918): App\Controllers\admin\ExamCreator->addExam()
#3 E:\exam\vendor\codeigniter4\framework\system\CodeIgniter.php(404): CodeIgniter\CodeIgniter->runController(Object(App\Controllers\admin\ExamCreator))
#4 E:\exam\vendor\codeigniter4\framework\system\CodeIgniter.php(312): CodeIgniter\CodeIgniter->handleRequest(NULL, Object(Config\Cache), false)
#5 E:\exam\public\index.php(45): CodeIgniter\CodeIgniter->run()
#6 E:\exam\vendor\codeigniter4\framework\system\Commands\Server\rewrite.php(34): require_once('E:\\exam\\public\\...')
#7 {main}
CRITICAL - 2020-11-11 21:02:40 --> count(): Parameter must be an array or an object that implements Countable
#0 [internal function]: CodeIgniter\Debug\Exceptions->errorHandler(2, 'count(): Parame...', 'E:\\exam\\app\\Con...', 35, Array)
#1 E:\exam\app\Controllers\admin\ExamCreator.php(35): count(NULL)
#2 E:\exam\vendor\codeigniter4\framework\system\CodeIgniter.php(918): App\Controllers\admin\ExamCreator->addExam()
#3 E:\exam\vendor\codeigniter4\framework\system\CodeIgniter.php(404): CodeIgniter\CodeIgniter->runController(Object(App\Controllers\admin\ExamCreator))
#4 E:\exam\vendor\codeigniter4\framework\system\CodeIgniter.php(312): CodeIgniter\CodeIgniter->handleRequest(NULL, Object(Config\Cache), false)
#5 E:\exam\public\index.php(45): CodeIgniter\CodeIgniter->run()
#6 E:\exam\vendor\codeigniter4\framework\system\Commands\Server\rewrite.php(34): require_once('E:\\exam\\public\\...')
#7 {main}
CRITICAL - 2020-11-11 21:02:40 --> count(): Parameter must be an array or an object that implements Countable
#0 [internal function]: CodeIgniter\Debug\Exceptions->errorHandler(2, 'count(): Parame...', 'E:\\exam\\app\\Con...', 35, Array)
#1 E:\exam\app\Controllers\admin\ExamCreator.php(35): count(NULL)
#2 E:\exam\vendor\codeigniter4\framework\system\CodeIgniter.php(918): App\Controllers\admin\ExamCreator->addExam()
#3 E:\exam\vendor\codeigniter4\framework\system\CodeIgniter.php(404): CodeIgniter\CodeIgniter->runController(Object(App\Controllers\admin\ExamCreator))
#4 E:\exam\vendor\codeigniter4\framework\system\CodeIgniter.php(312): CodeIgniter\CodeIgniter->handleRequest(NULL, Object(Config\Cache), false)
#5 E:\exam\public\index.php(45): CodeIgniter\CodeIgniter->run()
#6 E:\exam\vendor\codeigniter4\framework\system\Commands\Server\rewrite.php(34): require_once('E:\\exam\\public\\...')
#7 {main}
CRITICAL - 2020-11-11 21:02:40 --> count(): Parameter must be an array or an object that implements Countable
#0 [internal function]: CodeIgniter\Debug\Exceptions->errorHandler(2, 'count(): Parame...', 'E:\\exam\\app\\Con...', 35, Array)
#1 E:\exam\app\Controllers\admin\ExamCreator.php(35): count(NULL)
#2 E:\exam\vendor\codeigniter4\framework\system\CodeIgniter.php(918): App\Controllers\admin\ExamCreator->addExam()
#3 E:\exam\vendor\codeigniter4\framework\system\CodeIgniter.php(404): CodeIgniter\CodeIgniter->runController(Object(App\Controllers\admin\ExamCreator))
#4 E:\exam\vendor\codeigniter4\framework\system\CodeIgniter.php(312): CodeIgniter\CodeIgniter->handleRequest(NULL, Object(Config\Cache), false)
#5 E:\exam\public\index.php(45): CodeIgniter\CodeIgniter->run()
#6 E:\exam\vendor\codeigniter4\framework\system\Commands\Server\rewrite.php(34): require_once('E:\\exam\\public\\...')
#7 {main}
CRITICAL - 2020-11-11 21:02:40 --> count(): Parameter must be an array or an object that implements Countable
#0 [internal function]: CodeIgniter\Debug\Exceptions->errorHandler(2, 'count(): Parame...', 'E:\\exam\\app\\Con...', 35, Array)
#1 E:\exam\app\Controllers\admin\ExamCreator.php(35): count(NULL)
#2 E:\exam\vendor\codeigniter4\framework\system\CodeIgniter.php(918): App\Controllers\admin\ExamCreator->addExam()
#3 E:\exam\vendor\codeigniter4\framework\system\CodeIgniter.php(404): CodeIgniter\CodeIgniter->runController(Object(App\Controllers\admin\ExamCreator))
#4 E:\exam\vendor\codeigniter4\framework\system\CodeIgniter.php(312): CodeIgniter\CodeIgniter->handleRequest(NULL, Object(Config\Cache), false)
#5 E:\exam\public\index.php(45): CodeIgniter\CodeIgniter->run()
#6 E:\exam\vendor\codeigniter4\framework\system\Commands\Server\rewrite.php(34): require_once('E:\\exam\\public\\...')
#7 {main}
CRITICAL - 2020-11-11 21:02:50 --> count(): Parameter must be an array or an object that implements Countable
#0 [internal function]: CodeIgniter\Debug\Exceptions->errorHandler(2, 'count(): Parame...', 'E:\\exam\\app\\Con...', 35, Array)
#1 E:\exam\app\Controllers\admin\ExamCreator.php(35): count(NULL)
#2 E:\exam\vendor\codeigniter4\framework\system\CodeIgniter.php(918): App\Controllers\admin\ExamCreator->addExam()
#3 E:\exam\vendor\codeigniter4\framework\system\CodeIgniter.php(404): CodeIgniter\CodeIgniter->runController(Object(App\Controllers\admin\ExamCreator))
#4 E:\exam\vendor\codeigniter4\framework\system\CodeIgniter.php(312): CodeIgniter\CodeIgniter->handleRequest(NULL, Object(Config\Cache), false)
#5 E:\exam\public\index.php(45): CodeIgniter\CodeIgniter->run()
#6 E:\exam\vendor\codeigniter4\framework\system\Commands\Server\rewrite.php(34): require_once('E:\\exam\\public\\...')
#7 {main}
CRITICAL - 2020-11-11 21:05:10 --> count(): Parameter must be an array or an object that implements Countable
#0 [internal function]: CodeIgniter\Debug\Exceptions->errorHandler(2, 'count(): Parame...', 'E:\\exam\\app\\Con...', 35, Array)
#1 E:\exam\app\Controllers\admin\ExamCreator.php(35): count(NULL)
#2 E:\exam\vendor\codeigniter4\framework\system\CodeIgniter.php(918): App\Controllers\admin\ExamCreator->addExam()
#3 E:\exam\vendor\codeigniter4\framework\system\CodeIgniter.php(404): CodeIgniter\CodeIgniter->runController(Object(App\Controllers\admin\ExamCreator))
#4 E:\exam\vendor\codeigniter4\framework\system\CodeIgniter.php(312): CodeIgniter\CodeIgniter->handleRequest(NULL, Object(Config\Cache), false)
#5 E:\exam\public\index.php(45): CodeIgniter\CodeIgniter->run()
#6 E:\exam\vendor\codeigniter4\framework\system\Commands\Server\rewrite.php(34): require_once('E:\\exam\\public\\...')
#7 {main}
CRITICAL - 2020-11-11 21:06:05 --> count(): Parameter must be an array or an object that implements Countable
#0 [internal function]: CodeIgniter\Debug\Exceptions->errorHandler(2, 'count(): Parame...', 'E:\\exam\\app\\Con...', 35, Array)
#1 E:\exam\app\Controllers\admin\ExamCreator.php(35): count(NULL)
#2 E:\exam\vendor\codeigniter4\framework\system\CodeIgniter.php(918): App\Controllers\admin\ExamCreator->addExam()
#3 E:\exam\vendor\codeigniter4\framework\system\CodeIgniter.php(404): CodeIgniter\CodeIgniter->runController(Object(App\Controllers\admin\ExamCreator))
#4 E:\exam\vendor\codeigniter4\framework\system\CodeIgniter.php(312): CodeIgniter\CodeIgniter->handleRequest(NULL, Object(Config\Cache), false)
#5 E:\exam\public\index.php(45): CodeIgniter\CodeIgniter->run()
#6 E:\exam\vendor\codeigniter4\framework\system\Commands\Server\rewrite.php(34): require_once('E:\\exam\\public\\...')
#7 {main}
CRITICAL - 2020-11-11 21:06:16 --> count(): Parameter must be an array or an object that implements Countable
#0 [internal function]: CodeIgniter\Debug\Exceptions->errorHandler(2, 'count(): Parame...', 'E:\\exam\\app\\Con...', 35, Array)
#1 E:\exam\app\Controllers\admin\ExamCreator.php(35): count(NULL)
#2 E:\exam\vendor\codeigniter4\framework\system\CodeIgniter.php(918): App\Controllers\admin\ExamCreator->addExam()
#3 E:\exam\vendor\codeigniter4\framework\system\CodeIgniter.php(404): CodeIgniter\CodeIgniter->runController(Object(App\Controllers\admin\ExamCreator))
#4 E:\exam\vendor\codeigniter4\framework\system\CodeIgniter.php(312): CodeIgniter\CodeIgniter->handleRequest(NULL, Object(Config\Cache), false)
#5 E:\exam\public\index.php(45): CodeIgniter\CodeIgniter->run()
#6 E:\exam\vendor\codeigniter4\framework\system\Commands\Server\rewrite.php(34): require_once('E:\\exam\\public\\...')
#7 {main}
CRITICAL - 2020-11-11 21:20:16 --> Undefined offset: 1
#0 E:\exam\app\Controllers\admin\ExamCreator.php(38): CodeIgniter\Debug\Exceptions->errorHandler(8, 'Undefined offse...', 'E:\\exam\\app\\Con...', 38, Array)
#1 E:\exam\vendor\codeigniter4\framework\system\CodeIgniter.php(918): App\Controllers\admin\ExamCreator->addExam()
#2 E:\exam\vendor\codeigniter4\framework\system\CodeIgniter.php(404): CodeIgniter\CodeIgniter->runController(Object(App\Controllers\admin\ExamCreator))
#3 E:\exam\vendor\codeigniter4\framework\system\CodeIgniter.php(312): CodeIgniter\CodeIgniter->handleRequest(NULL, Object(Config\Cache), false)
#4 E:\exam\public\index.php(45): CodeIgniter\CodeIgniter->run()
#5 E:\exam\vendor\codeigniter4\framework\system\Commands\Server\rewrite.php(34): require_once('E:\\exam\\public\\...')
#6 {main}
CRITICAL - 2020-11-11 21:22:23 --> Undefined offset: 0
#0 E:\exam\app\Views\content\exam\editexam.php(19): CodeIgniter\Debug\Exceptions->errorHandler(8, 'Undefined offse...', 'E:\\exam\\app\\Vie...', 19, Array)
#1 E:\exam\vendor\codeigniter4\framework\system\View\View.php(246): include('E:\\exam\\app\\Vie...')
#2 E:\exam\vendor\codeigniter4\framework\system\Common.php(1119): CodeIgniter\View\View->render('content/exam/ed...', Array, true)
#3 E:\exam\app\Controllers\BaseController.php(72): view('content/exam/ed...', Array)
#4 E:\exam\app\Controllers\admin\ExamCreator.php(118): App\Controllers\BaseController->loadLayout('content/exam/ed...', Array)
#5 E:\exam\vendor\codeigniter4\framework\system\CodeIgniter.php(918): App\Controllers\admin\ExamCreator->editThisExam('117')
#6 E:\exam\vendor\codeigniter4\framework\system\CodeIgniter.php(404): CodeIgniter\CodeIgniter->runController(Object(App\Controllers\admin\ExamCreator))
#7 E:\exam\vendor\codeigniter4\framework\system\CodeIgniter.php(312): CodeIgniter\CodeIgniter->handleRequest(NULL, Object(Config\Cache), false)
#8 E:\exam\public\index.php(45): CodeIgniter\CodeIgniter->run()
#9 E:\exam\vendor\codeigniter4\framework\system\Commands\Server\rewrite.php(34): require_once('E:\\exam\\public\\...')
#10 {main}
CRITICAL - 2020-11-11 21:34:53 --> Column 'answer' cannot be null
#0 E:\exam\vendor\codeigniter4\framework\system\Database\MySQLi\Connection.php(331): mysqli->query('INSERT INTO `qu...')
#1 E:\exam\vendor\codeigniter4\framework\system\Database\BaseConnection.php(741): CodeIgniter\Database\MySQLi\Connection->execute('INSERT INTO `qu...')
#2 E:\exam\vendor\codeigniter4\framework\system\Database\BaseConnection.php(669): CodeIgniter\Database\BaseConnection->simpleQuery('INSERT INTO `qu...')
#3 E:\exam\vendor\codeigniter4\framework\system\Database\BaseBuilder.php(2249): CodeIgniter\Database\BaseConnection->query('INSERT INTO `qu...', Array, false)
#4 E:\exam\app\Models\CoreModel.php(56): CodeIgniter\Database\BaseBuilder->insert(Array)
#5 E:\exam\app\Controllers\admin\ExamCreator.php(43): App\Models\CoreModel->insertData(Array, 'question')
#6 E:\exam\vendor\codeigniter4\framework\system\CodeIgniter.php(918): App\Controllers\admin\ExamCreator->addExam()
#7 E:\exam\vendor\codeigniter4\framework\system\CodeIgniter.php(404): CodeIgniter\CodeIgniter->runController(Object(App\Controllers\admin\ExamCreator))
#8 E:\exam\vendor\codeigniter4\framework\system\CodeIgniter.php(312): CodeIgniter\CodeIgniter->handleRequest(NULL, Object(Config\Cache), false)
#9 E:\exam\public\index.php(45): CodeIgniter\CodeIgniter->run()
#10 E:\exam\vendor\codeigniter4\framework\system\Commands\Server\rewrite.php(34): require_once('E:\\exam\\public\\...')
#11 {main}
CRITICAL - 2020-11-11 21:38:18 --> Column 'answer' cannot be null
#0 E:\exam\vendor\codeigniter4\framework\system\Database\MySQLi\Connection.php(331): mysqli->query('INSERT INTO `qu...')
#1 E:\exam\vendor\codeigniter4\framework\system\Database\BaseConnection.php(741): CodeIgniter\Database\MySQLi\Connection->execute('INSERT INTO `qu...')
#2 E:\exam\vendor\codeigniter4\framework\system\Database\BaseConnection.php(669): CodeIgniter\Database\BaseConnection->simpleQuery('INSERT INTO `qu...')
#3 E:\exam\vendor\codeigniter4\framework\system\Database\BaseBuilder.php(2249): CodeIgniter\Database\BaseConnection->query('INSERT INTO `qu...', Array, false)
#4 E:\exam\app\Models\CoreModel.php(56): CodeIgniter\Database\BaseBuilder->insert(Array)
#5 E:\exam\app\Controllers\admin\ExamCreator.php(43): App\Models\CoreModel->insertData(Array, 'question')
#6 E:\exam\vendor\codeigniter4\framework\system\CodeIgniter.php(918): App\Controllers\admin\ExamCreator->addExam()
#7 E:\exam\vendor\codeigniter4\framework\system\CodeIgniter.php(404): CodeIgniter\CodeIgniter->runController(Object(App\Controllers\admin\ExamCreator))
#8 E:\exam\vendor\codeigniter4\framework\system\CodeIgniter.php(312): CodeIgniter\CodeIgniter->handleRequest(NULL, Object(Config\Cache), false)
#9 E:\exam\public\index.php(45): CodeIgniter\CodeIgniter->run()
#10 E:\exam\vendor\codeigniter4\framework\system\Commands\Server\rewrite.php(34): require_once('E:\\exam\\public\\...')
#11 {main}
CRITICAL - 2020-11-11 21:39:15 --> Column 'answer' cannot be null
#0 E:\exam\vendor\codeigniter4\framework\system\Database\MySQLi\Connection.php(331): mysqli->query('INSERT INTO `qu...')
#1 E:\exam\vendor\codeigniter4\framework\system\Database\BaseConnection.php(741): CodeIgniter\Database\MySQLi\Connection->execute('INSERT INTO `qu...')
#2 E:\exam\vendor\codeigniter4\framework\system\Database\BaseConnection.php(669): CodeIgniter\Database\BaseConnection->simpleQuery('INSERT INTO `qu...')
#3 E:\exam\vendor\codeigniter4\framework\system\Database\BaseBuilder.php(2249): CodeIgniter\Database\BaseConnection->query('INSERT INTO `qu...', Array, false)
#4 E:\exam\app\Models\CoreModel.php(56): CodeIgniter\Database\BaseBuilder->insert(Array)
#5 E:\exam\app\Controllers\admin\ExamCreator.php(43): App\Models\CoreModel->insertData(Array, 'question')
#6 E:\exam\vendor\codeigniter4\framework\system\CodeIgniter.php(918): App\Controllers\admin\ExamCreator->addExam()
#7 E:\exam\vendor\codeigniter4\framework\system\CodeIgniter.php(404): CodeIgniter\CodeIgniter->runController(Object(App\Controllers\admin\ExamCreator))
#8 E:\exam\vendor\codeigniter4\framework\system\CodeIgniter.php(312): CodeIgniter\CodeIgniter->handleRequest(NULL, Object(Config\Cache), false)
#9 E:\exam\public\index.php(45): CodeIgniter\CodeIgniter->run()
#10 E:\exam\vendor\codeigniter4\framework\system\Commands\Server\rewrite.php(34): require_once('E:\\exam\\public\\...')
#11 {main}
CRITICAL - 2020-11-11 21:43:33 --> Column 'answer' cannot be null
#0 E:\exam\vendor\codeigniter4\framework\system\Database\MySQLi\Connection.php(331): mysqli->query('INSERT INTO `qu...')
#1 E:\exam\vendor\codeigniter4\framework\system\Database\BaseConnection.php(741): CodeIgniter\Database\MySQLi\Connection->execute('INSERT INTO `qu...')
#2 E:\exam\vendor\codeigniter4\framework\system\Database\BaseConnection.php(669): CodeIgniter\Database\BaseConnection->simpleQuery('INSERT INTO `qu...')
#3 E:\exam\vendor\codeigniter4\framework\system\Database\BaseBuilder.php(2249): CodeIgniter\Database\BaseConnection->query('INSERT INTO `qu...', Array, false)
#4 E:\exam\app\Models\CoreModel.php(56): CodeIgniter\Database\BaseBuilder->insert(Array)
#5 E:\exam\app\Controllers\admin\ExamCreator.php(43): App\Models\CoreModel->insertData(Array, 'question')
#6 E:\exam\vendor\codeigniter4\framework\system\CodeIgniter.php(918): App\Controllers\admin\ExamCreator->addExam()
#7 E:\exam\vendor\codeigniter4\framework\system\CodeIgniter.php(404): CodeIgniter\CodeIgniter->runController(Object(App\Controllers\admin\ExamCreator))
#8 E:\exam\vendor\codeigniter4\framework\system\CodeIgniter.php(312): CodeIgniter\CodeIgniter->handleRequest(NULL, Object(Config\Cache), false)
#9 E:\exam\public\index.php(45): CodeIgniter\CodeIgniter->run()
#10 E:\exam\vendor\codeigniter4\framework\system\Commands\Server\rewrite.php(34): require_once('E:\\exam\\public\\...')
#11 {main}
CRITICAL - 2020-11-11 21:44:00 --> Column 'answer' cannot be null
#0 E:\exam\vendor\codeigniter4\framework\system\Database\MySQLi\Connection.php(331): mysqli->query('INSERT INTO `qu...')
#1 E:\exam\vendor\codeigniter4\framework\system\Database\BaseConnection.php(741): CodeIgniter\Database\MySQLi\Connection->execute('INSERT INTO `qu...')
#2 E:\exam\vendor\codeigniter4\framework\system\Database\BaseConnection.php(669): CodeIgniter\Database\BaseConnection->simpleQuery('INSERT INTO `qu...')
#3 E:\exam\vendor\codeigniter4\framework\system\Database\BaseBuilder.php(2249): CodeIgniter\Database\BaseConnection->query('INSERT INTO `qu...', Array, false)
#4 E:\exam\app\Models\CoreModel.php(56): CodeIgniter\Database\BaseBuilder->insert(Array)
#5 E:\exam\app\Controllers\admin\ExamCreator.php(43): App\Models\CoreModel->insertData(Array, 'question')
#6 E:\exam\vendor\codeigniter4\framework\system\CodeIgniter.php(918): App\Controllers\admin\ExamCreator->addExam()
#7 E:\exam\vendor\codeigniter4\framework\system\CodeIgniter.php(404): CodeIgniter\CodeIgniter->runController(Object(App\Controllers\admin\ExamCreator))
#8 E:\exam\vendor\codeigniter4\framework\system\CodeIgniter.php(312): CodeIgniter\CodeIgniter->handleRequest(NULL, Object(Config\Cache), false)
#9 E:\exam\public\index.php(45): CodeIgniter\CodeIgniter->run()
#10 E:\exam\vendor\codeigniter4\framework\system\Commands\Server\rewrite.php(34): require_once('E:\\exam\\public\\...')
#11 {main}
CRITICAL - 2020-11-11 21:44:33 --> Column 'answer' cannot be null
#0 E:\exam\vendor\codeigniter4\framework\system\Database\MySQLi\Connection.php(331): mysqli->query('INSERT INTO `qu...')
#1 E:\exam\vendor\codeigniter4\framework\system\Database\BaseConnection.php(741): CodeIgniter\Database\MySQLi\Connection->execute('INSERT INTO `qu...')
#2 E:\exam\vendor\codeigniter4\framework\system\Database\BaseConnection.php(669): CodeIgniter\Database\BaseConnection->simpleQuery('INSERT INTO `qu...')
#3 E:\exam\vendor\codeigniter4\framework\system\Database\BaseBuilder.php(2249): CodeIgniter\Database\BaseConnection->query('INSERT INTO `qu...', Array, false)
#4 E:\exam\app\Models\CoreModel.php(56): CodeIgniter\Database\BaseBuilder->insert(Array)
#5 E:\exam\app\Controllers\admin\ExamCreator.php(43): App\Models\CoreModel->insertData(Array, 'question')
#6 E:\exam\vendor\codeigniter4\framework\system\CodeIgniter.php(918): App\Controllers\admin\ExamCreator->addExam()
#7 E:\exam\vendor\codeigniter4\framework\system\CodeIgniter.php(404): CodeIgniter\CodeIgniter->runController(Object(App\Controllers\admin\ExamCreator))
#8 E:\exam\vendor\codeigniter4\framework\system\CodeIgniter.php(312): CodeIgniter\CodeIgniter->handleRequest(NULL, Object(Config\Cache), false)
#9 E:\exam\public\index.php(45): CodeIgniter\CodeIgniter->run()
#10 E:\exam\vendor\codeigniter4\framework\system\Commands\Server\rewrite.php(34): require_once('E:\\exam\\public\\...')
#11 {main}
CRITICAL - 2020-11-11 21:45:31 --> Column 'answer' cannot be null
#0 E:\exam\vendor\codeigniter4\framework\system\Database\MySQLi\Connection.php(331): mysqli->query('INSERT INTO `qu...')
#1 E:\exam\vendor\codeigniter4\framework\system\Database\BaseConnection.php(741): CodeIgniter\Database\MySQLi\Connection->execute('INSERT INTO `qu...')
#2 E:\exam\vendor\codeigniter4\framework\system\Database\BaseConnection.php(669): CodeIgniter\Database\BaseConnection->simpleQuery('INSERT INTO `qu...')
#3 E:\exam\vendor\codeigniter4\framework\system\Database\BaseBuilder.php(2249): CodeIgniter\Database\BaseConnection->query('INSERT INTO `qu...', Array, false)
#4 E:\exam\app\Models\CoreModel.php(56): CodeIgniter\Database\BaseBuilder->insert(Array)
#5 E:\exam\app\Controllers\admin\ExamCreator.php(43): App\Models\CoreModel->insertData(Array, 'question')
#6 E:\exam\vendor\codeigniter4\framework\system\CodeIgniter.php(918): App\Controllers\admin\ExamCreator->addExam()
#7 E:\exam\vendor\codeigniter4\framework\system\CodeIgniter.php(404): CodeIgniter\CodeIgniter->runController(Object(App\Controllers\admin\ExamCreator))
#8 E:\exam\vendor\codeigniter4\framework\system\CodeIgniter.php(312): CodeIgniter\CodeIgniter->handleRequest(NULL, Object(Config\Cache), false)
#9 E:\exam\public\index.php(45): CodeIgniter\CodeIgniter->run()
#10 E:\exam\vendor\codeigniter4\framework\system\Commands\Server\rewrite.php(34): require_once('E:\\exam\\public\\...')
#11 {main}
CRITICAL - 2020-11-11 21:45:57 --> Column 'answer' cannot be null
#0 E:\exam\vendor\codeigniter4\framework\system\Database\MySQLi\Connection.php(331): mysqli->query('INSERT INTO `qu...')
#1 E:\exam\vendor\codeigniter4\framework\system\Database\BaseConnection.php(741): CodeIgniter\Database\MySQLi\Connection->execute('INSERT INTO `qu...')
#2 E:\exam\vendor\codeigniter4\framework\system\Database\BaseConnection.php(669): CodeIgniter\Database\BaseConnection->simpleQuery('INSERT INTO `qu...')
#3 E:\exam\vendor\codeigniter4\framework\system\Database\BaseBuilder.php(2249): CodeIgniter\Database\BaseConnection->query('INSERT INTO `qu...', Array, false)
#4 E:\exam\app\Models\CoreModel.php(56): CodeIgniter\Database\BaseBuilder->insert(Array)
#5 E:\exam\app\Controllers\admin\ExamCreator.php(43): App\Models\CoreModel->insertData(Array, 'question')
#6 E:\exam\vendor\codeigniter4\framework\system\CodeIgniter.php(918): App\Controllers\admin\ExamCreator->addExam()
#7 E:\exam\vendor\codeigniter4\framework\system\CodeIgniter.php(404): CodeIgniter\CodeIgniter->runController(Object(App\Controllers\admin\ExamCreator))
#8 E:\exam\vendor\codeigniter4\framework\system\CodeIgniter.php(312): CodeIgniter\CodeIgniter->handleRequest(NULL, Object(Config\Cache), false)
#9 E:\exam\public\index.php(45): CodeIgniter\CodeIgniter->run()
#10 E:\exam\vendor\codeigniter4\framework\system\Commands\Server\rewrite.php(34): require_once('E:\\exam\\public\\...')
#11 {main}
CRITICAL - 2020-11-11 21:46:31 --> Column 'answer' cannot be null
#0 E:\exam\vendor\codeigniter4\framework\system\Database\MySQLi\Connection.php(331): mysqli->query('INSERT INTO `qu...')
#1 E:\exam\vendor\codeigniter4\framework\system\Database\BaseConnection.php(741): CodeIgniter\Database\MySQLi\Connection->execute('INSERT INTO `qu...')
#2 E:\exam\vendor\codeigniter4\framework\system\Database\BaseConnection.php(669): CodeIgniter\Database\BaseConnection->simpleQuery('INSERT INTO `qu...')
#3 E:\exam\vendor\codeigniter4\framework\system\Database\BaseBuilder.php(2249): CodeIgniter\Database\BaseConnection->query('INSERT INTO `qu...', Array, false)
#4 E:\exam\app\Models\CoreModel.php(56): CodeIgniter\Database\BaseBuilder->insert(Array)
#5 E:\exam\app\Controllers\admin\ExamCreator.php(43): App\Models\CoreModel->insertData(Array, 'question')
#6 E:\exam\vendor\codeigniter4\framework\system\CodeIgniter.php(918): App\Controllers\admin\ExamCreator->addExam()
#7 E:\exam\vendor\codeigniter4\framework\system\CodeIgniter.php(404): CodeIgniter\CodeIgniter->runController(Object(App\Controllers\admin\ExamCreator))
#8 E:\exam\vendor\codeigniter4\framework\system\CodeIgniter.php(312): CodeIgniter\CodeIgniter->handleRequest(NULL, Object(Config\Cache), false)
#9 E:\exam\public\index.php(45): CodeIgniter\CodeIgniter->run()
#10 E:\exam\vendor\codeigniter4\framework\system\Commands\Server\rewrite.php(34): require_once('E:\\exam\\public\\...')
#11 {main}
CRITICAL - 2020-11-11 21:50:29 --> Column 'answer' cannot be null
#0 E:\exam\vendor\codeigniter4\framework\system\Database\MySQLi\Connection.php(331): mysqli->query('INSERT INTO `qu...')
#1 E:\exam\vendor\codeigniter4\framework\system\Database\BaseConnection.php(741): CodeIgniter\Database\MySQLi\Connection->execute('INSERT INTO `qu...')
#2 E:\exam\vendor\codeigniter4\framework\system\Database\BaseConnection.php(669): CodeIgniter\Database\BaseConnection->simpleQuery('INSERT INTO `qu...')
#3 E:\exam\vendor\codeigniter4\framework\system\Database\BaseBuilder.php(2249): CodeIgniter\Database\BaseConnection->query('INSERT INTO `qu...', Array, false)
#4 E:\exam\app\Models\CoreModel.php(56): CodeIgniter\Database\BaseBuilder->insert(Array)
#5 E:\exam\app\Controllers\admin\ExamCreator.php(43): App\Models\CoreModel->insertData(Array, 'question')
#6 E:\exam\vendor\codeigniter4\framework\system\CodeIgniter.php(918): App\Controllers\admin\ExamCreator->addExam()
#7 E:\exam\vendor\codeigniter4\framework\system\CodeIgniter.php(404): CodeIgniter\CodeIgniter->runController(Object(App\Controllers\admin\ExamCreator))
#8 E:\exam\vendor\codeigniter4\framework\system\CodeIgniter.php(312): CodeIgniter\CodeIgniter->handleRequest(NULL, Object(Config\Cache), false)
#9 E:\exam\public\index.php(45): CodeIgniter\CodeIgniter->run()
#10 E:\exam\vendor\codeigniter4\framework\system\Commands\Server\rewrite.php(34): require_once('E:\\exam\\public\\...')
#11 {main}
CRITICAL - 2020-11-11 22:03:24 --> Invalid argument supplied for foreach()
#0 E:\exam\app\Views\content\exam\editexam.php(61): CodeIgniter\Debug\Exceptions->errorHandler(2, 'Invalid argumen...', 'E:\\exam\\app\\Vie...', 61, Array)
#1 E:\exam\vendor\codeigniter4\framework\system\View\View.php(246): include('E:\\exam\\app\\Vie...')
#2 E:\exam\vendor\codeigniter4\framework\system\Common.php(1119): CodeIgniter\View\View->render('content/exam/ed...', Array, true)
#3 E:\exam\app\Controllers\BaseController.php(72): view('content/exam/ed...', Array)
#4 E:\exam\app\Controllers\admin\ExamCreator.php(118): App\Controllers\BaseController->loadLayout('content/exam/ed...', Array)
#5 E:\exam\vendor\codeigniter4\framework\system\CodeIgniter.php(918): App\Controllers\admin\ExamCreator->editThisExam('1')
#6 E:\exam\vendor\codeigniter4\framework\system\CodeIgniter.php(404): CodeIgniter\CodeIgniter->runController(Object(App\Controllers\admin\ExamCreator))
#7 E:\exam\vendor\codeigniter4\framework\system\CodeIgniter.php(312): CodeIgniter\CodeIgniter->handleRequest(NULL, Object(Config\Cache), false)
#8 E:\exam\public\index.php(45): CodeIgniter\CodeIgniter->run()
#9 E:\exam\vendor\codeigniter4\framework\system\Commands\Server\rewrite.php(34): require_once('E:\\exam\\public\\...')
#10 {main}
CRITICAL - 2020-11-11 22:04:15 --> Invalid argument supplied for foreach()
#0 E:\exam\app\Views\content\exam\editexam.php(61): CodeIgniter\Debug\Exceptions->errorHandler(2, 'Invalid argumen...', 'E:\\exam\\app\\Vie...', 61, Array)
#1 E:\exam\vendor\codeigniter4\framework\system\View\View.php(246): include('E:\\exam\\app\\Vie...')
#2 E:\exam\vendor\codeigniter4\framework\system\Common.php(1119): CodeIgniter\View\View->render('content/exam/ed...', Array, true)
#3 E:\exam\app\Controllers\BaseController.php(72): view('content/exam/ed...', Array)
#4 E:\exam\app\Controllers\admin\ExamCreator.php(118): App\Controllers\BaseController->loadLayout('content/exam/ed...', Array)
#5 E:\exam\vendor\codeigniter4\framework\system\CodeIgniter.php(918): App\Controllers\admin\ExamCreator->editThisExam('1')
#6 E:\exam\vendor\codeigniter4\framework\system\CodeIgniter.php(404): CodeIgniter\CodeIgniter->runController(Object(App\Controllers\admin\ExamCreator))
#7 E:\exam\vendor\codeigniter4\framework\system\CodeIgniter.php(312): CodeIgniter\CodeIgniter->handleRequest(NULL, Object(Config\Cache), false)
#8 E:\exam\public\index.php(45): CodeIgniter\CodeIgniter->run()
#9 E:\exam\vendor\codeigniter4\framework\system\Commands\Server\rewrite.php(34): require_once('E:\\exam\\public\\...')
#10 {main}
CRITICAL - 2020-11-11 22:06:11 --> Undefined offset: 1
#0 E:\exam\app\Controllers\admin\ExamCreator.php(96): CodeIgniter\Debug\Exceptions->errorHandler(8, 'Undefined offse...', 'E:\\exam\\app\\Con...', 96, Array)
#1 E:\exam\vendor\codeigniter4\framework\system\CodeIgniter.php(918): App\Controllers\admin\ExamCreator->updateExam()
#2 E:\exam\vendor\codeigniter4\framework\system\CodeIgniter.php(404): CodeIgniter\CodeIgniter->runController(Object(App\Controllers\admin\ExamCreator))
#3 E:\exam\vendor\codeigniter4\framework\system\CodeIgniter.php(312): CodeIgniter\CodeIgniter->handleRequest(NULL, Object(Config\Cache), false)
#4 E:\exam\public\index.php(45): CodeIgniter\CodeIgniter->run()
#5 E:\exam\vendor\codeigniter4\framework\system\Commands\Server\rewrite.php(34): require_once('E:\\exam\\public\\...')
#6 {main}
