CRITICAL - 2020-10-23 00:17:58 --> Undefined variable: lastid
#0 E:\janu.codingfork\app\Controllers\demo3\ExamCreator.php(77): CodeIgniter\Debug\Exceptions->errorHandler(8, 'Undefined varia...', 'E:\\janu.codingf...', 77, Array)
#1 E:\janu.codingfork\vendor\codeigniter4\framework\system\CodeIgniter.php(918): App\Controllers\demo3\ExamCreator->updateExam()
#2 E:\janu.codingfork\vendor\codeigniter4\framework\system\CodeIgniter.php(404): CodeIgniter\CodeIgniter->runController(Object(App\Controllers\demo3\ExamCreator))
#3 E:\janu.codingfork\vendor\codeigniter4\framework\system\CodeIgniter.php(312): CodeIgniter\CodeIgniter->handleRequest(NULL, Object(Config\Cache), false)
#4 E:\janu.codingfork\public\index.php(45): CodeIgniter\CodeIgniter->run()
#5 E:\janu.codingfork\vendor\codeigniter4\framework\system\Commands\Server\rewrite.php(34): require_once('E:\\janu.codingf...')
#6 {main}
CRITICAL - 2020-10-23 00:18:00 --> Undefined variable: lastid
#0 E:\janu.codingfork\app\Controllers\demo3\ExamCreator.php(77): CodeIgniter\Debug\Exceptions->errorHandler(8, 'Undefined varia...', 'E:\\janu.codingf...', 77, Array)
#1 E:\janu.codingfork\vendor\codeigniter4\framework\system\CodeIgniter.php(918): App\Controllers\demo3\ExamCreator->updateExam()
#2 E:\janu.codingfork\vendor\codeigniter4\framework\system\CodeIgniter.php(404): CodeIgniter\CodeIgniter->runController(Object(App\Controllers\demo3\ExamCreator))
#3 E:\janu.codingfork\vendor\codeigniter4\framework\system\CodeIgniter.php(312): CodeIgniter\CodeIgniter->handleRequest(NULL, Object(Config\Cache), false)
#4 E:\janu.codingfork\public\index.php(45): CodeIgniter\CodeIgniter->run()
#5 E:\janu.codingfork\vendor\codeigniter4\framework\system\Commands\Server\rewrite.php(34): require_once('E:\\janu.codingf...')
#6 {main}
CRITICAL - 2020-10-23 00:18:18 --> You have an error in your SQL syntax; check the manual that corresponds to your MariaDB server version for the right syntax to use near '5 (`answer`, `choices`, `question`) VALUES ('B', '\"b\"', 'q1')' at line 1
#0 E:\janu.codingfork\vendor\codeigniter4\framework\system\Database\MySQLi\Connection.php(331): mysqli->query('INSERT INTO 5 (...')
#1 E:\janu.codingfork\vendor\codeigniter4\framework\system\Database\BaseConnection.php(741): CodeIgniter\Database\MySQLi\Connection->execute('INSERT INTO 5 (...')
#2 E:\janu.codingfork\vendor\codeigniter4\framework\system\Database\BaseConnection.php(669): CodeIgniter\Database\BaseConnection->simpleQuery('INSERT INTO 5 (...')
#3 E:\janu.codingfork\vendor\codeigniter4\framework\system\Database\BaseBuilder.php(2249): CodeIgniter\Database\BaseConnection->query('INSERT INTO 5 (...', Array, false)
#4 E:\janu.codingfork\app\Models\CoreModel.php(55): CodeIgniter\Database\BaseBuilder->insert(Array)
#5 E:\janu.codingfork\app\Controllers\demo3\ExamCreator.php(81): App\Models\CoreModel->insertData(Array, Array, 'question')
#6 E:\janu.codingfork\vendor\codeigniter4\framework\system\CodeIgniter.php(918): App\Controllers\demo3\ExamCreator->updateExam()
#7 E:\janu.codingfork\vendor\codeigniter4\framework\system\CodeIgniter.php(404): CodeIgniter\CodeIgniter->runController(Object(App\Controllers\demo3\ExamCreator))
#8 E:\janu.codingfork\vendor\codeigniter4\framework\system\CodeIgniter.php(312): CodeIgniter\CodeIgniter->handleRequest(NULL, Object(Config\Cache), false)
#9 E:\janu.codingfork\public\index.php(45): CodeIgniter\CodeIgniter->run()
#10 E:\janu.codingfork\vendor\codeigniter4\framework\system\Commands\Server\rewrite.php(34): require_once('E:\\janu.codingf...')
#11 {main}
CRITICAL - 2020-10-23 00:19:58 --> Invalid argument supplied for foreach()
#0 E:\janu.codingfork\app\Views\content\exam\viewExam.php(69): CodeIgniter\Debug\Exceptions->errorHandler(2, 'Invalid argumen...', 'E:\\janu.codingf...', 69, Array)
#1 E:\janu.codingfork\vendor\codeigniter4\framework\system\View\View.php(246): include('E:\\janu.codingf...')
#2 E:\janu.codingfork\vendor\codeigniter4\framework\system\Common.php(1119): CodeIgniter\View\View->render('content/exam/vi...', Array, true)
#3 E:\janu.codingfork\app\Controllers\BaseController.php(65): view('content/exam/vi...', Array)
#4 E:\janu.codingfork\app\Controllers\demo3\ExamCreator.php(55): App\Controllers\BaseController->loadLayout('content/exam/vi...', Array)
#5 E:\janu.codingfork\vendor\codeigniter4\framework\system\CodeIgniter.php(918): App\Controllers\demo3\ExamCreator->viewThisExam('13')
#6 E:\janu.codingfork\vendor\codeigniter4\framework\system\CodeIgniter.php(404): CodeIgniter\CodeIgniter->runController(Object(App\Controllers\demo3\ExamCreator))
#7 E:\janu.codingfork\vendor\codeigniter4\framework\system\CodeIgniter.php(312): CodeIgniter\CodeIgniter->handleRequest(NULL, Object(Config\Cache), false)
#8 E:\janu.codingfork\public\index.php(45): CodeIgniter\CodeIgniter->run()
#9 E:\janu.codingfork\vendor\codeigniter4\framework\system\Commands\Server\rewrite.php(34): require_once('E:\\janu.codingf...')
#10 {main}
CRITICAL - 2020-10-23 00:20:55 --> count(): Parameter must be an array or an object that implements Countable
#0 E:\janu.codingfork\app\Views\content\exam\editexam.php(55): CodeIgniter\Debug\Exceptions->errorHandler(2, 'count(): Parame...', 'E:\\janu.codingf...', 55, Array)
#1 E:\janu.codingfork\vendor\codeigniter4\framework\system\View\View.php(246): include('E:\\janu.codingf...')
#2 E:\janu.codingfork\vendor\codeigniter4\framework\system\Common.php(1119): CodeIgniter\View\View->render('content/exam/ed...', Array, true)
#3 E:\janu.codingfork\app\Controllers\BaseController.php(65): view('content/exam/ed...', Array)
#4 E:\janu.codingfork\app\Controllers\demo3\ExamCreator.php(109): App\Controllers\BaseController->loadLayout('content/exam/ed...', Array)
#5 E:\janu.codingfork\vendor\codeigniter4\framework\system\CodeIgniter.php(918): App\Controllers\demo3\ExamCreator->editThisExam('13')
#6 E:\janu.codingfork\vendor\codeigniter4\framework\system\CodeIgniter.php(404): CodeIgniter\CodeIgniter->runController(Object(App\Controllers\demo3\ExamCreator))
#7 E:\janu.codingfork\vendor\codeigniter4\framework\system\CodeIgniter.php(312): CodeIgniter\CodeIgniter->handleRequest(NULL, Object(Config\Cache), false)
#8 E:\janu.codingfork\public\index.php(45): CodeIgniter\CodeIgniter->run()
#9 E:\janu.codingfork\vendor\codeigniter4\framework\system\Commands\Server\rewrite.php(34): require_once('E:\\janu.codingf...')
#10 {main}
CRITICAL - 2020-10-23 00:23:45 --> Undefined offset: 0
#0 E:\janu.codingfork\app\Views\content\exam\editexam.php(12): CodeIgniter\Debug\Exceptions->errorHandler(8, 'Undefined offse...', 'E:\\janu.codingf...', 12, Array)
#1 E:\janu.codingfork\vendor\codeigniter4\framework\system\View\View.php(246): include('E:\\janu.codingf...')
#2 E:\janu.codingfork\vendor\codeigniter4\framework\system\Common.php(1119): CodeIgniter\View\View->render('content/exam/ed...', Array, true)
#3 E:\janu.codingfork\app\Controllers\BaseController.php(65): view('content/exam/ed...', Array)
#4 E:\janu.codingfork\app\Controllers\demo3\ExamCreator.php(109): App\Controllers\BaseController->loadLayout('content/exam/ed...', Array)
#5 E:\janu.codingfork\vendor\codeigniter4\framework\system\CodeIgniter.php(918): App\Controllers\demo3\ExamCreator->editThisExam('15')
#6 E:\janu.codingfork\vendor\codeigniter4\framework\system\CodeIgniter.php(404): CodeIgniter\CodeIgniter->runController(Object(App\Controllers\demo3\ExamCreator))
#7 E:\janu.codingfork\vendor\codeigniter4\framework\system\CodeIgniter.php(312): CodeIgniter\CodeIgniter->handleRequest(NULL, Object(Config\Cache), false)
#8 E:\janu.codingfork\public\index.php(45): CodeIgniter\CodeIgniter->run()
#9 E:\janu.codingfork\vendor\codeigniter4\framework\system\Commands\Server\rewrite.php(34): require_once('E:\\janu.codingf...')
#10 {main}
CRITICAL - 2020-10-23 00:26:53 --> count(): Parameter must be an array or an object that implements Countable
#0 E:\janu.codingfork\app\Views\content\exam\editexam.php(55): CodeIgniter\Debug\Exceptions->errorHandler(2, 'count(): Parame...', 'E:\\janu.codingf...', 55, Array)
#1 E:\janu.codingfork\vendor\codeigniter4\framework\system\View\View.php(246): include('E:\\janu.codingf...')
#2 E:\janu.codingfork\vendor\codeigniter4\framework\system\Common.php(1119): CodeIgniter\View\View->render('content/exam/ed...', Array, true)
#3 E:\janu.codingfork\app\Controllers\BaseController.php(65): view('content/exam/ed...', Array)
#4 E:\janu.codingfork\app\Controllers\demo3\ExamCreator.php(109): App\Controllers\BaseController->loadLayout('content/exam/ed...', Array)
#5 E:\janu.codingfork\vendor\codeigniter4\framework\system\CodeIgniter.php(918): App\Controllers\demo3\ExamCreator->editThisExam('9')
#6 E:\janu.codingfork\vendor\codeigniter4\framework\system\CodeIgniter.php(404): CodeIgniter\CodeIgniter->runController(Object(App\Controllers\demo3\ExamCreator))
#7 E:\janu.codingfork\vendor\codeigniter4\framework\system\CodeIgniter.php(312): CodeIgniter\CodeIgniter->handleRequest(NULL, Object(Config\Cache), false)
#8 E:\janu.codingfork\public\index.php(45): CodeIgniter\CodeIgniter->run()
#9 E:\janu.codingfork\vendor\codeigniter4\framework\system\Commands\Server\rewrite.php(34): require_once('E:\\janu.codingf...')
#10 {main}
CRITICAL - 2020-10-23 00:28:44 --> count(): Parameter must be an array or an object that implements Countable
#0 E:\janu.codingfork\app\Views\content\exam\editexam.php(55): CodeIgniter\Debug\Exceptions->errorHandler(2, 'count(): Parame...', 'E:\\janu.codingf...', 55, Array)
#1 E:\janu.codingfork\vendor\codeigniter4\framework\system\View\View.php(246): include('E:\\janu.codingf...')
#2 E:\janu.codingfork\vendor\codeigniter4\framework\system\Common.php(1119): CodeIgniter\View\View->render('content/exam/ed...', Array, true)
#3 E:\janu.codingfork\app\Controllers\BaseController.php(65): view('content/exam/ed...', Array)
#4 E:\janu.codingfork\app\Controllers\demo3\ExamCreator.php(109): App\Controllers\BaseController->loadLayout('content/exam/ed...', Array)
#5 E:\janu.codingfork\vendor\codeigniter4\framework\system\CodeIgniter.php(918): App\Controllers\demo3\ExamCreator->editThisExam('13')
#6 E:\janu.codingfork\vendor\codeigniter4\framework\system\CodeIgniter.php(404): CodeIgniter\CodeIgniter->runController(Object(App\Controllers\demo3\ExamCreator))
#7 E:\janu.codingfork\vendor\codeigniter4\framework\system\CodeIgniter.php(312): CodeIgniter\CodeIgniter->handleRequest(NULL, Object(Config\Cache), false)
#8 E:\janu.codingfork\public\index.php(45): CodeIgniter\CodeIgniter->run()
#9 E:\janu.codingfork\vendor\codeigniter4\framework\system\Commands\Server\rewrite.php(34): require_once('E:\\janu.codingf...')
#10 {main}
CRITICAL - 2020-10-23 00:28:53 --> Invalid argument supplied for foreach()
#0 E:\janu.codingfork\app\Views\content\exam\viewExam.php(69): CodeIgniter\Debug\Exceptions->errorHandler(2, 'Invalid argumen...', 'E:\\janu.codingf...', 69, Array)
#1 E:\janu.codingfork\vendor\codeigniter4\framework\system\View\View.php(246): include('E:\\janu.codingf...')
#2 E:\janu.codingfork\vendor\codeigniter4\framework\system\Common.php(1119): CodeIgniter\View\View->render('content/exam/vi...', Array, true)
#3 E:\janu.codingfork\app\Controllers\BaseController.php(65): view('content/exam/vi...', Array)
#4 E:\janu.codingfork\app\Controllers\demo3\ExamCreator.php(55): App\Controllers\BaseController->loadLayout('content/exam/vi...', Array)
#5 E:\janu.codingfork\vendor\codeigniter4\framework\system\CodeIgniter.php(918): App\Controllers\demo3\ExamCreator->viewThisExam('9')
#6 E:\janu.codingfork\vendor\codeigniter4\framework\system\CodeIgniter.php(404): CodeIgniter\CodeIgniter->runController(Object(App\Controllers\demo3\ExamCreator))
#7 E:\janu.codingfork\vendor\codeigniter4\framework\system\CodeIgniter.php(312): CodeIgniter\CodeIgniter->handleRequest(NULL, Object(Config\Cache), false)
#8 E:\janu.codingfork\public\index.php(45): CodeIgniter\CodeIgniter->run()
#9 E:\janu.codingfork\vendor\codeigniter4\framework\system\Commands\Server\rewrite.php(34): require_once('E:\\janu.codingf...')
#10 {main}
CRITICAL - 2020-10-23 00:37:29 --> Undefined variable: data_question_insert
#0 E:\janu.codingfork\app\Controllers\demo3\ExamCreator.php(94): CodeIgniter\Debug\Exceptions->errorHandler(8, 'Undefined varia...', 'E:\\janu.codingf...', 94, Array)
#1 E:\janu.codingfork\vendor\codeigniter4\framework\system\CodeIgniter.php(918): App\Controllers\demo3\ExamCreator->updateExam()
#2 E:\janu.codingfork\vendor\codeigniter4\framework\system\CodeIgniter.php(404): CodeIgniter\CodeIgniter->runController(Object(App\Controllers\demo3\ExamCreator))
#3 E:\janu.codingfork\vendor\codeigniter4\framework\system\CodeIgniter.php(312): CodeIgniter\CodeIgniter->handleRequest(NULL, Object(Config\Cache), false)
#4 E:\janu.codingfork\public\index.php(45): CodeIgniter\CodeIgniter->run()
#5 E:\janu.codingfork\vendor\codeigniter4\framework\system\Commands\Server\rewrite.php(34): require_once('E:\\janu.codingf...')
#6 {main}
CRITICAL - 2020-10-23 00:42:30 --> syntax error, unexpected ';'
#0 E:\janu.codingfork\vendor\codeigniter4\framework\system\Autoloader\Autoloader.php(296): CodeIgniter\Autoloader\Autoloader->requireFile('E:\\janu.codingf...')
#1 E:\janu.codingfork\vendor\codeigniter4\framework\system\Autoloader\Autoloader.php(258): CodeIgniter\Autoloader\Autoloader->loadInNamespace('App\\Controllers...')
#2 [internal function]: CodeIgniter\Autoloader\Autoloader->loadClass('App\\Controllers...')
#3 [internal function]: spl_autoload_call('App\\Controllers...')
#4 E:\janu.codingfork\vendor\codeigniter4\framework\system\CodeIgniter.php(869): class_exists('\\App\\Controller...', true)
#5 E:\janu.codingfork\vendor\codeigniter4\framework\system\CodeIgniter.php(394): CodeIgniter\CodeIgniter->startController()
#6 E:\janu.codingfork\vendor\codeigniter4\framework\system\CodeIgniter.php(312): CodeIgniter\CodeIgniter->handleRequest(NULL, Object(Config\Cache), false)
#7 E:\janu.codingfork\public\index.php(45): CodeIgniter\CodeIgniter->run()
#8 E:\janu.codingfork\vendor\codeigniter4\framework\system\Commands\Server\rewrite.php(34): require_once('E:\\janu.codingf...')
#9 {main}
CRITICAL - 2020-10-23 00:42:37 --> syntax error, unexpected ';'
#0 E:\janu.codingfork\vendor\codeigniter4\framework\system\Autoloader\Autoloader.php(296): CodeIgniter\Autoloader\Autoloader->requireFile('E:\\janu.codingf...')
#1 E:\janu.codingfork\vendor\codeigniter4\framework\system\Autoloader\Autoloader.php(258): CodeIgniter\Autoloader\Autoloader->loadInNamespace('App\\Controllers...')
#2 [internal function]: CodeIgniter\Autoloader\Autoloader->loadClass('App\\Controllers...')
#3 [internal function]: spl_autoload_call('App\\Controllers...')
#4 E:\janu.codingfork\vendor\codeigniter4\framework\system\CodeIgniter.php(869): class_exists('\\App\\Controller...', true)
#5 E:\janu.codingfork\vendor\codeigniter4\framework\system\CodeIgniter.php(394): CodeIgniter\CodeIgniter->startController()
#6 E:\janu.codingfork\vendor\codeigniter4\framework\system\CodeIgniter.php(312): CodeIgniter\CodeIgniter->handleRequest(NULL, Object(Config\Cache), false)
#7 E:\janu.codingfork\public\index.php(45): CodeIgniter\CodeIgniter->run()
#8 E:\janu.codingfork\vendor\codeigniter4\framework\system\Commands\Server\rewrite.php(34): require_once('E:\\janu.codingf...')
#9 {main}
CRITICAL - 2020-10-23 00:46:14 --> count(): Parameter must be an array or an object that implements Countable
#0 E:\janu.codingfork\app\Views\content\exam\editexam.php(55): CodeIgniter\Debug\Exceptions->errorHandler(2, 'count(): Parame...', 'E:\\janu.codingf...', 55, Array)
#1 E:\janu.codingfork\vendor\codeigniter4\framework\system\View\View.php(246): include('E:\\janu.codingf...')
#2 E:\janu.codingfork\vendor\codeigniter4\framework\system\Common.php(1119): CodeIgniter\View\View->render('content/exam/ed...', Array, true)
#3 E:\janu.codingfork\app\Controllers\BaseController.php(65): view('content/exam/ed...', Array)
#4 E:\janu.codingfork\app\Controllers\demo3\ExamCreator.php(110): App\Controllers\BaseController->loadLayout('content/exam/ed...', Array)
#5 E:\janu.codingfork\vendor\codeigniter4\framework\system\CodeIgniter.php(918): App\Controllers\demo3\ExamCreator->editThisExam('17')
#6 E:\janu.codingfork\vendor\codeigniter4\framework\system\CodeIgniter.php(404): CodeIgniter\CodeIgniter->runController(Object(App\Controllers\demo3\ExamCreator))
#7 E:\janu.codingfork\vendor\codeigniter4\framework\system\CodeIgniter.php(312): CodeIgniter\CodeIgniter->handleRequest(NULL, Object(Config\Cache), false)
#8 E:\janu.codingfork\public\index.php(45): CodeIgniter\CodeIgniter->run()
#9 E:\janu.codingfork\vendor\codeigniter4\framework\system\Commands\Server\rewrite.php(34): require_once('E:\\janu.codingf...')
#10 {main}
CRITICAL - 2020-10-23 10:29:16 --> count(): Parameter must be an array or an object that implements Countable
#0 E:\janu.codingfork\app\Views\content\exam\editexam.php(58): CodeIgniter\Debug\Exceptions->errorHandler(2, 'count(): Parame...', 'E:\\janu.codingf...', 58, Array)
#1 E:\janu.codingfork\vendor\codeigniter4\framework\system\View\View.php(246): include('E:\\janu.codingf...')
#2 E:\janu.codingfork\vendor\codeigniter4\framework\system\Common.php(1119): CodeIgniter\View\View->render('content/exam/ed...', Array, true)
#3 E:\janu.codingfork\app\Controllers\BaseController.php(65): view('content/exam/ed...', Array)
#4 E:\janu.codingfork\app\Controllers\demo3\ExamCreator.php(114): App\Controllers\BaseController->loadLayout('content/exam/ed...', Array)
#5 E:\janu.codingfork\vendor\codeigniter4\framework\system\CodeIgniter.php(918): App\Controllers\demo3\ExamCreator->editThisExam('19')
#6 E:\janu.codingfork\vendor\codeigniter4\framework\system\CodeIgniter.php(404): CodeIgniter\CodeIgniter->runController(Object(App\Controllers\demo3\ExamCreator))
#7 E:\janu.codingfork\vendor\codeigniter4\framework\system\CodeIgniter.php(312): CodeIgniter\CodeIgniter->handleRequest(NULL, Object(Config\Cache), false)
#8 E:\janu.codingfork\public\index.php(45): CodeIgniter\CodeIgniter->run()
#9 E:\janu.codingfork\vendor\codeigniter4\framework\system\Commands\Server\rewrite.php(34): require_once('E:\\janu.codingf...')
#10 {main}
CRITICAL - 2020-10-23 12:22:10 --> Unknown column 'status' in 'field list'
#0 E:\janu.codingfork\vendor\codeigniter4\framework\system\Database\MySQLi\Connection.php(331): mysqli->query('UPDATE `exam` S...')
#1 E:\janu.codingfork\vendor\codeigniter4\framework\system\Database\BaseConnection.php(741): CodeIgniter\Database\MySQLi\Connection->execute('UPDATE `exam` S...')
#2 E:\janu.codingfork\vendor\codeigniter4\framework\system\Database\BaseConnection.php(669): CodeIgniter\Database\BaseConnection->simpleQuery('UPDATE `exam` S...')
#3 E:\janu.codingfork\vendor\codeigniter4\framework\system\Database\BaseBuilder.php(2456): CodeIgniter\Database\BaseConnection->query('UPDATE `exam` S...', Array, false)
#4 E:\janu.codingfork\app\Models\CoreModel.php(68): CodeIgniter\Database\BaseBuilder->update(Array)
#5 E:\janu.codingfork\app\Controllers\demo3\ExamCreator.php(148): App\Models\CoreModel->updateData(Array, Array, 'exam')
#6 E:\janu.codingfork\vendor\codeigniter4\framework\system\CodeIgniter.php(918): App\Controllers\demo3\ExamCreator->removeExam()
#7 E:\janu.codingfork\vendor\codeigniter4\framework\system\CodeIgniter.php(404): CodeIgniter\CodeIgniter->runController(Object(App\Controllers\demo3\ExamCreator))
#8 E:\janu.codingfork\vendor\codeigniter4\framework\system\CodeIgniter.php(312): CodeIgniter\CodeIgniter->handleRequest(NULL, Object(Config\Cache), false)
#9 E:\janu.codingfork\public\index.php(45): CodeIgniter\CodeIgniter->run()
#10 E:\janu.codingfork\vendor\codeigniter4\framework\system\Commands\Server\rewrite.php(34): require_once('E:\\janu.codingf...')
#11 {main}
CRITICAL - 2020-10-23 12:28:56 --> Undefined offset: 0
#0 E:\janu.codingfork\app\Views\content\exam\viewExam.php(13): CodeIgniter\Debug\Exceptions->errorHandler(8, 'Undefined offse...', 'E:\\janu.codingf...', 13, Array)
#1 E:\janu.codingfork\vendor\codeigniter4\framework\system\View\View.php(246): include('E:\\janu.codingf...')
#2 E:\janu.codingfork\vendor\codeigniter4\framework\system\Common.php(1119): CodeIgniter\View\View->render('content/exam/vi...', Array, true)
#3 E:\janu.codingfork\app\Controllers\BaseController.php(65): view('content/exam/vi...', Array)
#4 E:\janu.codingfork\app\Controllers\demo3\ExamCreator.php(55): App\Controllers\BaseController->loadLayout('content/exam/vi...', Array)
#5 E:\janu.codingfork\vendor\codeigniter4\framework\system\CodeIgniter.php(918): App\Controllers\demo3\ExamCreator->viewThisExam('editThisExam', '14')
#6 E:\janu.codingfork\vendor\codeigniter4\framework\system\CodeIgniter.php(404): CodeIgniter\CodeIgniter->runController(Object(App\Controllers\demo3\ExamCreator))
#7 E:\janu.codingfork\vendor\codeigniter4\framework\system\CodeIgniter.php(312): CodeIgniter\CodeIgniter->handleRequest(NULL, Object(Config\Cache), false)
#8 E:\janu.codingfork\public\index.php(45): CodeIgniter\CodeIgniter->run()
#9 E:\janu.codingfork\vendor\codeigniter4\framework\system\Commands\Server\rewrite.php(34): require_once('E:\\janu.codingf...')
#10 {main}
CRITICAL - 2020-10-23 12:30:55 --> Call to undefined function route()
#0 E:\janu.codingfork\vendor\codeigniter4\framework\system\View\View.php(246): include()
#1 E:\janu.codingfork\vendor\codeigniter4\framework\system\Common.php(1119): CodeIgniter\View\View->render('content/exam/vi...', Array, true)
#2 E:\janu.codingfork\app\Controllers\BaseController.php(65): view('content/exam/vi...', Array)
#3 E:\janu.codingfork\app\Controllers\demo3\ExamCreator.php(55): App\Controllers\BaseController->loadLayout('content/exam/vi...', Array)
#4 E:\janu.codingfork\vendor\codeigniter4\framework\system\CodeIgniter.php(918): App\Controllers\demo3\ExamCreator->viewThisExam('editThisExam', '14')
#5 E:\janu.codingfork\vendor\codeigniter4\framework\system\CodeIgniter.php(404): CodeIgniter\CodeIgniter->runController(Object(App\Controllers\demo3\ExamCreator))
#6 E:\janu.codingfork\vendor\codeigniter4\framework\system\CodeIgniter.php(312): CodeIgniter\CodeIgniter->handleRequest(NULL, Object(Config\Cache), false)
#7 E:\janu.codingfork\public\index.php(45): CodeIgniter\CodeIgniter->run()
#8 E:\janu.codingfork\vendor\codeigniter4\framework\system\Commands\Server\rewrite.php(34): require_once('E:\\janu.codingf...')
#9 {main}
CRITICAL - 2020-10-23 12:31:04 --> Call to undefined function route()
#0 E:\janu.codingfork\vendor\codeigniter4\framework\system\View\View.php(246): include()
#1 E:\janu.codingfork\vendor\codeigniter4\framework\system\Common.php(1119): CodeIgniter\View\View->render('content/exam/vi...', Array, true)
#2 E:\janu.codingfork\app\Controllers\BaseController.php(65): view('content/exam/vi...', Array)
#3 E:\janu.codingfork\app\Controllers\demo3\ExamCreator.php(55): App\Controllers\BaseController->loadLayout('content/exam/vi...', Array)
#4 E:\janu.codingfork\vendor\codeigniter4\framework\system\CodeIgniter.php(918): App\Controllers\demo3\ExamCreator->viewThisExam('14')
#5 E:\janu.codingfork\vendor\codeigniter4\framework\system\CodeIgniter.php(404): CodeIgniter\CodeIgniter->runController(Object(App\Controllers\demo3\ExamCreator))
#6 E:\janu.codingfork\vendor\codeigniter4\framework\system\CodeIgniter.php(312): CodeIgniter\CodeIgniter->handleRequest(NULL, Object(Config\Cache), false)
#7 E:\janu.codingfork\public\index.php(45): CodeIgniter\CodeIgniter->run()
#8 E:\janu.codingfork\vendor\codeigniter4\framework\system\Commands\Server\rewrite.php(34): require_once('E:\\janu.codingf...')
#9 {main}
CRITICAL - 2020-10-23 12:31:07 --> Call to undefined function route()
#0 E:\janu.codingfork\vendor\codeigniter4\framework\system\View\View.php(246): include()
#1 E:\janu.codingfork\vendor\codeigniter4\framework\system\Common.php(1119): CodeIgniter\View\View->render('content/exam/vi...', Array, true)
#2 E:\janu.codingfork\app\Controllers\BaseController.php(65): view('content/exam/vi...', Array)
#3 E:\janu.codingfork\app\Controllers\demo3\ExamCreator.php(55): App\Controllers\BaseController->loadLayout('content/exam/vi...', Array)
#4 E:\janu.codingfork\vendor\codeigniter4\framework\system\CodeIgniter.php(918): App\Controllers\demo3\ExamCreator->viewThisExam('editThisExam', '14')
#5 E:\janu.codingfork\vendor\codeigniter4\framework\system\CodeIgniter.php(404): CodeIgniter\CodeIgniter->runController(Object(App\Controllers\demo3\ExamCreator))
#6 E:\janu.codingfork\vendor\codeigniter4\framework\system\CodeIgniter.php(312): CodeIgniter\CodeIgniter->handleRequest(NULL, Object(Config\Cache), false)
#7 E:\janu.codingfork\public\index.php(45): CodeIgniter\CodeIgniter->run()
#8 E:\janu.codingfork\vendor\codeigniter4\framework\system\Commands\Server\rewrite.php(34): require_once('E:\\janu.codingf...')
#9 {main}
CRITICAL - 2020-10-23 12:31:08 --> Call to undefined function route()
#0 E:\janu.codingfork\vendor\codeigniter4\framework\system\View\View.php(246): include()
#1 E:\janu.codingfork\vendor\codeigniter4\framework\system\Common.php(1119): CodeIgniter\View\View->render('content/exam/vi...', Array, true)
#2 E:\janu.codingfork\app\Controllers\BaseController.php(65): view('content/exam/vi...', Array)
#3 E:\janu.codingfork\app\Controllers\demo3\ExamCreator.php(55): App\Controllers\BaseController->loadLayout('content/exam/vi...', Array)
#4 E:\janu.codingfork\vendor\codeigniter4\framework\system\CodeIgniter.php(918): App\Controllers\demo3\ExamCreator->viewThisExam('20')
#5 E:\janu.codingfork\vendor\codeigniter4\framework\system\CodeIgniter.php(404): CodeIgniter\CodeIgniter->runController(Object(App\Controllers\demo3\ExamCreator))
#6 E:\janu.codingfork\vendor\codeigniter4\framework\system\CodeIgniter.php(312): CodeIgniter\CodeIgniter->handleRequest(NULL, Object(Config\Cache), false)
#7 E:\janu.codingfork\public\index.php(45): CodeIgniter\CodeIgniter->run()
#8 E:\janu.codingfork\vendor\codeigniter4\framework\system\Commands\Server\rewrite.php(34): require_once('E:\\janu.codingf...')
#9 {main}
CRITICAL - 2020-10-23 12:31:17 --> Call to undefined function route()
#0 E:\janu.codingfork\vendor\codeigniter4\framework\system\View\View.php(246): include()
#1 E:\janu.codingfork\vendor\codeigniter4\framework\system\Common.php(1119): CodeIgniter\View\View->render('content/exam/vi...', Array, true)
#2 E:\janu.codingfork\app\Controllers\BaseController.php(65): view('content/exam/vi...', Array)
#3 E:\janu.codingfork\app\Controllers\demo3\ExamCreator.php(55): App\Controllers\BaseController->loadLayout('content/exam/vi...', Array)
#4 E:\janu.codingfork\vendor\codeigniter4\framework\system\CodeIgniter.php(918): App\Controllers\demo3\ExamCreator->viewThisExam('20')
#5 E:\janu.codingfork\vendor\codeigniter4\framework\system\CodeIgniter.php(404): CodeIgniter\CodeIgniter->runController(Object(App\Controllers\demo3\ExamCreator))
#6 E:\janu.codingfork\vendor\codeigniter4\framework\system\CodeIgniter.php(312): CodeIgniter\CodeIgniter->handleRequest(NULL, Object(Config\Cache), false)
#7 E:\janu.codingfork\public\index.php(45): CodeIgniter\CodeIgniter->run()
#8 E:\janu.codingfork\vendor\codeigniter4\framework\system\Commands\Server\rewrite.php(34): require_once('E:\\janu.codingf...')
#9 {main}
CRITICAL - 2020-10-23 12:31:31 --> Call to undefined function route()
#0 E:\janu.codingfork\vendor\codeigniter4\framework\system\View\View.php(246): include()
#1 E:\janu.codingfork\vendor\codeigniter4\framework\system\Common.php(1119): CodeIgniter\View\View->render('content/exam/vi...', Array, true)
#2 E:\janu.codingfork\app\Controllers\BaseController.php(65): view('content/exam/vi...', Array)
#3 E:\janu.codingfork\app\Controllers\demo3\ExamCreator.php(55): App\Controllers\BaseController->loadLayout('content/exam/vi...', Array)
#4 E:\janu.codingfork\vendor\codeigniter4\framework\system\CodeIgniter.php(918): App\Controllers\demo3\ExamCreator->viewThisExam('20')
#5 E:\janu.codingfork\vendor\codeigniter4\framework\system\CodeIgniter.php(404): CodeIgniter\CodeIgniter->runController(Object(App\Controllers\demo3\ExamCreator))
#6 E:\janu.codingfork\vendor\codeigniter4\framework\system\CodeIgniter.php(312): CodeIgniter\CodeIgniter->handleRequest(NULL, Object(Config\Cache), false)
#7 E:\janu.codingfork\public\index.php(45): CodeIgniter\CodeIgniter->run()
#8 E:\janu.codingfork\vendor\codeigniter4\framework\system\Commands\Server\rewrite.php(34): require_once('E:\\janu.codingf...')
#9 {main}
CRITICAL - 2020-10-23 12:37:06 --> syntax error, unexpected '' (T_ENCAPSED_AND_WHITESPACE), expecting '-' or identifier (T_STRING) or variable (T_VARIABLE) or number (T_NUM_STRING)
#0 E:\janu.codingfork\vendor\codeigniter4\framework\system\Common.php(1119): CodeIgniter\View\View->render('content/exam/vi...', Array, true)
#1 E:\janu.codingfork\app\Controllers\BaseController.php(65): view('content/exam/vi...', Array)
#2 E:\janu.codingfork\app\Controllers\demo3\ExamCreator.php(55): App\Controllers\BaseController->loadLayout('content/exam/vi...', Array)
#3 E:\janu.codingfork\vendor\codeigniter4\framework\system\CodeIgniter.php(918): App\Controllers\demo3\ExamCreator->viewThisExam('20')
#4 E:\janu.codingfork\vendor\codeigniter4\framework\system\CodeIgniter.php(404): CodeIgniter\CodeIgniter->runController(Object(App\Controllers\demo3\ExamCreator))
#5 E:\janu.codingfork\vendor\codeigniter4\framework\system\CodeIgniter.php(312): CodeIgniter\CodeIgniter->handleRequest(NULL, Object(Config\Cache), false)
#6 E:\janu.codingfork\public\index.php(45): CodeIgniter\CodeIgniter->run()
#7 E:\janu.codingfork\vendor\codeigniter4\framework\system\Commands\Server\rewrite.php(34): require_once('E:\\janu.codingf...')
#8 {main}
CRITICAL - 2020-10-23 12:38:01 --> Undefined index: id
#0 E:\janu.codingfork\app\Views\content\exam\viewExam.php(13): CodeIgniter\Debug\Exceptions->errorHandler(8, 'Undefined index...', 'E:\\janu.codingf...', 13, Array)
#1 E:\janu.codingfork\vendor\codeigniter4\framework\system\View\View.php(246): include('E:\\janu.codingf...')
#2 E:\janu.codingfork\vendor\codeigniter4\framework\system\Common.php(1119): CodeIgniter\View\View->render('content/exam/vi...', Array, true)
#3 E:\janu.codingfork\app\Controllers\BaseController.php(65): view('content/exam/vi...', Array)
#4 E:\janu.codingfork\app\Controllers\demo3\ExamCreator.php(55): App\Controllers\BaseController->loadLayout('content/exam/vi...', Array)
#5 E:\janu.codingfork\vendor\codeigniter4\framework\system\CodeIgniter.php(918): App\Controllers\demo3\ExamCreator->viewThisExam('20')
#6 E:\janu.codingfork\vendor\codeigniter4\framework\system\CodeIgniter.php(404): CodeIgniter\CodeIgniter->runController(Object(App\Controllers\demo3\ExamCreator))
#7 E:\janu.codingfork\vendor\codeigniter4\framework\system\CodeIgniter.php(312): CodeIgniter\CodeIgniter->handleRequest(NULL, Object(Config\Cache), false)
#8 E:\janu.codingfork\public\index.php(45): CodeIgniter\CodeIgniter->run()
#9 E:\janu.codingfork\vendor\codeigniter4\framework\system\Commands\Server\rewrite.php(34): require_once('E:\\janu.codingf...')
#10 {main}
CRITICAL - 2020-10-23 12:38:15 --> Undefined offset: 0
#0 E:\janu.codingfork\app\Views\content\exam\editexam.php(12): CodeIgniter\Debug\Exceptions->errorHandler(8, 'Undefined offse...', 'E:\\janu.codingf...', 12, Array)
#1 E:\janu.codingfork\vendor\codeigniter4\framework\system\View\View.php(246): include('E:\\janu.codingf...')
#2 E:\janu.codingfork\vendor\codeigniter4\framework\system\Common.php(1119): CodeIgniter\View\View->render('content/exam/ed...', Array, true)
#3 E:\janu.codingfork\app\Controllers\BaseController.php(65): view('content/exam/ed...', Array)
#4 E:\janu.codingfork\app\Controllers\demo3\ExamCreator.php(117): App\Controllers\BaseController->loadLayout('content/exam/ed...', Array)
#5 E:\janu.codingfork\vendor\codeigniter4\framework\system\CodeIgniter.php(918): App\Controllers\demo3\ExamCreator->editThisExam('14')
#6 E:\janu.codingfork\vendor\codeigniter4\framework\system\CodeIgniter.php(404): CodeIgniter\CodeIgniter->runController(Object(App\Controllers\demo3\ExamCreator))
#7 E:\janu.codingfork\vendor\codeigniter4\framework\system\CodeIgniter.php(312): CodeIgniter\CodeIgniter->handleRequest(NULL, Object(Config\Cache), false)
#8 E:\janu.codingfork\public\index.php(45): CodeIgniter\CodeIgniter->run()
#9 E:\janu.codingfork\vendor\codeigniter4\framework\system\Commands\Server\rewrite.php(34): require_once('E:\\janu.codingf...')
#10 {main}
CRITICAL - 2020-10-23 15:42:51 --> Undefined variable: id
#0 E:\janu.codingfork\app\Controllers\demo3\ExamTaker.php(20): CodeIgniter\Debug\Exceptions->errorHandler(8, 'Undefined varia...', 'E:\\janu.codingf...', 20, Array)
#1 E:\janu.codingfork\vendor\codeigniter4\framework\system\CodeIgniter.php(918): App\Controllers\demo3\ExamTaker->take('20r')
#2 E:\janu.codingfork\vendor\codeigniter4\framework\system\CodeIgniter.php(404): CodeIgniter\CodeIgniter->runController(Object(App\Controllers\demo3\ExamTaker))
#3 E:\janu.codingfork\vendor\codeigniter4\framework\system\CodeIgniter.php(312): CodeIgniter\CodeIgniter->handleRequest(NULL, Object(Config\Cache), false)
#4 E:\janu.codingfork\public\index.php(45): CodeIgniter\CodeIgniter->run()
#5 E:\janu.codingfork\vendor\codeigniter4\framework\system\Commands\Server\rewrite.php(34): require_once('E:\\janu.codingf...')
#6 {main}
CRITICAL - 2020-10-23 15:43:07 --> Invalid file: content/exam/taker.php
#0 E:\janu.codingfork\vendor\codeigniter4\framework\system\View\View.php(228): CodeIgniter\Exceptions\FrameworkException::forInvalidFile('content/exam/ta...')
#1 E:\janu.codingfork\vendor\codeigniter4\framework\system\Common.php(1119): CodeIgniter\View\View->render('content/exam/ta...', Array, true)
#2 E:\janu.codingfork\app\Controllers\BaseController.php(65): view('content/exam/ta...', Array)
#3 E:\janu.codingfork\app\Controllers\demo3\ExamTaker.php(28): App\Controllers\BaseController->loadLayout('content/exam/ta...', Array)
#4 E:\janu.codingfork\vendor\codeigniter4\framework\system\CodeIgniter.php(918): App\Controllers\demo3\ExamTaker->take('20r')
#5 E:\janu.codingfork\vendor\codeigniter4\framework\system\CodeIgniter.php(404): CodeIgniter\CodeIgniter->runController(Object(App\Controllers\demo3\ExamTaker))
#6 E:\janu.codingfork\vendor\codeigniter4\framework\system\CodeIgniter.php(312): CodeIgniter\CodeIgniter->handleRequest(NULL, Object(Config\Cache), false)
#7 E:\janu.codingfork\public\index.php(45): CodeIgniter\CodeIgniter->run()
#8 E:\janu.codingfork\vendor\codeigniter4\framework\system\Commands\Server\rewrite.php(34): require_once('E:\\janu.codingf...')
#9 {main}
CRITICAL - 2020-10-23 17:13:43 --> A non-numeric value encountered
#0 E:\janu.codingfork\app\Controllers\demo3\ExamTaker.php(43): CodeIgniter\Debug\Exceptions->errorHandler(2, 'A non-numeric v...', 'E:\\janu.codingf...', 43, Array)
#1 E:\janu.codingfork\vendor\codeigniter4\framework\system\CodeIgniter.php(918): App\Controllers\demo3\ExamTaker->gradeExam()
#2 E:\janu.codingfork\vendor\codeigniter4\framework\system\CodeIgniter.php(404): CodeIgniter\CodeIgniter->runController(Object(App\Controllers\demo3\ExamTaker))
#3 E:\janu.codingfork\vendor\codeigniter4\framework\system\CodeIgniter.php(312): CodeIgniter\CodeIgniter->handleRequest(NULL, Object(Config\Cache), false)
#4 E:\janu.codingfork\public\index.php(45): CodeIgniter\CodeIgniter->run()
#5 E:\janu.codingfork\vendor\codeigniter4\framework\system\Commands\Server\rewrite.php(34): require_once('E:\\janu.codingf...')
#6 {main}
CRITICAL - 2020-10-23 18:38:11 --> Call to undefined function App\Controllers\demo3\push()
#0 E:\janu.codingfork\vendor\codeigniter4\framework\system\CodeIgniter.php(918): App\Controllers\demo3\ExamTaker->gradeExam()
#1 E:\janu.codingfork\vendor\codeigniter4\framework\system\CodeIgniter.php(404): CodeIgniter\CodeIgniter->runController(Object(App\Controllers\demo3\ExamTaker))
#2 E:\janu.codingfork\vendor\codeigniter4\framework\system\CodeIgniter.php(312): CodeIgniter\CodeIgniter->handleRequest(NULL, Object(Config\Cache), false)
#3 E:\janu.codingfork\public\index.php(45): CodeIgniter\CodeIgniter->run()
#4 E:\janu.codingfork\vendor\codeigniter4\framework\system\Commands\Server\rewrite.php(34): require_once('E:\\janu.codingf...')
#5 {main}
CRITICAL - 2020-10-23 18:38:36 --> Call to undefined function App\Controllers\demo3\arraypush()
#0 E:\janu.codingfork\vendor\codeigniter4\framework\system\CodeIgniter.php(918): App\Controllers\demo3\ExamTaker->gradeExam()
#1 E:\janu.codingfork\vendor\codeigniter4\framework\system\CodeIgniter.php(404): CodeIgniter\CodeIgniter->runController(Object(App\Controllers\demo3\ExamTaker))
#2 E:\janu.codingfork\vendor\codeigniter4\framework\system\CodeIgniter.php(312): CodeIgniter\CodeIgniter->handleRequest(NULL, Object(Config\Cache), false)
#3 E:\janu.codingfork\public\index.php(45): CodeIgniter\CodeIgniter->run()
#4 E:\janu.codingfork\vendor\codeigniter4\framework\system\Commands\Server\rewrite.php(34): require_once('E:\\janu.codingf...')
#5 {main}
CRITICAL - 2020-10-23 20:06:20 --> Undefined index: choice
#0 E:\janu.codingfork\app\Controllers\demo3\ExamTaker.php(57): CodeIgniter\Debug\Exceptions->errorHandler(8, 'Undefined index...', 'E:\\janu.codingf...', 57, Array)
#1 E:\janu.codingfork\vendor\codeigniter4\framework\system\CodeIgniter.php(918): App\Controllers\demo3\ExamTaker->gradeExam()
#2 E:\janu.codingfork\vendor\codeigniter4\framework\system\CodeIgniter.php(404): CodeIgniter\CodeIgniter->runController(Object(App\Controllers\demo3\ExamTaker))
#3 E:\janu.codingfork\vendor\codeigniter4\framework\system\CodeIgniter.php(312): CodeIgniter\CodeIgniter->handleRequest(NULL, Object(Config\Cache), false)
#4 E:\janu.codingfork\public\index.php(45): CodeIgniter\CodeIgniter->run()
#5 E:\janu.codingfork\vendor\codeigniter4\framework\system\Commands\Server\rewrite.php(34): require_once('E:\\janu.codingf...')
#6 {main}
CRITICAL - 2020-10-23 20:10:49 --> json_decode() expects parameter 1 to be string, array given
#0 [internal function]: CodeIgniter\Debug\Exceptions->errorHandler(2, 'json_decode() e...', 'E:\\janu.codingf...', 61, Array)
#1 E:\janu.codingfork\app\Controllers\demo3\ExamTaker.php(61): json_decode(Array)
#2 E:\janu.codingfork\vendor\codeigniter4\framework\system\CodeIgniter.php(918): App\Controllers\demo3\ExamTaker->gradeExam()
#3 E:\janu.codingfork\vendor\codeigniter4\framework\system\CodeIgniter.php(404): CodeIgniter\CodeIgniter->runController(Object(App\Controllers\demo3\ExamTaker))
#4 E:\janu.codingfork\vendor\codeigniter4\framework\system\CodeIgniter.php(312): CodeIgniter\CodeIgniter->handleRequest(NULL, Object(Config\Cache), false)
#5 E:\janu.codingfork\public\index.php(45): CodeIgniter\CodeIgniter->run()
#6 E:\janu.codingfork\vendor\codeigniter4\framework\system\Commands\Server\rewrite.php(34): require_once('E:\\janu.codingf...')
#7 {main}
