CRITICAL - 2020-10-19 07:42:13 --> Undefined variable: uri
#0 E:\janu.codingfork\app\Views\baselayout\sidebar.php(56): CodeIgniter\Debug\Exceptions->errorHandler(8, 'Undefined varia...', 'E:\\janu.codingf...', 56, Array)
#1 E:\janu.codingfork\vendor\codeigniter4\framework\system\View\View.php(246): include('E:\\janu.codingf...')
#2 E:\janu.codingfork\vendor\codeigniter4\framework\system\Common.php(1119): CodeIgniter\View\View->render('baselayout/side...', Array, true)
#3 E:\janu.codingfork\app\Controllers\BaseController.php(62): view('baselayout/side...')
#4 E:\janu.codingfork\app\Controllers\Inventory\Inventory.php(15): App\Controllers\BaseController->loadLayout('content/invento...', Array)
#5 E:\janu.codingfork\vendor\codeigniter4\framework\system\CodeIgniter.php(918): App\Controllers\Inventory\Inventory->index()
#6 E:\janu.codingfork\vendor\codeigniter4\framework\system\CodeIgniter.php(404): CodeIgniter\CodeIgniter->runController(Object(App\Controllers\Inventory\Inventory))
#7 E:\janu.codingfork\vendor\codeigniter4\framework\system\CodeIgniter.php(312): CodeIgniter\CodeIgniter->handleRequest(NULL, Object(Config\Cache), false)
#8 E:\janu.codingfork\public\index.php(45): CodeIgniter\CodeIgniter->run()
#9 E:\janu.codingfork\vendor\codeigniter4\framework\system\Commands\Server\rewrite.php(34): require_once('E:\\janu.codingf...')
#10 {main}
CRITICAL - 2020-10-19 08:13:42 --> Call to undefined method CodeIgniter\HTTP\IncomingRequest::is_Ajax()
#0 E:\janu.codingfork\vendor\codeigniter4\framework\system\CodeIgniter.php(918): App\Controllers\Inventory\Inventory->viewSingleItem()
#1 E:\janu.codingfork\vendor\codeigniter4\framework\system\CodeIgniter.php(404): CodeIgniter\CodeIgniter->runController(Object(App\Controllers\Inventory\Inventory))
#2 E:\janu.codingfork\vendor\codeigniter4\framework\system\CodeIgniter.php(312): CodeIgniter\CodeIgniter->handleRequest(NULL, Object(Config\Cache), false)
#3 E:\janu.codingfork\public\index.php(45): CodeIgniter\CodeIgniter->run()
#4 E:\janu.codingfork\vendor\codeigniter4\framework\system\Commands\Server\rewrite.php(34): require_once('E:\\janu.codingf...')
#5 {main}
CRITICAL - 2020-10-19 08:14:04 --> Call to undefined method CodeIgniter\HTTP\IncomingRequest::is_Ajax()
#0 E:\janu.codingfork\vendor\codeigniter4\framework\system\CodeIgniter.php(918): App\Controllers\Inventory\Inventory->viewSingleItem()
#1 E:\janu.codingfork\vendor\codeigniter4\framework\system\CodeIgniter.php(404): CodeIgniter\CodeIgniter->runController(Object(App\Controllers\Inventory\Inventory))
#2 E:\janu.codingfork\vendor\codeigniter4\framework\system\CodeIgniter.php(312): CodeIgniter\CodeIgniter->handleRequest(NULL, Object(Config\Cache), false)
#3 E:\janu.codingfork\public\index.php(45): CodeIgniter\CodeIgniter->run()
#4 E:\janu.codingfork\vendor\codeigniter4\framework\system\Commands\Server\rewrite.php(34): require_once('E:\\janu.codingf...')
#5 {main}
CRITICAL - 2020-10-19 13:27:00 --> Undefined property: CodeIgniter\HTTP\URI::$getPath
#0 E:\janu.codingfork\app\Views\baselayout\sidebar.php(57): CodeIgniter\Debug\Exceptions->errorHandler(8, 'Undefined prope...', 'E:\\janu.codingf...', 57, Array)
#1 E:\janu.codingfork\vendor\codeigniter4\framework\system\View\View.php(246): include('E:\\janu.codingf...')
#2 E:\janu.codingfork\vendor\codeigniter4\framework\system\Common.php(1119): CodeIgniter\View\View->render('baselayout/side...', Array, true)
#3 E:\janu.codingfork\app\Controllers\BaseController.php(62): view('baselayout/side...')
#4 E:\janu.codingfork\app\Controllers\Inventory\Order.php(15): App\Controllers\BaseController->loadLayout('content/invento...', Array)
#5 E:\janu.codingfork\vendor\codeigniter4\framework\system\CodeIgniter.php(918): App\Controllers\Inventory\Order->index()
#6 E:\janu.codingfork\vendor\codeigniter4\framework\system\CodeIgniter.php(404): CodeIgniter\CodeIgniter->runController(Object(App\Controllers\Inventory\Order))
#7 E:\janu.codingfork\vendor\codeigniter4\framework\system\CodeIgniter.php(312): CodeIgniter\CodeIgniter->handleRequest(NULL, Object(Config\Cache), false)
#8 E:\janu.codingfork\public\index.php(45): CodeIgniter\CodeIgniter->run()
#9 E:\janu.codingfork\vendor\codeigniter4\framework\system\Commands\Server\rewrite.php(34): require_once('E:\\janu.codingf...')
#10 {main}
CRITICAL - 2020-10-19 13:31:11 --> syntax error, unexpected '!==' (T_IS_NOT_IDENTICAL)
#0 E:\janu.codingfork\vendor\codeigniter4\framework\system\Common.php(1119): CodeIgniter\View\View->render('baselayout/side...', Array, true)
#1 E:\janu.codingfork\app\Controllers\BaseController.php(62): view('baselayout/side...')
#2 E:\janu.codingfork\app\Controllers\Inventory\Order.php(15): App\Controllers\BaseController->loadLayout('content/invento...', Array)
#3 E:\janu.codingfork\vendor\codeigniter4\framework\system\CodeIgniter.php(918): App\Controllers\Inventory\Order->index()
#4 E:\janu.codingfork\vendor\codeigniter4\framework\system\CodeIgniter.php(404): CodeIgniter\CodeIgniter->runController(Object(App\Controllers\Inventory\Order))
#5 E:\janu.codingfork\vendor\codeigniter4\framework\system\CodeIgniter.php(312): CodeIgniter\CodeIgniter->handleRequest(NULL, Object(Config\Cache), false)
#6 E:\janu.codingfork\public\index.php(45): CodeIgniter\CodeIgniter->run()
#7 E:\janu.codingfork\vendor\codeigniter4\framework\system\Commands\Server\rewrite.php(34): require_once('E:\\janu.codingf...')
#8 {main}
CRITICAL - 2020-10-19 13:31:45 --> syntax error, unexpected '!==' (T_IS_NOT_IDENTICAL)
#0 E:\janu.codingfork\vendor\codeigniter4\framework\system\Common.php(1119): CodeIgniter\View\View->render('baselayout/side...', Array, true)
#1 E:\janu.codingfork\app\Controllers\BaseController.php(62): view('baselayout/side...')
#2 E:\janu.codingfork\app\Controllers\Inventory\Order.php(15): App\Controllers\BaseController->loadLayout('content/invento...', Array)
#3 E:\janu.codingfork\vendor\codeigniter4\framework\system\CodeIgniter.php(918): App\Controllers\Inventory\Order->index()
#4 E:\janu.codingfork\vendor\codeigniter4\framework\system\CodeIgniter.php(404): CodeIgniter\CodeIgniter->runController(Object(App\Controllers\Inventory\Order))
#5 E:\janu.codingfork\vendor\codeigniter4\framework\system\CodeIgniter.php(312): CodeIgniter\CodeIgniter->handleRequest(NULL, Object(Config\Cache), false)
#6 E:\janu.codingfork\public\index.php(45): CodeIgniter\CodeIgniter->run()
#7 E:\janu.codingfork\vendor\codeigniter4\framework\system\Commands\Server\rewrite.php(34): require_once('E:\\janu.codingf...')
#8 {main}
