CRITICAL - 2020-10-03 12:42:49 --> syntax error, unexpected ')', expecting variable (T_VARIABLE)
#0 E:\CodingFork\template-lightbootsrap\vendor\codeigniter4\framework\system\Autoloader\Autoloader.php(296): CodeIgniter\Autoloader\Autoloader->requireFile('E:\\CodingFork\\t...')
#1 E:\CodingFork\template-lightbootsrap\vendor\codeigniter4\framework\system\Autoloader\Autoloader.php(258): CodeIgniter\Autoloader\Autoloader->loadInNamespace('App\\Controllers...')
#2 [internal function]: CodeIgniter\Autoloader\Autoloader->loadClass('App\\Controllers...')
#3 E:\CodingFork\template-lightbootsrap\app\Controllers\Home.php(3): spl_autoload_call('App\\Controllers...')
#4 E:\CodingFork\template-lightbootsrap\vendor\codeigniter4\framework\system\Autoloader\Autoloader.php(365): require_once('E:\\CodingFork\\t...')
#5 E:\CodingFork\template-lightbootsrap\vendor\codeigniter4\framework\system\Autoloader\Autoloader.php(296): CodeIgniter\Autoloader\Autoloader->requireFile('E:\\CodingFork\\t...')
#6 E:\CodingFork\template-lightbootsrap\vendor\codeigniter4\framework\system\Autoloader\Autoloader.php(258): CodeIgniter\Autoloader\Autoloader->loadInNamespace('App\\Controllers...')
#7 [internal function]: CodeIgniter\Autoloader\Autoloader->loadClass('App\\Controllers...')
#8 [internal function]: spl_autoload_call('App\\Controllers...')
#9 E:\CodingFork\template-lightbootsrap\vendor\codeigniter4\framework\system\CodeIgniter.php(869): class_exists('\\App\\Controller...', true)
#10 E:\CodingFork\template-lightbootsrap\vendor\codeigniter4\framework\system\CodeIgniter.php(394): CodeIgniter\CodeIgniter->startController()
#11 E:\CodingFork\template-lightbootsrap\vendor\codeigniter4\framework\system\CodeIgniter.php(312): CodeIgniter\CodeIgniter->handleRequest(NULL, Object(Config\Cache), false)
#12 E:\CodingFork\template-lightbootsrap\public\index.php(45): CodeIgniter\CodeIgniter->run()
#13 E:\CodingFork\template-lightbootsrap\vendor\codeigniter4\framework\system\Commands\Server\rewrite.php(34): require_once('E:\\CodingFork\\t...')
#14 {main}
CRITICAL - 2020-10-03 12:43:15 --> syntax error, unexpected ')', expecting variable (T_VARIABLE)
#0 E:\CodingFork\template-lightbootsrap\vendor\codeigniter4\framework\system\Autoloader\Autoloader.php(296): CodeIgniter\Autoloader\Autoloader->requireFile('E:\\CodingFork\\t...')
#1 E:\CodingFork\template-lightbootsrap\vendor\codeigniter4\framework\system\Autoloader\Autoloader.php(258): CodeIgniter\Autoloader\Autoloader->loadInNamespace('App\\Controllers...')
#2 [internal function]: CodeIgniter\Autoloader\Autoloader->loadClass('App\\Controllers...')
#3 E:\CodingFork\template-lightbootsrap\app\Controllers\Home.php(3): spl_autoload_call('App\\Controllers...')
#4 E:\CodingFork\template-lightbootsrap\vendor\codeigniter4\framework\system\Autoloader\Autoloader.php(365): require_once('E:\\CodingFork\\t...')
#5 E:\CodingFork\template-lightbootsrap\vendor\codeigniter4\framework\system\Autoloader\Autoloader.php(296): CodeIgniter\Autoloader\Autoloader->requireFile('E:\\CodingFork\\t...')
#6 E:\CodingFork\template-lightbootsrap\vendor\codeigniter4\framework\system\Autoloader\Autoloader.php(258): CodeIgniter\Autoloader\Autoloader->loadInNamespace('App\\Controllers...')
#7 [internal function]: CodeIgniter\Autoloader\Autoloader->loadClass('App\\Controllers...')
#8 [internal function]: spl_autoload_call('App\\Controllers...')
#9 E:\CodingFork\template-lightbootsrap\vendor\codeigniter4\framework\system\CodeIgniter.php(869): class_exists('\\App\\Controller...', true)
#10 E:\CodingFork\template-lightbootsrap\vendor\codeigniter4\framework\system\CodeIgniter.php(394): CodeIgniter\CodeIgniter->startController()
#11 E:\CodingFork\template-lightbootsrap\vendor\codeigniter4\framework\system\CodeIgniter.php(312): CodeIgniter\CodeIgniter->handleRequest(NULL, Object(Config\Cache), false)
#12 E:\CodingFork\template-lightbootsrap\public\index.php(45): CodeIgniter\CodeIgniter->run()
#13 E:\CodingFork\template-lightbootsrap\vendor\codeigniter4\framework\system\Commands\Server\rewrite.php(34): require_once('E:\\CodingFork\\t...')
#14 {main}
CRITICAL - 2020-10-03 12:43:37 --> Undefined variable: headerData
#0 E:\CodingFork\template-lightbootsrap\app\Controllers\BaseController.php(56): CodeIgniter\Debug\Exceptions->errorHandler(8, 'Undefined varia...', 'E:\\CodingFork\\t...', 56, Array)
#1 E:\CodingFork\template-lightbootsrap\app\Controllers\Template.php(14): App\Controllers\BaseController->loadLayout('content/templat...')
#2 E:\CodingFork\template-lightbootsrap\vendor\codeigniter4\framework\system\CodeIgniter.php(918): App\Controllers\Template->index()
#3 E:\CodingFork\template-lightbootsrap\vendor\codeigniter4\framework\system\CodeIgniter.php(404): CodeIgniter\CodeIgniter->runController(Object(App\Controllers\Template))
#4 E:\CodingFork\template-lightbootsrap\vendor\codeigniter4\framework\system\CodeIgniter.php(312): CodeIgniter\CodeIgniter->handleRequest(NULL, Object(Config\Cache), false)
#5 E:\CodingFork\template-lightbootsrap\public\index.php(45): CodeIgniter\CodeIgniter->run()
#6 E:\CodingFork\template-lightbootsrap\vendor\codeigniter4\framework\system\Commands\Server\rewrite.php(34): require_once('E:\\CodingFork\\t...')
#7 {main}
CRITICAL - 2020-10-03 12:44:14 --> syntax error, unexpected 'echo' (T_ECHO)
#0 E:\CodingFork\template-lightbootsrap\vendor\codeigniter4\framework\system\Autoloader\Autoloader.php(296): CodeIgniter\Autoloader\Autoloader->requireFile('E:\\CodingFork\\t...')
#1 E:\CodingFork\template-lightbootsrap\vendor\codeigniter4\framework\system\Autoloader\Autoloader.php(258): CodeIgniter\Autoloader\Autoloader->loadInNamespace('App\\Controllers...')
#2 [internal function]: CodeIgniter\Autoloader\Autoloader->loadClass('App\\Controllers...')
#3 E:\CodingFork\template-lightbootsrap\app\Controllers\Template.php(8): spl_autoload_call('App\\Controllers...')
#4 E:\CodingFork\template-lightbootsrap\vendor\codeigniter4\framework\system\Autoloader\Autoloader.php(365): require_once('E:\\CodingFork\\t...')
#5 E:\CodingFork\template-lightbootsrap\vendor\codeigniter4\framework\system\Autoloader\Autoloader.php(296): CodeIgniter\Autoloader\Autoloader->requireFile('E:\\CodingFork\\t...')
#6 E:\CodingFork\template-lightbootsrap\vendor\codeigniter4\framework\system\Autoloader\Autoloader.php(258): CodeIgniter\Autoloader\Autoloader->loadInNamespace('App\\Controllers...')
#7 [internal function]: CodeIgniter\Autoloader\Autoloader->loadClass('App\\Controllers...')
#8 [internal function]: spl_autoload_call('App\\Controllers...')
#9 E:\CodingFork\template-lightbootsrap\vendor\codeigniter4\framework\system\CodeIgniter.php(869): class_exists('\\App\\Controller...', true)
#10 E:\CodingFork\template-lightbootsrap\vendor\codeigniter4\framework\system\CodeIgniter.php(394): CodeIgniter\CodeIgniter->startController()
#11 E:\CodingFork\template-lightbootsrap\vendor\codeigniter4\framework\system\CodeIgniter.php(312): CodeIgniter\CodeIgniter->handleRequest(NULL, Object(Config\Cache), false)
#12 E:\CodingFork\template-lightbootsrap\public\index.php(45): CodeIgniter\CodeIgniter->run()
#13 E:\CodingFork\template-lightbootsrap\vendor\codeigniter4\framework\system\Commands\Server\rewrite.php(34): require_once('E:\\CodingFork\\t...')
#14 {main}
CRITICAL - 2020-10-03 12:44:45 --> Cannot use a scalar value as an array
#0 E:\CodingFork\template-lightbootsrap\app\Controllers\BaseController.php(56): CodeIgniter\Debug\Exceptions->errorHandler(2, 'Cannot use a sc...', 'E:\\CodingFork\\t...', 56, Array)
#1 E:\CodingFork\template-lightbootsrap\app\Controllers\Template.php(14): App\Controllers\BaseController->loadLayout('content/templat...', true)
#2 E:\CodingFork\template-lightbootsrap\vendor\codeigniter4\framework\system\CodeIgniter.php(918): App\Controllers\Template->index()
#3 E:\CodingFork\template-lightbootsrap\vendor\codeigniter4\framework\system\CodeIgniter.php(404): CodeIgniter\CodeIgniter->runController(Object(App\Controllers\Template))
#4 E:\CodingFork\template-lightbootsrap\vendor\codeigniter4\framework\system\CodeIgniter.php(312): CodeIgniter\CodeIgniter->handleRequest(NULL, Object(Config\Cache), false)
#5 E:\CodingFork\template-lightbootsrap\public\index.php(45): CodeIgniter\CodeIgniter->run()
#6 E:\CodingFork\template-lightbootsrap\vendor\codeigniter4\framework\system\Commands\Server\rewrite.php(34): require_once('E:\\CodingFork\\t...')
#7 {main}
