CRITICAL - 2020-11-10 22:03:51 --> count(): Parameter must be an array or an object that implements Countable
#0 [internal function]: CodeIgniter\Debug\Exceptions->errorHandler(2, 'count(): Parame...', 'E:\\exam\\app\\Con...', 35, Array)
#1 E:\exam\app\Controllers\admin\ExamCreator.php(35): count(NULL)
#2 E:\exam\vendor\codeigniter4\framework\system\CodeIgniter.php(918): App\Controllers\admin\ExamCreator->addExam()
#3 E:\exam\vendor\codeigniter4\framework\system\CodeIgniter.php(404): CodeIgniter\CodeIgniter->runController(Object(App\Controllers\admin\ExamCreator))
#4 E:\exam\vendor\codeigniter4\framework\system\CodeIgniter.php(312): CodeIgniter\CodeIgniter->handleRequest(NULL, Object(Config\Cache), false)
#5 E:\exam\public\index.php(45): CodeIgniter\CodeIgniter->run()
#6 E:\exam\vendor\codeigniter4\framework\system\Commands\Server\rewrite.php(34): require_once('E:\\exam\\public\\...')
#7 {main}
CRITICAL - 2020-11-10 22:30:43 --> Column 'title' cannot be null
#0 E:\exam\vendor\codeigniter4\framework\system\Database\MySQLi\Connection.php(331): mysqli->query('INSERT INTO `ex...')
#1 E:\exam\vendor\codeigniter4\framework\system\Database\BaseConnection.php(741): CodeIgniter\Database\MySQLi\Connection->execute('INSERT INTO `ex...')
#2 E:\exam\vendor\codeigniter4\framework\system\Database\BaseConnection.php(669): CodeIgniter\Database\BaseConnection->simpleQuery('INSERT INTO `ex...')
#3 E:\exam\vendor\codeigniter4\framework\system\Database\BaseBuilder.php(2249): CodeIgniter\Database\BaseConnection->query('INSERT INTO `ex...', Array, false)
#4 E:\exam\app\Models\CoreModel.php(56): CodeIgniter\Database\BaseBuilder->insert(Array)
#5 E:\exam\app\Controllers\admin\ExamCreator.php(33): App\Models\CoreModel->insertData(Array, 'exam')
#6 E:\exam\vendor\codeigniter4\framework\system\CodeIgniter.php(918): App\Controllers\admin\ExamCreator->addExam()
#7 E:\exam\vendor\codeigniter4\framework\system\CodeIgniter.php(404): CodeIgniter\CodeIgniter->runController(Object(App\Controllers\admin\ExamCreator))
#8 E:\exam\vendor\codeigniter4\framework\system\CodeIgniter.php(312): CodeIgniter\CodeIgniter->handleRequest(NULL, Object(Config\Cache), false)
#9 E:\exam\public\index.php(45): CodeIgniter\CodeIgniter->run()
#10 E:\exam\vendor\codeigniter4\framework\system\Commands\Server\rewrite.php(34): require_once('E:\\exam\\public\\...')
#11 {main}
CRITICAL - 2020-11-10 22:31:51 --> Column 'title' cannot be null
#0 E:\exam\vendor\codeigniter4\framework\system\Database\MySQLi\Connection.php(331): mysqli->query('INSERT INTO `ex...')
#1 E:\exam\vendor\codeigniter4\framework\system\Database\BaseConnection.php(741): CodeIgniter\Database\MySQLi\Connection->execute('INSERT INTO `ex...')
#2 E:\exam\vendor\codeigniter4\framework\system\Database\BaseConnection.php(669): CodeIgniter\Database\BaseConnection->simpleQuery('INSERT INTO `ex...')
#3 E:\exam\vendor\codeigniter4\framework\system\Database\BaseBuilder.php(2249): CodeIgniter\Database\BaseConnection->query('INSERT INTO `ex...', Array, false)
#4 E:\exam\app\Models\CoreModel.php(56): CodeIgniter\Database\BaseBuilder->insert(Array)
#5 E:\exam\app\Controllers\admin\ExamCreator.php(33): App\Models\CoreModel->insertData(Array, 'exam')
#6 E:\exam\vendor\codeigniter4\framework\system\CodeIgniter.php(918): App\Controllers\admin\ExamCreator->addExam()
#7 E:\exam\vendor\codeigniter4\framework\system\CodeIgniter.php(404): CodeIgniter\CodeIgniter->runController(Object(App\Controllers\admin\ExamCreator))
#8 E:\exam\vendor\codeigniter4\framework\system\CodeIgniter.php(312): CodeIgniter\CodeIgniter->handleRequest(NULL, Object(Config\Cache), false)
#9 E:\exam\public\index.php(45): CodeIgniter\CodeIgniter->run()
#10 E:\exam\vendor\codeigniter4\framework\system\Commands\Server\rewrite.php(34): require_once('E:\\exam\\public\\...')
#11 {main}
CRITICAL - 2020-11-10 22:33:59 --> Column 'title' cannot be null
#0 E:\exam\vendor\codeigniter4\framework\system\Database\MySQLi\Connection.php(331): mysqli->query('INSERT INTO `ex...')
#1 E:\exam\vendor\codeigniter4\framework\system\Database\BaseConnection.php(741): CodeIgniter\Database\MySQLi\Connection->execute('INSERT INTO `ex...')
#2 E:\exam\vendor\codeigniter4\framework\system\Database\BaseConnection.php(669): CodeIgniter\Database\BaseConnection->simpleQuery('INSERT INTO `ex...')
#3 E:\exam\vendor\codeigniter4\framework\system\Database\BaseBuilder.php(2249): CodeIgniter\Database\BaseConnection->query('INSERT INTO `ex...', Array, false)
#4 E:\exam\app\Models\CoreModel.php(56): CodeIgniter\Database\BaseBuilder->insert(Array)
#5 E:\exam\app\Controllers\admin\ExamCreator.php(33): App\Models\CoreModel->insertData(Array, 'exam')
#6 E:\exam\vendor\codeigniter4\framework\system\CodeIgniter.php(918): App\Controllers\admin\ExamCreator->addExam()
#7 E:\exam\vendor\codeigniter4\framework\system\CodeIgniter.php(404): CodeIgniter\CodeIgniter->runController(Object(App\Controllers\admin\ExamCreator))
#8 E:\exam\vendor\codeigniter4\framework\system\CodeIgniter.php(312): CodeIgniter\CodeIgniter->handleRequest(NULL, Object(Config\Cache), false)
#9 E:\exam\public\index.php(45): CodeIgniter\CodeIgniter->run()
#10 E:\exam\vendor\codeigniter4\framework\system\Commands\Server\rewrite.php(34): require_once('E:\\exam\\public\\...')
#11 {main}
CRITICAL - 2020-11-10 22:36:08 --> Column 'title' cannot be null
#0 E:\exam\vendor\codeigniter4\framework\system\Database\MySQLi\Connection.php(331): mysqli->query('INSERT INTO `ex...')
#1 E:\exam\vendor\codeigniter4\framework\system\Database\BaseConnection.php(741): CodeIgniter\Database\MySQLi\Connection->execute('INSERT INTO `ex...')
#2 E:\exam\vendor\codeigniter4\framework\system\Database\BaseConnection.php(669): CodeIgniter\Database\BaseConnection->simpleQuery('INSERT INTO `ex...')
#3 E:\exam\vendor\codeigniter4\framework\system\Database\BaseBuilder.php(2249): CodeIgniter\Database\BaseConnection->query('INSERT INTO `ex...', Array, false)
#4 E:\exam\app\Models\CoreModel.php(56): CodeIgniter\Database\BaseBuilder->insert(Array)
#5 E:\exam\app\Controllers\admin\ExamCreator.php(33): App\Models\CoreModel->insertData(Array, 'exam')
#6 E:\exam\vendor\codeigniter4\framework\system\CodeIgniter.php(918): App\Controllers\admin\ExamCreator->addExam()
#7 E:\exam\vendor\codeigniter4\framework\system\CodeIgniter.php(404): CodeIgniter\CodeIgniter->runController(Object(App\Controllers\admin\ExamCreator))
#8 E:\exam\vendor\codeigniter4\framework\system\CodeIgniter.php(312): CodeIgniter\CodeIgniter->handleRequest(NULL, Object(Config\Cache), false)
#9 E:\exam\public\index.php(45): CodeIgniter\CodeIgniter->run()
#10 E:\exam\vendor\codeigniter4\framework\system\Commands\Server\rewrite.php(34): require_once('E:\\exam\\public\\...')
#11 {main}
CRITICAL - 2020-11-10 22:37:20 --> Column 'title' cannot be null
#0 E:\exam\vendor\codeigniter4\framework\system\Database\MySQLi\Connection.php(331): mysqli->query('INSERT INTO `ex...')
#1 E:\exam\vendor\codeigniter4\framework\system\Database\BaseConnection.php(741): CodeIgniter\Database\MySQLi\Connection->execute('INSERT INTO `ex...')
#2 E:\exam\vendor\codeigniter4\framework\system\Database\BaseConnection.php(669): CodeIgniter\Database\BaseConnection->simpleQuery('INSERT INTO `ex...')
#3 E:\exam\vendor\codeigniter4\framework\system\Database\BaseBuilder.php(2249): CodeIgniter\Database\BaseConnection->query('INSERT INTO `ex...', Array, false)
#4 E:\exam\app\Models\CoreModel.php(56): CodeIgniter\Database\BaseBuilder->insert(Array)
#5 E:\exam\app\Controllers\admin\ExamCreator.php(33): App\Models\CoreModel->insertData(Array, 'exam')
#6 E:\exam\vendor\codeigniter4\framework\system\CodeIgniter.php(918): App\Controllers\admin\ExamCreator->addExam()
#7 E:\exam\vendor\codeigniter4\framework\system\CodeIgniter.php(404): CodeIgniter\CodeIgniter->runController(Object(App\Controllers\admin\ExamCreator))
#8 E:\exam\vendor\codeigniter4\framework\system\CodeIgniter.php(312): CodeIgniter\CodeIgniter->handleRequest(NULL, Object(Config\Cache), false)
#9 E:\exam\public\index.php(45): CodeIgniter\CodeIgniter->run()
#10 E:\exam\vendor\codeigniter4\framework\system\Commands\Server\rewrite.php(34): require_once('E:\\exam\\public\\...')
#11 {main}
CRITICAL - 2020-11-10 22:37:42 --> Column 'title' cannot be null
#0 E:\exam\vendor\codeigniter4\framework\system\Database\MySQLi\Connection.php(331): mysqli->query('INSERT INTO `ex...')
#1 E:\exam\vendor\codeigniter4\framework\system\Database\BaseConnection.php(741): CodeIgniter\Database\MySQLi\Connection->execute('INSERT INTO `ex...')
#2 E:\exam\vendor\codeigniter4\framework\system\Database\BaseConnection.php(669): CodeIgniter\Database\BaseConnection->simpleQuery('INSERT INTO `ex...')
#3 E:\exam\vendor\codeigniter4\framework\system\Database\BaseBuilder.php(2249): CodeIgniter\Database\BaseConnection->query('INSERT INTO `ex...', Array, false)
#4 E:\exam\app\Models\CoreModel.php(56): CodeIgniter\Database\BaseBuilder->insert(Array)
#5 E:\exam\app\Controllers\admin\ExamCreator.php(33): App\Models\CoreModel->insertData(Array, 'exam')
#6 E:\exam\vendor\codeigniter4\framework\system\CodeIgniter.php(918): App\Controllers\admin\ExamCreator->addExam()
#7 E:\exam\vendor\codeigniter4\framework\system\CodeIgniter.php(404): CodeIgniter\CodeIgniter->runController(Object(App\Controllers\admin\ExamCreator))
#8 E:\exam\vendor\codeigniter4\framework\system\CodeIgniter.php(312): CodeIgniter\CodeIgniter->handleRequest(NULL, Object(Config\Cache), false)
#9 E:\exam\public\index.php(45): CodeIgniter\CodeIgniter->run()
#10 E:\exam\vendor\codeigniter4\framework\system\Commands\Server\rewrite.php(34): require_once('E:\\exam\\public\\...')
#11 {main}
CRITICAL - 2020-11-10 22:38:26 --> Column 'title' cannot be null
#0 E:\exam\vendor\codeigniter4\framework\system\Database\MySQLi\Connection.php(331): mysqli->query('INSERT INTO `ex...')
#1 E:\exam\vendor\codeigniter4\framework\system\Database\BaseConnection.php(741): CodeIgniter\Database\MySQLi\Connection->execute('INSERT INTO `ex...')
#2 E:\exam\vendor\codeigniter4\framework\system\Database\BaseConnection.php(669): CodeIgniter\Database\BaseConnection->simpleQuery('INSERT INTO `ex...')
#3 E:\exam\vendor\codeigniter4\framework\system\Database\BaseBuilder.php(2249): CodeIgniter\Database\BaseConnection->query('INSERT INTO `ex...', Array, false)
#4 E:\exam\app\Models\CoreModel.php(56): CodeIgniter\Database\BaseBuilder->insert(Array)
#5 E:\exam\app\Controllers\admin\ExamCreator.php(33): App\Models\CoreModel->insertData(Array, 'exam')
#6 E:\exam\vendor\codeigniter4\framework\system\CodeIgniter.php(918): App\Controllers\admin\ExamCreator->addExam()
#7 E:\exam\vendor\codeigniter4\framework\system\CodeIgniter.php(404): CodeIgniter\CodeIgniter->runController(Object(App\Controllers\admin\ExamCreator))
#8 E:\exam\vendor\codeigniter4\framework\system\CodeIgniter.php(312): CodeIgniter\CodeIgniter->handleRequest(NULL, Object(Config\Cache), false)
#9 E:\exam\public\index.php(45): CodeIgniter\CodeIgniter->run()
#10 E:\exam\vendor\codeigniter4\framework\system\Commands\Server\rewrite.php(34): require_once('E:\\exam\\public\\...')
#11 {main}
CRITICAL - 2020-11-10 22:39:18 --> Column 'title' cannot be null
#0 E:\exam\vendor\codeigniter4\framework\system\Database\MySQLi\Connection.php(331): mysqli->query('INSERT INTO `ex...')
#1 E:\exam\vendor\codeigniter4\framework\system\Database\BaseConnection.php(741): CodeIgniter\Database\MySQLi\Connection->execute('INSERT INTO `ex...')
#2 E:\exam\vendor\codeigniter4\framework\system\Database\BaseConnection.php(669): CodeIgniter\Database\BaseConnection->simpleQuery('INSERT INTO `ex...')
#3 E:\exam\vendor\codeigniter4\framework\system\Database\BaseBuilder.php(2249): CodeIgniter\Database\BaseConnection->query('INSERT INTO `ex...', Array, false)
#4 E:\exam\app\Models\CoreModel.php(56): CodeIgniter\Database\BaseBuilder->insert(Array)
#5 E:\exam\app\Controllers\admin\ExamCreator.php(33): App\Models\CoreModel->insertData(Array, 'exam')
#6 E:\exam\vendor\codeigniter4\framework\system\CodeIgniter.php(918): App\Controllers\admin\ExamCreator->addExam()
#7 E:\exam\vendor\codeigniter4\framework\system\CodeIgniter.php(404): CodeIgniter\CodeIgniter->runController(Object(App\Controllers\admin\ExamCreator))
#8 E:\exam\vendor\codeigniter4\framework\system\CodeIgniter.php(312): CodeIgniter\CodeIgniter->handleRequest(NULL, Object(Config\Cache), false)
#9 E:\exam\public\index.php(45): CodeIgniter\CodeIgniter->run()
#10 E:\exam\vendor\codeigniter4\framework\system\Commands\Server\rewrite.php(34): require_once('E:\\exam\\public\\...')
#11 {main}
CRITICAL - 2020-11-10 22:39:45 --> Column 'title' cannot be null
#0 E:\exam\vendor\codeigniter4\framework\system\Database\MySQLi\Connection.php(331): mysqli->query('INSERT INTO `ex...')
#1 E:\exam\vendor\codeigniter4\framework\system\Database\BaseConnection.php(741): CodeIgniter\Database\MySQLi\Connection->execute('INSERT INTO `ex...')
#2 E:\exam\vendor\codeigniter4\framework\system\Database\BaseConnection.php(669): CodeIgniter\Database\BaseConnection->simpleQuery('INSERT INTO `ex...')
#3 E:\exam\vendor\codeigniter4\framework\system\Database\BaseBuilder.php(2249): CodeIgniter\Database\BaseConnection->query('INSERT INTO `ex...', Array, false)
#4 E:\exam\app\Models\CoreModel.php(56): CodeIgniter\Database\BaseBuilder->insert(Array)
#5 E:\exam\app\Controllers\admin\ExamCreator.php(33): App\Models\CoreModel->insertData(Array, 'exam')
#6 E:\exam\vendor\codeigniter4\framework\system\CodeIgniter.php(918): App\Controllers\admin\ExamCreator->addExam()
#7 E:\exam\vendor\codeigniter4\framework\system\CodeIgniter.php(404): CodeIgniter\CodeIgniter->runController(Object(App\Controllers\admin\ExamCreator))
#8 E:\exam\vendor\codeigniter4\framework\system\CodeIgniter.php(312): CodeIgniter\CodeIgniter->handleRequest(NULL, Object(Config\Cache), false)
#9 E:\exam\public\index.php(45): CodeIgniter\CodeIgniter->run()
#10 E:\exam\vendor\codeigniter4\framework\system\Commands\Server\rewrite.php(34): require_once('E:\\exam\\public\\...')
#11 {main}
CRITICAL - 2020-11-10 22:40:35 --> Column 'title' cannot be null
#0 E:\exam\vendor\codeigniter4\framework\system\Database\MySQLi\Connection.php(331): mysqli->query('INSERT INTO `ex...')
#1 E:\exam\vendor\codeigniter4\framework\system\Database\BaseConnection.php(741): CodeIgniter\Database\MySQLi\Connection->execute('INSERT INTO `ex...')
#2 E:\exam\vendor\codeigniter4\framework\system\Database\BaseConnection.php(669): CodeIgniter\Database\BaseConnection->simpleQuery('INSERT INTO `ex...')
#3 E:\exam\vendor\codeigniter4\framework\system\Database\BaseBuilder.php(2249): CodeIgniter\Database\BaseConnection->query('INSERT INTO `ex...', Array, false)
#4 E:\exam\app\Models\CoreModel.php(56): CodeIgniter\Database\BaseBuilder->insert(Array)
#5 E:\exam\app\Controllers\admin\ExamCreator.php(33): App\Models\CoreModel->insertData(Array, 'exam')
#6 E:\exam\vendor\codeigniter4\framework\system\CodeIgniter.php(918): App\Controllers\admin\ExamCreator->addExam()
#7 E:\exam\vendor\codeigniter4\framework\system\CodeIgniter.php(404): CodeIgniter\CodeIgniter->runController(Object(App\Controllers\admin\ExamCreator))
#8 E:\exam\vendor\codeigniter4\framework\system\CodeIgniter.php(312): CodeIgniter\CodeIgniter->handleRequest(NULL, Object(Config\Cache), false)
#9 E:\exam\public\index.php(45): CodeIgniter\CodeIgniter->run()
#10 E:\exam\vendor\codeigniter4\framework\system\Commands\Server\rewrite.php(34): require_once('E:\\exam\\public\\...')
#11 {main}
CRITICAL - 2020-11-10 22:41:34 --> Column 'title' cannot be null
#0 E:\exam\vendor\codeigniter4\framework\system\Database\MySQLi\Connection.php(331): mysqli->query('INSERT INTO `ex...')
#1 E:\exam\vendor\codeigniter4\framework\system\Database\BaseConnection.php(741): CodeIgniter\Database\MySQLi\Connection->execute('INSERT INTO `ex...')
#2 E:\exam\vendor\codeigniter4\framework\system\Database\BaseConnection.php(669): CodeIgniter\Database\BaseConnection->simpleQuery('INSERT INTO `ex...')
#3 E:\exam\vendor\codeigniter4\framework\system\Database\BaseBuilder.php(2249): CodeIgniter\Database\BaseConnection->query('INSERT INTO `ex...', Array, false)
#4 E:\exam\app\Models\CoreModel.php(56): CodeIgniter\Database\BaseBuilder->insert(Array)
#5 E:\exam\app\Controllers\admin\ExamCreator.php(33): App\Models\CoreModel->insertData(Array, 'exam')
#6 E:\exam\vendor\codeigniter4\framework\system\CodeIgniter.php(918): App\Controllers\admin\ExamCreator->addExam()
#7 E:\exam\vendor\codeigniter4\framework\system\CodeIgniter.php(404): CodeIgniter\CodeIgniter->runController(Object(App\Controllers\admin\ExamCreator))
#8 E:\exam\vendor\codeigniter4\framework\system\CodeIgniter.php(312): CodeIgniter\CodeIgniter->handleRequest(NULL, Object(Config\Cache), false)
#9 E:\exam\public\index.php(45): CodeIgniter\CodeIgniter->run()
#10 E:\exam\vendor\codeigniter4\framework\system\Commands\Server\rewrite.php(34): require_once('E:\\exam\\public\\...')
#11 {main}
CRITICAL - 2020-11-10 22:42:00 --> Column 'title' cannot be null
#0 E:\exam\vendor\codeigniter4\framework\system\Database\MySQLi\Connection.php(331): mysqli->query('INSERT INTO `ex...')
#1 E:\exam\vendor\codeigniter4\framework\system\Database\BaseConnection.php(741): CodeIgniter\Database\MySQLi\Connection->execute('INSERT INTO `ex...')
#2 E:\exam\vendor\codeigniter4\framework\system\Database\BaseConnection.php(669): CodeIgniter\Database\BaseConnection->simpleQuery('INSERT INTO `ex...')
#3 E:\exam\vendor\codeigniter4\framework\system\Database\BaseBuilder.php(2249): CodeIgniter\Database\BaseConnection->query('INSERT INTO `ex...', Array, false)
#4 E:\exam\app\Models\CoreModel.php(56): CodeIgniter\Database\BaseBuilder->insert(Array)
#5 E:\exam\app\Controllers\admin\ExamCreator.php(33): App\Models\CoreModel->insertData(Array, 'exam')
#6 E:\exam\vendor\codeigniter4\framework\system\CodeIgniter.php(918): App\Controllers\admin\ExamCreator->addExam()
#7 E:\exam\vendor\codeigniter4\framework\system\CodeIgniter.php(404): CodeIgniter\CodeIgniter->runController(Object(App\Controllers\admin\ExamCreator))
#8 E:\exam\vendor\codeigniter4\framework\system\CodeIgniter.php(312): CodeIgniter\CodeIgniter->handleRequest(NULL, Object(Config\Cache), false)
#9 E:\exam\public\index.php(45): CodeIgniter\CodeIgniter->run()
#10 E:\exam\vendor\codeigniter4\framework\system\Commands\Server\rewrite.php(34): require_once('E:\\exam\\public\\...')
#11 {main}
CRITICAL - 2020-11-10 22:42:22 --> Column 'title' cannot be null
#0 E:\exam\vendor\codeigniter4\framework\system\Database\MySQLi\Connection.php(331): mysqli->query('INSERT INTO `ex...')
#1 E:\exam\vendor\codeigniter4\framework\system\Database\BaseConnection.php(741): CodeIgniter\Database\MySQLi\Connection->execute('INSERT INTO `ex...')
#2 E:\exam\vendor\codeigniter4\framework\system\Database\BaseConnection.php(669): CodeIgniter\Database\BaseConnection->simpleQuery('INSERT INTO `ex...')
#3 E:\exam\vendor\codeigniter4\framework\system\Database\BaseBuilder.php(2249): CodeIgniter\Database\BaseConnection->query('INSERT INTO `ex...', Array, false)
#4 E:\exam\app\Models\CoreModel.php(56): CodeIgniter\Database\BaseBuilder->insert(Array)
#5 E:\exam\app\Controllers\admin\ExamCreator.php(33): App\Models\CoreModel->insertData(Array, 'exam')
#6 E:\exam\vendor\codeigniter4\framework\system\CodeIgniter.php(918): App\Controllers\admin\ExamCreator->addExam()
#7 E:\exam\vendor\codeigniter4\framework\system\CodeIgniter.php(404): CodeIgniter\CodeIgniter->runController(Object(App\Controllers\admin\ExamCreator))
#8 E:\exam\vendor\codeigniter4\framework\system\CodeIgniter.php(312): CodeIgniter\CodeIgniter->handleRequest(NULL, Object(Config\Cache), false)
#9 E:\exam\public\index.php(45): CodeIgniter\CodeIgniter->run()
#10 E:\exam\vendor\codeigniter4\framework\system\Commands\Server\rewrite.php(34): require_once('E:\\exam\\public\\...')
#11 {main}
CRITICAL - 2020-11-10 22:50:47 --> Column 'answer' cannot be null
#0 E:\exam\vendor\codeigniter4\framework\system\Database\MySQLi\Connection.php(331): mysqli->query('INSERT INTO `qu...')
#1 E:\exam\vendor\codeigniter4\framework\system\Database\BaseConnection.php(741): CodeIgniter\Database\MySQLi\Connection->execute('INSERT INTO `qu...')
#2 E:\exam\vendor\codeigniter4\framework\system\Database\BaseConnection.php(669): CodeIgniter\Database\BaseConnection->simpleQuery('INSERT INTO `qu...')
#3 E:\exam\vendor\codeigniter4\framework\system\Database\BaseBuilder.php(2249): CodeIgniter\Database\BaseConnection->query('INSERT INTO `qu...', Array, false)
#4 E:\exam\app\Models\CoreModel.php(56): CodeIgniter\Database\BaseBuilder->insert(Array)
#5 E:\exam\app\Controllers\admin\ExamCreator.php(43): App\Models\CoreModel->insertData(Array, 'question')
#6 E:\exam\vendor\codeigniter4\framework\system\CodeIgniter.php(918): App\Controllers\admin\ExamCreator->addExam()
#7 E:\exam\vendor\codeigniter4\framework\system\CodeIgniter.php(404): CodeIgniter\CodeIgniter->runController(Object(App\Controllers\admin\ExamCreator))
#8 E:\exam\vendor\codeigniter4\framework\system\CodeIgniter.php(312): CodeIgniter\CodeIgniter->handleRequest(NULL, Object(Config\Cache), false)
#9 E:\exam\public\index.php(45): CodeIgniter\CodeIgniter->run()
#10 E:\exam\vendor\codeigniter4\framework\system\Commands\Server\rewrite.php(34): require_once('E:\\exam\\public\\...')
#11 {main}
