CRITICAL - 2020-11-03 15:29:13 --> Unable to connect to the database.
#0 E:\janu.codingfork - Copy\vendor\codeigniter4\framework\system\Database\BaseConnection.php(646): CodeIgniter\Database\BaseConnection->initialize()
#1 E:\janu.codingfork - Copy\vendor\codeigniter4\framework\system\Database\BaseBuilder.php(1860): CodeIgniter\Database\BaseConnection->query('SELECT `exam`.`...', Array, false)
#2 E:\janu.codingfork - Copy\app\Models\CoreModel.php(44): CodeIgniter\Database\BaseBuilder->get(5, 0)
#3 E:\janu.codingfork - Copy\app\Controllers\demo3\ExamCreator.php(136): App\Models\CoreModel->getData(Array, 'exam')
#4 E:\janu.codingfork - Copy\vendor\codeigniter4\framework\system\CodeIgniter.php(918): App\Controllers\demo3\ExamCreator->viewExamsAdmin()
#5 E:\janu.codingfork - Copy\vendor\codeigniter4\framework\system\CodeIgniter.php(404): CodeIgniter\CodeIgniter->runController(Object(App\Controllers\demo3\ExamCreator))
#6 E:\janu.codingfork - Copy\vendor\codeigniter4\framework\system\CodeIgniter.php(312): CodeIgniter\CodeIgniter->handleRequest(NULL, Object(Config\Cache), false)
#7 E:\janu.codingfork - Copy\public\index.php(45): CodeIgniter\CodeIgniter->run()
#8 E:\janu.codingfork - Copy\vendor\codeigniter4\framework\system\Commands\Server\rewrite.php(34): require_once('E:\\janu.codingf...')
#9 {main}
CRITICAL - 2020-11-03 15:43:20 --> Undefined variable: uri
#0 E:\janu.codingfork - Copy\app\Views\baselayout\sidebar.php(52): CodeIgniter\Debug\Exceptions->errorHandler(8, 'Undefined varia...', 'E:\\janu.codingf...', 52, Array)
#1 E:\janu.codingfork - Copy\vendor\codeigniter4\framework\system\View\View.php(246): include('E:\\janu.codingf...')
#2 E:\janu.codingfork - Copy\vendor\codeigniter4\framework\system\Common.php(1119): CodeIgniter\View\View->render('baselayout/side...', Array, true)
#3 E:\janu.codingfork - Copy\app\Controllers\BaseController.php(64): view('baselayout/side...')
#4 E:\janu.codingfork - Copy\app\Controllers\admin\ExamCreator.php(15): App\Controllers\BaseController->loadLayout('content/exam/in...', Array)
#5 E:\janu.codingfork - Copy\vendor\codeigniter4\framework\system\CodeIgniter.php(918): App\Controllers\admin\ExamCreator->index()
#6 E:\janu.codingfork - Copy\vendor\codeigniter4\framework\system\CodeIgniter.php(404): CodeIgniter\CodeIgniter->runController(Object(App\Controllers\admin\ExamCreator))
#7 E:\janu.codingfork - Copy\vendor\codeigniter4\framework\system\CodeIgniter.php(312): CodeIgniter\CodeIgniter->handleRequest(NULL, Object(Config\Cache), false)
#8 E:\janu.codingfork - Copy\public\index.php(45): CodeIgniter\CodeIgniter->run()
#9 E:\janu.codingfork - Copy\vendor\codeigniter4\framework\system\Commands\Server\rewrite.php(34): require_once('E:\\janu.codingf...')
#10 {main}
CRITICAL - 2020-11-03 15:52:08 --> count(): Parameter must be an array or an object that implements Countable
#0 [internal function]: CodeIgniter\Debug\Exceptions->errorHandler(2, 'count(): Parame...', 'E:\\janu.codingf...', 35, Array)
#1 E:\janu.codingfork - Copy\app\Controllers\admin\ExamCreator.php(35): count(NULL)
#2 E:\janu.codingfork - Copy\vendor\codeigniter4\framework\system\CodeIgniter.php(918): App\Controllers\admin\ExamCreator->addExam()
#3 E:\janu.codingfork - Copy\vendor\codeigniter4\framework\system\CodeIgniter.php(404): CodeIgniter\CodeIgniter->runController(Object(App\Controllers\admin\ExamCreator))
#4 E:\janu.codingfork - Copy\vendor\codeigniter4\framework\system\CodeIgniter.php(312): CodeIgniter\CodeIgniter->handleRequest(NULL, Object(Config\Cache), false)
#5 E:\janu.codingfork - Copy\public\index.php(45): CodeIgniter\CodeIgniter->run()
#6 E:\janu.codingfork - Copy\vendor\codeigniter4\framework\system\Commands\Server\rewrite.php(34): require_once('E:\\janu.codingf...')
#7 {main}
CRITICAL - 2020-11-03 15:52:28 --> count(): Parameter must be an array or an object that implements Countable
#0 [internal function]: CodeIgniter\Debug\Exceptions->errorHandler(2, 'count(): Parame...', 'E:\\janu.codingf...', 35, Array)
#1 E:\janu.codingfork - Copy\app\Controllers\admin\ExamCreator.php(35): count(NULL)
#2 E:\janu.codingfork - Copy\vendor\codeigniter4\framework\system\CodeIgniter.php(918): App\Controllers\admin\ExamCreator->addExam()
#3 E:\janu.codingfork - Copy\vendor\codeigniter4\framework\system\CodeIgniter.php(404): CodeIgniter\CodeIgniter->runController(Object(App\Controllers\admin\ExamCreator))
#4 E:\janu.codingfork - Copy\vendor\codeigniter4\framework\system\CodeIgniter.php(312): CodeIgniter\CodeIgniter->handleRequest(NULL, Object(Config\Cache), false)
#5 E:\janu.codingfork - Copy\public\index.php(45): CodeIgniter\CodeIgniter->run()
#6 E:\janu.codingfork - Copy\vendor\codeigniter4\framework\system\Commands\Server\rewrite.php(34): require_once('E:\\janu.codingf...')
#7 {main}
CRITICAL - 2020-11-03 15:52:30 --> count(): Parameter must be an array or an object that implements Countable
#0 [internal function]: CodeIgniter\Debug\Exceptions->errorHandler(2, 'count(): Parame...', 'E:\\janu.codingf...', 35, Array)
#1 E:\janu.codingfork - Copy\app\Controllers\admin\ExamCreator.php(35): count(NULL)
#2 E:\janu.codingfork - Copy\vendor\codeigniter4\framework\system\CodeIgniter.php(918): App\Controllers\admin\ExamCreator->addExam()
#3 E:\janu.codingfork - Copy\vendor\codeigniter4\framework\system\CodeIgniter.php(404): CodeIgniter\CodeIgniter->runController(Object(App\Controllers\admin\ExamCreator))
#4 E:\janu.codingfork - Copy\vendor\codeigniter4\framework\system\CodeIgniter.php(312): CodeIgniter\CodeIgniter->handleRequest(NULL, Object(Config\Cache), false)
#5 E:\janu.codingfork - Copy\public\index.php(45): CodeIgniter\CodeIgniter->run()
#6 E:\janu.codingfork - Copy\vendor\codeigniter4\framework\system\Commands\Server\rewrite.php(34): require_once('E:\\janu.codingf...')
#7 {main}
CRITICAL - 2020-11-03 15:55:25 --> count(): Parameter must be an array or an object that implements Countable
#0 [internal function]: CodeIgniter\Debug\Exceptions->errorHandler(2, 'count(): Parame...', 'E:\\janu.codingf...', 35, Array)
#1 E:\janu.codingfork - Copy\app\Controllers\admin\ExamCreator.php(35): count(NULL)
#2 E:\janu.codingfork - Copy\vendor\codeigniter4\framework\system\CodeIgniter.php(918): App\Controllers\admin\ExamCreator->addExam()
#3 E:\janu.codingfork - Copy\vendor\codeigniter4\framework\system\CodeIgniter.php(404): CodeIgniter\CodeIgniter->runController(Object(App\Controllers\admin\ExamCreator))
#4 E:\janu.codingfork - Copy\vendor\codeigniter4\framework\system\CodeIgniter.php(312): CodeIgniter\CodeIgniter->handleRequest(NULL, Object(Config\Cache), false)
#5 E:\janu.codingfork - Copy\public\index.php(45): CodeIgniter\CodeIgniter->run()
#6 E:\janu.codingfork - Copy\vendor\codeigniter4\framework\system\Commands\Server\rewrite.php(34): require_once('E:\\janu.codingf...')
#7 {main}
CRITICAL - 2020-11-03 15:56:27 --> count(): Parameter must be an array or an object that implements Countable
#0 [internal function]: CodeIgniter\Debug\Exceptions->errorHandler(2, 'count(): Parame...', 'E:\\janu.codingf...', 35, Array)
#1 E:\janu.codingfork - Copy\app\Controllers\admin\ExamCreator.php(35): count(NULL)
#2 E:\janu.codingfork - Copy\vendor\codeigniter4\framework\system\CodeIgniter.php(918): App\Controllers\admin\ExamCreator->addExam()
#3 E:\janu.codingfork - Copy\vendor\codeigniter4\framework\system\CodeIgniter.php(404): CodeIgniter\CodeIgniter->runController(Object(App\Controllers\admin\ExamCreator))
#4 E:\janu.codingfork - Copy\vendor\codeigniter4\framework\system\CodeIgniter.php(312): CodeIgniter\CodeIgniter->handleRequest(NULL, Object(Config\Cache), false)
#5 E:\janu.codingfork - Copy\public\index.php(45): CodeIgniter\CodeIgniter->run()
#6 E:\janu.codingfork - Copy\vendor\codeigniter4\framework\system\Commands\Server\rewrite.php(34): require_once('E:\\janu.codingf...')
#7 {main}
CRITICAL - 2020-11-03 16:00:28 --> count(): Parameter must be an array or an object that implements Countable
#0 [internal function]: CodeIgniter\Debug\Exceptions->errorHandler(2, 'count(): Parame...', 'E:\\janu.codingf...', 35, Array)
#1 E:\janu.codingfork - Copy\app\Controllers\admin\ExamCreator.php(35): count(NULL)
#2 E:\janu.codingfork - Copy\vendor\codeigniter4\framework\system\CodeIgniter.php(918): App\Controllers\admin\ExamCreator->addExam()
#3 E:\janu.codingfork - Copy\vendor\codeigniter4\framework\system\CodeIgniter.php(404): CodeIgniter\CodeIgniter->runController(Object(App\Controllers\admin\ExamCreator))
#4 E:\janu.codingfork - Copy\vendor\codeigniter4\framework\system\CodeIgniter.php(312): CodeIgniter\CodeIgniter->handleRequest(NULL, Object(Config\Cache), false)
#5 E:\janu.codingfork - Copy\public\index.php(45): CodeIgniter\CodeIgniter->run()
#6 E:\janu.codingfork - Copy\vendor\codeigniter4\framework\system\Commands\Server\rewrite.php(34): require_once('E:\\janu.codingf...')
#7 {main}
CRITICAL - 2020-11-03 16:00:57 --> count(): Parameter must be an array or an object that implements Countable
#0 [internal function]: CodeIgniter\Debug\Exceptions->errorHandler(2, 'count(): Parame...', 'E:\\janu.codingf...', 35, Array)
#1 E:\janu.codingfork - Copy\app\Controllers\admin\ExamCreator.php(35): count(NULL)
#2 E:\janu.codingfork - Copy\vendor\codeigniter4\framework\system\CodeIgniter.php(918): App\Controllers\admin\ExamCreator->addExam()
#3 E:\janu.codingfork - Copy\vendor\codeigniter4\framework\system\CodeIgniter.php(404): CodeIgniter\CodeIgniter->runController(Object(App\Controllers\admin\ExamCreator))
#4 E:\janu.codingfork - Copy\vendor\codeigniter4\framework\system\CodeIgniter.php(312): CodeIgniter\CodeIgniter->handleRequest(NULL, Object(Config\Cache), false)
#5 E:\janu.codingfork - Copy\public\index.php(45): CodeIgniter\CodeIgniter->run()
#6 E:\janu.codingfork - Copy\vendor\codeigniter4\framework\system\Commands\Server\rewrite.php(34): require_once('E:\\janu.codingf...')
#7 {main}
CRITICAL - 2020-11-03 16:03:46 --> count(): Parameter must be an array or an object that implements Countable
#0 [internal function]: CodeIgniter\Debug\Exceptions->errorHandler(2, 'count(): Parame...', 'E:\\janu.codingf...', 35, Array)
#1 E:\janu.codingfork - Copy\app\Controllers\admin\ExamCreator.php(35): count(NULL)
#2 E:\janu.codingfork - Copy\vendor\codeigniter4\framework\system\CodeIgniter.php(918): App\Controllers\admin\ExamCreator->addExam()
#3 E:\janu.codingfork - Copy\vendor\codeigniter4\framework\system\CodeIgniter.php(404): CodeIgniter\CodeIgniter->runController(Object(App\Controllers\admin\ExamCreator))
#4 E:\janu.codingfork - Copy\vendor\codeigniter4\framework\system\CodeIgniter.php(312): CodeIgniter\CodeIgniter->handleRequest(NULL, Object(Config\Cache), false)
#5 E:\janu.codingfork - Copy\public\index.php(45): CodeIgniter\CodeIgniter->run()
#6 E:\janu.codingfork - Copy\vendor\codeigniter4\framework\system\Commands\Server\rewrite.php(34): require_once('E:\\janu.codingf...')
#7 {main}
CRITICAL - 2020-11-03 16:05:07 --> count(): Parameter must be an array or an object that implements Countable
#0 [internal function]: CodeIgniter\Debug\Exceptions->errorHandler(2, 'count(): Parame...', 'E:\\janu.codingf...', 35, Array)
#1 E:\janu.codingfork - Copy\app\Controllers\admin\ExamCreator.php(35): count(NULL)
#2 E:\janu.codingfork - Copy\vendor\codeigniter4\framework\system\CodeIgniter.php(918): App\Controllers\admin\ExamCreator->addExam()
#3 E:\janu.codingfork - Copy\vendor\codeigniter4\framework\system\CodeIgniter.php(404): CodeIgniter\CodeIgniter->runController(Object(App\Controllers\admin\ExamCreator))
#4 E:\janu.codingfork - Copy\vendor\codeigniter4\framework\system\CodeIgniter.php(312): CodeIgniter\CodeIgniter->handleRequest(NULL, Object(Config\Cache), false)
#5 E:\janu.codingfork - Copy\public\index.php(45): CodeIgniter\CodeIgniter->run()
#6 E:\janu.codingfork - Copy\vendor\codeigniter4\framework\system\Commands\Server\rewrite.php(34): require_once('E:\\janu.codingf...')
#7 {main}
CRITICAL - 2020-11-03 16:06:33 --> count(): Parameter must be an array or an object that implements Countable
#0 [internal function]: CodeIgniter\Debug\Exceptions->errorHandler(2, 'count(): Parame...', 'E:\\janu.codingf...', 35, Array)
#1 E:\janu.codingfork - Copy\app\Controllers\admin\ExamCreator.php(35): count(NULL)
#2 E:\janu.codingfork - Copy\vendor\codeigniter4\framework\system\CodeIgniter.php(918): App\Controllers\admin\ExamCreator->addExam()
#3 E:\janu.codingfork - Copy\vendor\codeigniter4\framework\system\CodeIgniter.php(404): CodeIgniter\CodeIgniter->runController(Object(App\Controllers\admin\ExamCreator))
#4 E:\janu.codingfork - Copy\vendor\codeigniter4\framework\system\CodeIgniter.php(312): CodeIgniter\CodeIgniter->handleRequest(NULL, Object(Config\Cache), false)
#5 E:\janu.codingfork - Copy\public\index.php(45): CodeIgniter\CodeIgniter->run()
#6 E:\janu.codingfork - Copy\vendor\codeigniter4\framework\system\Commands\Server\rewrite.php(34): require_once('E:\\janu.codingf...')
#7 {main}
CRITICAL - 2020-11-03 16:07:14 --> count(): Parameter must be an array or an object that implements Countable
#0 [internal function]: CodeIgniter\Debug\Exceptions->errorHandler(2, 'count(): Parame...', 'E:\\janu.codingf...', 35, Array)
#1 E:\janu.codingfork - Copy\app\Controllers\admin\ExamCreator.php(35): count(NULL)
#2 E:\janu.codingfork - Copy\vendor\codeigniter4\framework\system\CodeIgniter.php(918): App\Controllers\admin\ExamCreator->addExam()
#3 E:\janu.codingfork - Copy\vendor\codeigniter4\framework\system\CodeIgniter.php(404): CodeIgniter\CodeIgniter->runController(Object(App\Controllers\admin\ExamCreator))
#4 E:\janu.codingfork - Copy\vendor\codeigniter4\framework\system\CodeIgniter.php(312): CodeIgniter\CodeIgniter->handleRequest(NULL, Object(Config\Cache), false)
#5 E:\janu.codingfork - Copy\public\index.php(45): CodeIgniter\CodeIgniter->run()
#6 E:\janu.codingfork - Copy\vendor\codeigniter4\framework\system\Commands\Server\rewrite.php(34): require_once('E:\\janu.codingf...')
#7 {main}
CRITICAL - 2020-11-03 16:08:53 --> count(): Parameter must be an array or an object that implements Countable
#0 [internal function]: CodeIgniter\Debug\Exceptions->errorHandler(2, 'count(): Parame...', 'E:\\janu.codingf...', 35, Array)
#1 E:\janu.codingfork - Copy\app\Controllers\admin\ExamCreator.php(35): count(NULL)
#2 E:\janu.codingfork - Copy\vendor\codeigniter4\framework\system\CodeIgniter.php(918): App\Controllers\admin\ExamCreator->addExam()
#3 E:\janu.codingfork - Copy\vendor\codeigniter4\framework\system\CodeIgniter.php(404): CodeIgniter\CodeIgniter->runController(Object(App\Controllers\admin\ExamCreator))
#4 E:\janu.codingfork - Copy\vendor\codeigniter4\framework\system\CodeIgniter.php(312): CodeIgniter\CodeIgniter->handleRequest(NULL, Object(Config\Cache), false)
#5 E:\janu.codingfork - Copy\public\index.php(45): CodeIgniter\CodeIgniter->run()
#6 E:\janu.codingfork - Copy\vendor\codeigniter4\framework\system\Commands\Server\rewrite.php(34): require_once('E:\\janu.codingf...')
#7 {main}
CRITICAL - 2020-11-03 16:09:13 --> count(): Parameter must be an array or an object that implements Countable
#0 [internal function]: CodeIgniter\Debug\Exceptions->errorHandler(2, 'count(): Parame...', 'E:\\janu.codingf...', 35, Array)
#1 E:\janu.codingfork - Copy\app\Controllers\admin\ExamCreator.php(35): count(NULL)
#2 E:\janu.codingfork - Copy\vendor\codeigniter4\framework\system\CodeIgniter.php(918): App\Controllers\admin\ExamCreator->addExam()
#3 E:\janu.codingfork - Copy\vendor\codeigniter4\framework\system\CodeIgniter.php(404): CodeIgniter\CodeIgniter->runController(Object(App\Controllers\admin\ExamCreator))
#4 E:\janu.codingfork - Copy\vendor\codeigniter4\framework\system\CodeIgniter.php(312): CodeIgniter\CodeIgniter->handleRequest(NULL, Object(Config\Cache), false)
#5 E:\janu.codingfork - Copy\public\index.php(45): CodeIgniter\CodeIgniter->run()
#6 E:\janu.codingfork - Copy\vendor\codeigniter4\framework\system\Commands\Server\rewrite.php(34): require_once('E:\\janu.codingf...')
#7 {main}
CRITICAL - 2020-11-03 16:09:30 --> count(): Parameter must be an array or an object that implements Countable
#0 [internal function]: CodeIgniter\Debug\Exceptions->errorHandler(2, 'count(): Parame...', 'E:\\janu.codingf...', 35, Array)
#1 E:\janu.codingfork - Copy\app\Controllers\admin\ExamCreator.php(35): count(NULL)
#2 E:\janu.codingfork - Copy\vendor\codeigniter4\framework\system\CodeIgniter.php(918): App\Controllers\admin\ExamCreator->addExam()
#3 E:\janu.codingfork - Copy\vendor\codeigniter4\framework\system\CodeIgniter.php(404): CodeIgniter\CodeIgniter->runController(Object(App\Controllers\admin\ExamCreator))
#4 E:\janu.codingfork - Copy\vendor\codeigniter4\framework\system\CodeIgniter.php(312): CodeIgniter\CodeIgniter->handleRequest(NULL, Object(Config\Cache), false)
#5 E:\janu.codingfork - Copy\public\index.php(45): CodeIgniter\CodeIgniter->run()
#6 E:\janu.codingfork - Copy\vendor\codeigniter4\framework\system\Commands\Server\rewrite.php(34): require_once('E:\\janu.codingf...')
#7 {main}
CRITICAL - 2020-11-03 16:09:32 --> count(): Parameter must be an array or an object that implements Countable
#0 [internal function]: CodeIgniter\Debug\Exceptions->errorHandler(2, 'count(): Parame...', 'E:\\janu.codingf...', 35, Array)
#1 E:\janu.codingfork - Copy\app\Controllers\admin\ExamCreator.php(35): count(NULL)
#2 E:\janu.codingfork - Copy\vendor\codeigniter4\framework\system\CodeIgniter.php(918): App\Controllers\admin\ExamCreator->addExam()
#3 E:\janu.codingfork - Copy\vendor\codeigniter4\framework\system\CodeIgniter.php(404): CodeIgniter\CodeIgniter->runController(Object(App\Controllers\admin\ExamCreator))
#4 E:\janu.codingfork - Copy\vendor\codeigniter4\framework\system\CodeIgniter.php(312): CodeIgniter\CodeIgniter->handleRequest(NULL, Object(Config\Cache), false)
#5 E:\janu.codingfork - Copy\public\index.php(45): CodeIgniter\CodeIgniter->run()
#6 E:\janu.codingfork - Copy\vendor\codeigniter4\framework\system\Commands\Server\rewrite.php(34): require_once('E:\\janu.codingf...')
#7 {main}
CRITICAL - 2020-11-03 16:11:16 --> count(): Parameter must be an array or an object that implements Countable
#0 [internal function]: CodeIgniter\Debug\Exceptions->errorHandler(2, 'count(): Parame...', 'E:\\janu.codingf...', 35, Array)
#1 E:\janu.codingfork - Copy\app\Controllers\admin\ExamCreator.php(35): count(NULL)
#2 E:\janu.codingfork - Copy\vendor\codeigniter4\framework\system\CodeIgniter.php(918): App\Controllers\admin\ExamCreator->addExam()
#3 E:\janu.codingfork - Copy\vendor\codeigniter4\framework\system\CodeIgniter.php(404): CodeIgniter\CodeIgniter->runController(Object(App\Controllers\admin\ExamCreator))
#4 E:\janu.codingfork - Copy\vendor\codeigniter4\framework\system\CodeIgniter.php(312): CodeIgniter\CodeIgniter->handleRequest(NULL, Object(Config\Cache), false)
#5 E:\janu.codingfork - Copy\public\index.php(45): CodeIgniter\CodeIgniter->run()
#6 E:\janu.codingfork - Copy\vendor\codeigniter4\framework\system\Commands\Server\rewrite.php(34): require_once('E:\\janu.codingf...')
#7 {main}
CRITICAL - 2020-11-03 16:13:55 --> count(): Parameter must be an array or an object that implements Countable
#0 [internal function]: CodeIgniter\Debug\Exceptions->errorHandler(2, 'count(): Parame...', 'E:\\janu.codingf...', 35, Array)
#1 E:\janu.codingfork - Copy\app\Controllers\admin\ExamCreator.php(35): count(NULL)
#2 E:\janu.codingfork - Copy\vendor\codeigniter4\framework\system\CodeIgniter.php(918): App\Controllers\admin\ExamCreator->addExam()
#3 E:\janu.codingfork - Copy\vendor\codeigniter4\framework\system\CodeIgniter.php(404): CodeIgniter\CodeIgniter->runController(Object(App\Controllers\admin\ExamCreator))
#4 E:\janu.codingfork - Copy\vendor\codeigniter4\framework\system\CodeIgniter.php(312): CodeIgniter\CodeIgniter->handleRequest(NULL, Object(Config\Cache), false)
#5 E:\janu.codingfork - Copy\public\index.php(45): CodeIgniter\CodeIgniter->run()
#6 E:\janu.codingfork - Copy\vendor\codeigniter4\framework\system\Commands\Server\rewrite.php(34): require_once('E:\\janu.codingf...')
#7 {main}
CRITICAL - 2020-11-03 16:15:01 --> count(): Parameter must be an array or an object that implements Countable
#0 [internal function]: CodeIgniter\Debug\Exceptions->errorHandler(2, 'count(): Parame...', 'E:\\janu.codingf...', 35, Array)
#1 E:\janu.codingfork - Copy\app\Controllers\admin\ExamCreator.php(35): count(NULL)
#2 E:\janu.codingfork - Copy\vendor\codeigniter4\framework\system\CodeIgniter.php(918): App\Controllers\admin\ExamCreator->addExam()
#3 E:\janu.codingfork - Copy\vendor\codeigniter4\framework\system\CodeIgniter.php(404): CodeIgniter\CodeIgniter->runController(Object(App\Controllers\admin\ExamCreator))
#4 E:\janu.codingfork - Copy\vendor\codeigniter4\framework\system\CodeIgniter.php(312): CodeIgniter\CodeIgniter->handleRequest(NULL, Object(Config\Cache), false)
#5 E:\janu.codingfork - Copy\public\index.php(45): CodeIgniter\CodeIgniter->run()
#6 E:\janu.codingfork - Copy\vendor\codeigniter4\framework\system\Commands\Server\rewrite.php(34): require_once('E:\\janu.codingf...')
#7 {main}
CRITICAL - 2020-11-03 16:15:08 --> count(): Parameter must be an array or an object that implements Countable
#0 [internal function]: CodeIgniter\Debug\Exceptions->errorHandler(2, 'count(): Parame...', 'E:\\janu.codingf...', 35, Array)
#1 E:\janu.codingfork - Copy\app\Controllers\admin\ExamCreator.php(35): count(NULL)
#2 E:\janu.codingfork - Copy\vendor\codeigniter4\framework\system\CodeIgniter.php(918): App\Controllers\admin\ExamCreator->addExam()
#3 E:\janu.codingfork - Copy\vendor\codeigniter4\framework\system\CodeIgniter.php(404): CodeIgniter\CodeIgniter->runController(Object(App\Controllers\admin\ExamCreator))
#4 E:\janu.codingfork - Copy\vendor\codeigniter4\framework\system\CodeIgniter.php(312): CodeIgniter\CodeIgniter->handleRequest(NULL, Object(Config\Cache), false)
#5 E:\janu.codingfork - Copy\public\index.php(45): CodeIgniter\CodeIgniter->run()
#6 E:\janu.codingfork - Copy\vendor\codeigniter4\framework\system\Commands\Server\rewrite.php(34): require_once('E:\\janu.codingf...')
#7 {main}
CRITICAL - 2020-11-03 16:22:55 --> count(): Parameter must be an array or an object that implements Countable
#0 [internal function]: CodeIgniter\Debug\Exceptions->errorHandler(2, 'count(): Parame...', 'E:\\janu.codingf...', 35, Array)
#1 E:\janu.codingfork - Copy\app\Controllers\admin\ExamCreator.php(35): count(NULL)
#2 E:\janu.codingfork - Copy\vendor\codeigniter4\framework\system\CodeIgniter.php(918): App\Controllers\admin\ExamCreator->addExam()
#3 E:\janu.codingfork - Copy\vendor\codeigniter4\framework\system\CodeIgniter.php(404): CodeIgniter\CodeIgniter->runController(Object(App\Controllers\admin\ExamCreator))
#4 E:\janu.codingfork - Copy\vendor\codeigniter4\framework\system\CodeIgniter.php(312): CodeIgniter\CodeIgniter->handleRequest(NULL, Object(Config\Cache), false)
#5 E:\janu.codingfork - Copy\public\index.php(45): CodeIgniter\CodeIgniter->run()
#6 E:\janu.codingfork - Copy\vendor\codeigniter4\framework\system\Commands\Server\rewrite.php(34): require_once('E:\\janu.codingf...')
#7 {main}
CRITICAL - 2020-11-03 16:22:57 --> count(): Parameter must be an array or an object that implements Countable
#0 [internal function]: CodeIgniter\Debug\Exceptions->errorHandler(2, 'count(): Parame...', 'E:\\janu.codingf...', 35, Array)
#1 E:\janu.codingfork - Copy\app\Controllers\admin\ExamCreator.php(35): count(NULL)
#2 E:\janu.codingfork - Copy\vendor\codeigniter4\framework\system\CodeIgniter.php(918): App\Controllers\admin\ExamCreator->addExam()
#3 E:\janu.codingfork - Copy\vendor\codeigniter4\framework\system\CodeIgniter.php(404): CodeIgniter\CodeIgniter->runController(Object(App\Controllers\admin\ExamCreator))
#4 E:\janu.codingfork - Copy\vendor\codeigniter4\framework\system\CodeIgniter.php(312): CodeIgniter\CodeIgniter->handleRequest(NULL, Object(Config\Cache), false)
#5 E:\janu.codingfork - Copy\public\index.php(45): CodeIgniter\CodeIgniter->run()
#6 E:\janu.codingfork - Copy\vendor\codeigniter4\framework\system\Commands\Server\rewrite.php(34): require_once('E:\\janu.codingf...')
#7 {main}
CRITICAL - 2020-11-03 16:29:36 --> count(): Parameter must be an array or an object that implements Countable
#0 [internal function]: CodeIgniter\Debug\Exceptions->errorHandler(2, 'count(): Parame...', 'E:\\janu.codingf...', 35, Array)
#1 E:\janu.codingfork - Copy\app\Controllers\admin\ExamCreator.php(35): count(NULL)
#2 E:\janu.codingfork - Copy\vendor\codeigniter4\framework\system\CodeIgniter.php(918): App\Controllers\admin\ExamCreator->addExam()
#3 E:\janu.codingfork - Copy\vendor\codeigniter4\framework\system\CodeIgniter.php(404): CodeIgniter\CodeIgniter->runController(Object(App\Controllers\admin\ExamCreator))
#4 E:\janu.codingfork - Copy\vendor\codeigniter4\framework\system\CodeIgniter.php(312): CodeIgniter\CodeIgniter->handleRequest(NULL, Object(Config\Cache), false)
#5 E:\janu.codingfork - Copy\public\index.php(45): CodeIgniter\CodeIgniter->run()
#6 E:\janu.codingfork - Copy\vendor\codeigniter4\framework\system\Commands\Server\rewrite.php(34): require_once('E:\\janu.codingf...')
#7 {main}
CRITICAL - 2020-11-03 16:29:39 --> count(): Parameter must be an array or an object that implements Countable
#0 [internal function]: CodeIgniter\Debug\Exceptions->errorHandler(2, 'count(): Parame...', 'E:\\janu.codingf...', 35, Array)
#1 E:\janu.codingfork - Copy\app\Controllers\admin\ExamCreator.php(35): count(NULL)
#2 E:\janu.codingfork - Copy\vendor\codeigniter4\framework\system\CodeIgniter.php(918): App\Controllers\admin\ExamCreator->addExam()
#3 E:\janu.codingfork - Copy\vendor\codeigniter4\framework\system\CodeIgniter.php(404): CodeIgniter\CodeIgniter->runController(Object(App\Controllers\admin\ExamCreator))
#4 E:\janu.codingfork - Copy\vendor\codeigniter4\framework\system\CodeIgniter.php(312): CodeIgniter\CodeIgniter->handleRequest(NULL, Object(Config\Cache), false)
#5 E:\janu.codingfork - Copy\public\index.php(45): CodeIgniter\CodeIgniter->run()
#6 E:\janu.codingfork - Copy\vendor\codeigniter4\framework\system\Commands\Server\rewrite.php(34): require_once('E:\\janu.codingf...')
#7 {main}
CRITICAL - 2020-11-03 16:33:06 --> count(): Parameter must be an array or an object that implements Countable
#0 [internal function]: CodeIgniter\Debug\Exceptions->errorHandler(2, 'count(): Parame...', 'E:\\janu.codingf...', 35, Array)
#1 E:\janu.codingfork - Copy\app\Controllers\admin\ExamCreator.php(35): count(NULL)
#2 E:\janu.codingfork - Copy\vendor\codeigniter4\framework\system\CodeIgniter.php(918): App\Controllers\admin\ExamCreator->addExam()
#3 E:\janu.codingfork - Copy\vendor\codeigniter4\framework\system\CodeIgniter.php(404): CodeIgniter\CodeIgniter->runController(Object(App\Controllers\admin\ExamCreator))
#4 E:\janu.codingfork - Copy\vendor\codeigniter4\framework\system\CodeIgniter.php(312): CodeIgniter\CodeIgniter->handleRequest(NULL, Object(Config\Cache), false)
#5 E:\janu.codingfork - Copy\public\index.php(45): CodeIgniter\CodeIgniter->run()
#6 E:\janu.codingfork - Copy\vendor\codeigniter4\framework\system\Commands\Server\rewrite.php(34): require_once('E:\\janu.codingf...')
#7 {main}
CRITICAL - 2020-11-03 16:46:19 --> count(): Parameter must be an array or an object that implements Countable
#0 [internal function]: CodeIgniter\Debug\Exceptions->errorHandler(2, 'count(): Parame...', 'E:\\janu.codingf...', 35, Array)
#1 E:\janu.codingfork - Copy\app\Controllers\admin\ExamCreator.php(35): count(NULL)
#2 E:\janu.codingfork - Copy\vendor\codeigniter4\framework\system\CodeIgniter.php(918): App\Controllers\admin\ExamCreator->addExam()
#3 E:\janu.codingfork - Copy\vendor\codeigniter4\framework\system\CodeIgniter.php(404): CodeIgniter\CodeIgniter->runController(Object(App\Controllers\admin\ExamCreator))
#4 E:\janu.codingfork - Copy\vendor\codeigniter4\framework\system\CodeIgniter.php(312): CodeIgniter\CodeIgniter->handleRequest(NULL, Object(Config\Cache), false)
#5 E:\janu.codingfork - Copy\public\index.php(45): CodeIgniter\CodeIgniter->run()
#6 E:\janu.codingfork - Copy\vendor\codeigniter4\framework\system\Commands\Server\rewrite.php(34): require_once('E:\\janu.codingf...')
#7 {main}
CRITICAL - 2020-11-03 17:17:18 --> count(): Parameter must be an array or an object that implements Countable
#0 [internal function]: CodeIgniter\Debug\Exceptions->errorHandler(2, 'count(): Parame...', 'E:\\janu.codingf...', 35, Array)
#1 E:\janu.codingfork - Copy\app\Controllers\admin\ExamCreator.php(35): count(NULL)
#2 E:\janu.codingfork - Copy\vendor\codeigniter4\framework\system\CodeIgniter.php(918): App\Controllers\admin\ExamCreator->addExam()
#3 E:\janu.codingfork - Copy\vendor\codeigniter4\framework\system\CodeIgniter.php(404): CodeIgniter\CodeIgniter->runController(Object(App\Controllers\admin\ExamCreator))
#4 E:\janu.codingfork - Copy\vendor\codeigniter4\framework\system\CodeIgniter.php(312): CodeIgniter\CodeIgniter->handleRequest(NULL, Object(Config\Cache), false)
#5 E:\janu.codingfork - Copy\public\index.php(45): CodeIgniter\CodeIgniter->run()
#6 E:\janu.codingfork - Copy\vendor\codeigniter4\framework\system\Commands\Server\rewrite.php(34): require_once('E:\\janu.codingf...')
#7 {main}
CRITICAL - 2020-11-03 17:17:20 --> count(): Parameter must be an array or an object that implements Countable
#0 [internal function]: CodeIgniter\Debug\Exceptions->errorHandler(2, 'count(): Parame...', 'E:\\janu.codingf...', 35, Array)
#1 E:\janu.codingfork - Copy\app\Controllers\admin\ExamCreator.php(35): count(NULL)
#2 E:\janu.codingfork - Copy\vendor\codeigniter4\framework\system\CodeIgniter.php(918): App\Controllers\admin\ExamCreator->addExam()
#3 E:\janu.codingfork - Copy\vendor\codeigniter4\framework\system\CodeIgniter.php(404): CodeIgniter\CodeIgniter->runController(Object(App\Controllers\admin\ExamCreator))
#4 E:\janu.codingfork - Copy\vendor\codeigniter4\framework\system\CodeIgniter.php(312): CodeIgniter\CodeIgniter->handleRequest(NULL, Object(Config\Cache), false)
#5 E:\janu.codingfork - Copy\public\index.php(45): CodeIgniter\CodeIgniter->run()
#6 E:\janu.codingfork - Copy\vendor\codeigniter4\framework\system\Commands\Server\rewrite.php(34): require_once('E:\\janu.codingf...')
#7 {main}
CRITICAL - 2020-11-03 17:27:38 --> count(): Parameter must be an array or an object that implements Countable
#0 [internal function]: CodeIgniter\Debug\Exceptions->errorHandler(2, 'count(): Parame...', 'E:\\janu.codingf...', 35, Array)
#1 E:\janu.codingfork - Copy\app\Controllers\admin\ExamCreator.php(35): count(NULL)
#2 E:\janu.codingfork - Copy\vendor\codeigniter4\framework\system\CodeIgniter.php(918): App\Controllers\admin\ExamCreator->addExam()
#3 E:\janu.codingfork - Copy\vendor\codeigniter4\framework\system\CodeIgniter.php(404): CodeIgniter\CodeIgniter->runController(Object(App\Controllers\admin\ExamCreator))
#4 E:\janu.codingfork - Copy\vendor\codeigniter4\framework\system\CodeIgniter.php(312): CodeIgniter\CodeIgniter->handleRequest(NULL, Object(Config\Cache), false)
#5 E:\janu.codingfork - Copy\public\index.php(45): CodeIgniter\CodeIgniter->run()
#6 E:\janu.codingfork - Copy\vendor\codeigniter4\framework\system\Commands\Server\rewrite.php(34): require_once('E:\\janu.codingf...')
#7 {main}
CRITICAL - 2020-11-03 19:55:31 --> Invalid argument supplied for foreach()
#0 E:\janu.codingfork - Copy\app\Views\content\exam\viewExam.php(78): CodeIgniter\Debug\Exceptions->errorHandler(2, 'Invalid argumen...', 'E:\\janu.codingf...', 78, Array)
#1 E:\janu.codingfork - Copy\vendor\codeigniter4\framework\system\View\View.php(246): include('E:\\janu.codingf...')
#2 E:\janu.codingfork - Copy\vendor\codeigniter4\framework\system\Common.php(1119): CodeIgniter\View\View->render('content/exam/vi...', Array, true)
#3 E:\janu.codingfork - Copy\app\Controllers\BaseController.php(72): view('content/exam/vi...', Array)
#4 E:\janu.codingfork - Copy\app\Controllers\admin\ExamCreator.php(59): App\Controllers\BaseController->loadLayout('content/exam/vi...', Array)
#5 E:\janu.codingfork - Copy\vendor\codeigniter4\framework\system\CodeIgniter.php(918): App\Controllers\admin\ExamCreator->viewThisExam('60')
#6 E:\janu.codingfork - Copy\vendor\codeigniter4\framework\system\CodeIgniter.php(404): CodeIgniter\CodeIgniter->runController(Object(App\Controllers\admin\ExamCreator))
#7 E:\janu.codingfork - Copy\vendor\codeigniter4\framework\system\CodeIgniter.php(312): CodeIgniter\CodeIgniter->handleRequest(NULL, Object(Config\Cache), false)
#8 E:\janu.codingfork - Copy\public\index.php(45): CodeIgniter\CodeIgniter->run()
#9 E:\janu.codingfork - Copy\vendor\codeigniter4\framework\system\Commands\Server\rewrite.php(34): require_once('E:\\janu.codingf...')
#10 {main}
CRITICAL - 2020-11-03 19:56:28 --> syntax error, unexpected 'echo' (T_ECHO)
#0 E:\janu.codingfork - Copy\vendor\codeigniter4\framework\system\Common.php(1119): CodeIgniter\View\View->render('content/exam/vi...', Array, true)
#1 E:\janu.codingfork - Copy\app\Controllers\BaseController.php(72): view('content/exam/vi...', Array)
#2 E:\janu.codingfork - Copy\app\Controllers\admin\ExamCreator.php(59): App\Controllers\BaseController->loadLayout('content/exam/vi...', Array)
#3 E:\janu.codingfork - Copy\vendor\codeigniter4\framework\system\CodeIgniter.php(918): App\Controllers\admin\ExamCreator->viewThisExam('60')
#4 E:\janu.codingfork - Copy\vendor\codeigniter4\framework\system\CodeIgniter.php(404): CodeIgniter\CodeIgniter->runController(Object(App\Controllers\admin\ExamCreator))
#5 E:\janu.codingfork - Copy\vendor\codeigniter4\framework\system\CodeIgniter.php(312): CodeIgniter\CodeIgniter->handleRequest(NULL, Object(Config\Cache), false)
#6 E:\janu.codingfork - Copy\public\index.php(45): CodeIgniter\CodeIgniter->run()
#7 E:\janu.codingfork - Copy\vendor\codeigniter4\framework\system\Commands\Server\rewrite.php(34): require_once('E:\\janu.codingf...')
#8 {main}
CRITICAL - 2020-11-03 19:56:42 --> Invalid argument supplied for foreach()
#0 E:\janu.codingfork - Copy\app\Views\content\exam\viewExam.php(83): CodeIgniter\Debug\Exceptions->errorHandler(2, 'Invalid argumen...', 'E:\\janu.codingf...', 83, Array)
#1 E:\janu.codingfork - Copy\vendor\codeigniter4\framework\system\View\View.php(246): include('E:\\janu.codingf...')
#2 E:\janu.codingfork - Copy\vendor\codeigniter4\framework\system\Common.php(1119): CodeIgniter\View\View->render('content/exam/vi...', Array, true)
#3 E:\janu.codingfork - Copy\app\Controllers\BaseController.php(72): view('content/exam/vi...', Array)
#4 E:\janu.codingfork - Copy\app\Controllers\admin\ExamCreator.php(59): App\Controllers\BaseController->loadLayout('content/exam/vi...', Array)
#5 E:\janu.codingfork - Copy\vendor\codeigniter4\framework\system\CodeIgniter.php(918): App\Controllers\admin\ExamCreator->viewThisExam('60')
#6 E:\janu.codingfork - Copy\vendor\codeigniter4\framework\system\CodeIgniter.php(404): CodeIgniter\CodeIgniter->runController(Object(App\Controllers\admin\ExamCreator))
#7 E:\janu.codingfork - Copy\vendor\codeigniter4\framework\system\CodeIgniter.php(312): CodeIgniter\CodeIgniter->handleRequest(NULL, Object(Config\Cache), false)
#8 E:\janu.codingfork - Copy\public\index.php(45): CodeIgniter\CodeIgniter->run()
#9 E:\janu.codingfork - Copy\vendor\codeigniter4\framework\system\Commands\Server\rewrite.php(34): require_once('E:\\janu.codingf...')
#10 {main}
CRITICAL - 2020-11-03 20:00:59 --> Invalid argument supplied for foreach()
#0 E:\janu.codingfork - Copy\app\Views\content\exam\viewExam.php(78): CodeIgniter\Debug\Exceptions->errorHandler(2, 'Invalid argumen...', 'E:\\janu.codingf...', 78, Array)
#1 E:\janu.codingfork - Copy\vendor\codeigniter4\framework\system\View\View.php(246): include('E:\\janu.codingf...')
#2 E:\janu.codingfork - Copy\vendor\codeigniter4\framework\system\Common.php(1119): CodeIgniter\View\View->render('content/exam/vi...', Array, true)
#3 E:\janu.codingfork - Copy\app\Controllers\BaseController.php(72): view('content/exam/vi...', Array)
#4 E:\janu.codingfork - Copy\app\Controllers\admin\ExamCreator.php(59): App\Controllers\BaseController->loadLayout('content/exam/vi...', Array)
#5 E:\janu.codingfork - Copy\vendor\codeigniter4\framework\system\CodeIgniter.php(918): App\Controllers\admin\ExamCreator->viewThisExam('60')
#6 E:\janu.codingfork - Copy\vendor\codeigniter4\framework\system\CodeIgniter.php(404): CodeIgniter\CodeIgniter->runController(Object(App\Controllers\admin\ExamCreator))
#7 E:\janu.codingfork - Copy\vendor\codeigniter4\framework\system\CodeIgniter.php(312): CodeIgniter\CodeIgniter->handleRequest(NULL, Object(Config\Cache), false)
#8 E:\janu.codingfork - Copy\public\index.php(45): CodeIgniter\CodeIgniter->run()
#9 E:\janu.codingfork - Copy\vendor\codeigniter4\framework\system\Commands\Server\rewrite.php(34): require_once('E:\\janu.codingf...')
#10 {main}
CRITICAL - 2020-11-03 20:01:22 --> Undefined offset: 0
#0 E:\janu.codingfork - Copy\app\Views\content\exam\viewExam.php(16): CodeIgniter\Debug\Exceptions->errorHandler(8, 'Undefined offse...', 'E:\\janu.codingf...', 16, Array)
#1 E:\janu.codingfork - Copy\vendor\codeigniter4\framework\system\View\View.php(246): include('E:\\janu.codingf...')
#2 E:\janu.codingfork - Copy\vendor\codeigniter4\framework\system\Common.php(1119): CodeIgniter\View\View->render('content/exam/vi...', Array, true)
#3 E:\janu.codingfork - Copy\app\Controllers\BaseController.php(72): view('content/exam/vi...', Array)
#4 E:\janu.codingfork - Copy\app\Controllers\admin\ExamCreator.php(59): App\Controllers\BaseController->loadLayout('content/exam/vi...', Array)
#5 E:\janu.codingfork - Copy\vendor\codeigniter4\framework\system\CodeIgniter.php(918): App\Controllers\admin\ExamCreator->viewThisExam('60')
#6 E:\janu.codingfork - Copy\vendor\codeigniter4\framework\system\CodeIgniter.php(404): CodeIgniter\CodeIgniter->runController(Object(App\Controllers\admin\ExamCreator))
#7 E:\janu.codingfork - Copy\vendor\codeigniter4\framework\system\CodeIgniter.php(312): CodeIgniter\CodeIgniter->handleRequest(NULL, Object(Config\Cache), false)
#8 E:\janu.codingfork - Copy\public\index.php(45): CodeIgniter\CodeIgniter->run()
#9 E:\janu.codingfork - Copy\vendor\codeigniter4\framework\system\Commands\Server\rewrite.php(34): require_once('E:\\janu.codingf...')
#10 {main}
CRITICAL - 2020-11-03 20:03:00 --> Invalid argument supplied for foreach()
#0 E:\janu.codingfork - Copy\app\Views\content\exam\viewExam.php(78): CodeIgniter\Debug\Exceptions->errorHandler(2, 'Invalid argumen...', 'E:\\janu.codingf...', 78, Array)
#1 E:\janu.codingfork - Copy\vendor\codeigniter4\framework\system\View\View.php(246): include('E:\\janu.codingf...')
#2 E:\janu.codingfork - Copy\vendor\codeigniter4\framework\system\Common.php(1119): CodeIgniter\View\View->render('content/exam/vi...', Array, true)
#3 E:\janu.codingfork - Copy\app\Controllers\BaseController.php(72): view('content/exam/vi...', Array)
#4 E:\janu.codingfork - Copy\app\Controllers\admin\ExamCreator.php(59): App\Controllers\BaseController->loadLayout('content/exam/vi...', Array)
#5 E:\janu.codingfork - Copy\vendor\codeigniter4\framework\system\CodeIgniter.php(918): App\Controllers\admin\ExamCreator->viewThisExam('67')
#6 E:\janu.codingfork - Copy\vendor\codeigniter4\framework\system\CodeIgniter.php(404): CodeIgniter\CodeIgniter->runController(Object(App\Controllers\admin\ExamCreator))
#7 E:\janu.codingfork - Copy\vendor\codeigniter4\framework\system\CodeIgniter.php(312): CodeIgniter\CodeIgniter->handleRequest(NULL, Object(Config\Cache), false)
#8 E:\janu.codingfork - Copy\public\index.php(45): CodeIgniter\CodeIgniter->run()
#9 E:\janu.codingfork - Copy\vendor\codeigniter4\framework\system\Commands\Server\rewrite.php(34): require_once('E:\\janu.codingf...')
#10 {main}
CRITICAL - 2020-11-03 21:43:55 --> count(): Parameter must be an array or an object that implements Countable
#0 [internal function]: CodeIgniter\Debug\Exceptions->errorHandler(2, 'count(): Parame...', 'E:\\janu.codingf...', 81, Array)
#1 E:\janu.codingfork - Copy\app\Controllers\admin\ExamCreator.php(81): count(NULL)
#2 E:\janu.codingfork - Copy\vendor\codeigniter4\framework\system\CodeIgniter.php(918): App\Controllers\admin\ExamCreator->updateExam()
#3 E:\janu.codingfork - Copy\vendor\codeigniter4\framework\system\CodeIgniter.php(404): CodeIgniter\CodeIgniter->runController(Object(App\Controllers\admin\ExamCreator))
#4 E:\janu.codingfork - Copy\vendor\codeigniter4\framework\system\CodeIgniter.php(312): CodeIgniter\CodeIgniter->handleRequest(NULL, Object(Config\Cache), false)
#5 E:\janu.codingfork - Copy\public\index.php(45): CodeIgniter\CodeIgniter->run()
#6 E:\janu.codingfork - Copy\vendor\codeigniter4\framework\system\Commands\Server\rewrite.php(34): require_once('E:\\janu.codingf...')
#7 {main}
CRITICAL - 2020-11-03 21:44:42 --> Undefined offset: 0
#0 E:\janu.codingfork - Copy\app\Views\content\exam\editexam.php(16): CodeIgniter\Debug\Exceptions->errorHandler(8, 'Undefined offse...', 'E:\\janu.codingf...', 16, Array)
#1 E:\janu.codingfork - Copy\vendor\codeigniter4\framework\system\View\View.php(246): include('E:\\janu.codingf...')
#2 E:\janu.codingfork - Copy\vendor\codeigniter4\framework\system\Common.php(1119): CodeIgniter\View\View->render('content/exam/ed...', Array, true)
#3 E:\janu.codingfork - Copy\app\Controllers\BaseController.php(72): view('content/exam/ed...', Array)
#4 E:\janu.codingfork - Copy\app\Controllers\admin\ExamCreator.php(119): App\Controllers\BaseController->loadLayout('content/exam/ed...', Array)
#5 E:\janu.codingfork - Copy\vendor\codeigniter4\framework\system\CodeIgniter.php(918): App\Controllers\admin\ExamCreator->editThisExam('68')
#6 E:\janu.codingfork - Copy\vendor\codeigniter4\framework\system\CodeIgniter.php(404): CodeIgniter\CodeIgniter->runController(Object(App\Controllers\admin\ExamCreator))
#7 E:\janu.codingfork - Copy\vendor\codeigniter4\framework\system\CodeIgniter.php(312): CodeIgniter\CodeIgniter->handleRequest(NULL, Object(Config\Cache), false)
#8 E:\janu.codingfork - Copy\public\index.php(45): CodeIgniter\CodeIgniter->run()
#9 E:\janu.codingfork - Copy\vendor\codeigniter4\framework\system\Commands\Server\rewrite.php(34): require_once('E:\\janu.codingf...')
#10 {main}
CRITICAL - 2020-11-03 21:44:58 --> Undefined offset: 0
#0 E:\janu.codingfork - Copy\app\Views\content\exam\editexam.php(16): CodeIgniter\Debug\Exceptions->errorHandler(8, 'Undefined offse...', 'E:\\janu.codingf...', 16, Array)
#1 E:\janu.codingfork - Copy\vendor\codeigniter4\framework\system\View\View.php(246): include('E:\\janu.codingf...')
#2 E:\janu.codingfork - Copy\vendor\codeigniter4\framework\system\Common.php(1119): CodeIgniter\View\View->render('content/exam/ed...', Array, true)
#3 E:\janu.codingfork - Copy\app\Controllers\BaseController.php(72): view('content/exam/ed...', Array)
#4 E:\janu.codingfork - Copy\app\Controllers\admin\ExamCreator.php(119): App\Controllers\BaseController->loadLayout('content/exam/ed...', Array)
#5 E:\janu.codingfork - Copy\vendor\codeigniter4\framework\system\CodeIgniter.php(918): App\Controllers\admin\ExamCreator->editThisExam('68')
#6 E:\janu.codingfork - Copy\vendor\codeigniter4\framework\system\CodeIgniter.php(404): CodeIgniter\CodeIgniter->runController(Object(App\Controllers\admin\ExamCreator))
#7 E:\janu.codingfork - Copy\vendor\codeigniter4\framework\system\CodeIgniter.php(312): CodeIgniter\CodeIgniter->handleRequest(NULL, Object(Config\Cache), false)
#8 E:\janu.codingfork - Copy\public\index.php(45): CodeIgniter\CodeIgniter->run()
#9 E:\janu.codingfork - Copy\vendor\codeigniter4\framework\system\Commands\Server\rewrite.php(34): require_once('E:\\janu.codingf...')
#10 {main}
CRITICAL - 2020-11-03 21:45:36 --> Undefined offset: 0
#0 E:\janu.codingfork - Copy\app\Views\content\exam\editexam.php(18): CodeIgniter\Debug\Exceptions->errorHandler(8, 'Undefined offse...', 'E:\\janu.codingf...', 18, Array)
#1 E:\janu.codingfork - Copy\vendor\codeigniter4\framework\system\View\View.php(246): include('E:\\janu.codingf...')
#2 E:\janu.codingfork - Copy\vendor\codeigniter4\framework\system\Common.php(1119): CodeIgniter\View\View->render('content/exam/ed...', Array, true)
#3 E:\janu.codingfork - Copy\app\Controllers\BaseController.php(72): view('content/exam/ed...', Array)
#4 E:\janu.codingfork - Copy\app\Controllers\admin\ExamCreator.php(119): App\Controllers\BaseController->loadLayout('content/exam/ed...', Array)
#5 E:\janu.codingfork - Copy\vendor\codeigniter4\framework\system\CodeIgniter.php(918): App\Controllers\admin\ExamCreator->editThisExam('68')
#6 E:\janu.codingfork - Copy\vendor\codeigniter4\framework\system\CodeIgniter.php(404): CodeIgniter\CodeIgniter->runController(Object(App\Controllers\admin\ExamCreator))
#7 E:\janu.codingfork - Copy\vendor\codeigniter4\framework\system\CodeIgniter.php(312): CodeIgniter\CodeIgniter->handleRequest(NULL, Object(Config\Cache), false)
#8 E:\janu.codingfork - Copy\public\index.php(45): CodeIgniter\CodeIgniter->run()
#9 E:\janu.codingfork - Copy\vendor\codeigniter4\framework\system\Commands\Server\rewrite.php(34): require_once('E:\\janu.codingf...')
#10 {main}
CRITICAL - 2020-11-03 21:48:25 --> Invalid argument supplied for foreach()
#0 E:\janu.codingfork - Copy\app\Views\content\exam\viewExam.php(58): CodeIgniter\Debug\Exceptions->errorHandler(2, 'Invalid argumen...', 'E:\\janu.codingf...', 58, Array)
#1 E:\janu.codingfork - Copy\vendor\codeigniter4\framework\system\View\View.php(246): include('E:\\janu.codingf...')
#2 E:\janu.codingfork - Copy\vendor\codeigniter4\framework\system\Common.php(1119): CodeIgniter\View\View->render('content/exam/vi...', Array, true)
#3 E:\janu.codingfork - Copy\app\Controllers\BaseController.php(72): view('content/exam/vi...', Array)
#4 E:\janu.codingfork - Copy\app\Controllers\admin\ExamCreator.php(59): App\Controllers\BaseController->loadLayout('content/exam/vi...', Array)
#5 E:\janu.codingfork - Copy\vendor\codeigniter4\framework\system\CodeIgniter.php(918): App\Controllers\admin\ExamCreator->viewThisExam('69')
#6 E:\janu.codingfork - Copy\vendor\codeigniter4\framework\system\CodeIgniter.php(404): CodeIgniter\CodeIgniter->runController(Object(App\Controllers\admin\ExamCreator))
#7 E:\janu.codingfork - Copy\vendor\codeigniter4\framework\system\CodeIgniter.php(312): CodeIgniter\CodeIgniter->handleRequest(NULL, Object(Config\Cache), false)
#8 E:\janu.codingfork - Copy\public\index.php(45): CodeIgniter\CodeIgniter->run()
#9 E:\janu.codingfork - Copy\vendor\codeigniter4\framework\system\Commands\Server\rewrite.php(34): require_once('E:\\janu.codingf...')
#10 {main}
CRITICAL - 2020-11-03 21:49:01 --> Invalid argument supplied for foreach()
#0 E:\janu.codingfork - Copy\app\Views\content\exam\viewExam.php(58): CodeIgniter\Debug\Exceptions->errorHandler(2, 'Invalid argumen...', 'E:\\janu.codingf...', 58, Array)
#1 E:\janu.codingfork - Copy\vendor\codeigniter4\framework\system\View\View.php(246): include('E:\\janu.codingf...')
#2 E:\janu.codingfork - Copy\vendor\codeigniter4\framework\system\Common.php(1119): CodeIgniter\View\View->render('content/exam/vi...', Array, true)
#3 E:\janu.codingfork - Copy\app\Controllers\BaseController.php(72): view('content/exam/vi...', Array)
#4 E:\janu.codingfork - Copy\app\Controllers\admin\ExamCreator.php(59): App\Controllers\BaseController->loadLayout('content/exam/vi...', Array)
#5 E:\janu.codingfork - Copy\vendor\codeigniter4\framework\system\CodeIgniter.php(918): App\Controllers\admin\ExamCreator->viewThisExam('69')
#6 E:\janu.codingfork - Copy\vendor\codeigniter4\framework\system\CodeIgniter.php(404): CodeIgniter\CodeIgniter->runController(Object(App\Controllers\admin\ExamCreator))
#7 E:\janu.codingfork - Copy\vendor\codeigniter4\framework\system\CodeIgniter.php(312): CodeIgniter\CodeIgniter->handleRequest(NULL, Object(Config\Cache), false)
#8 E:\janu.codingfork - Copy\public\index.php(45): CodeIgniter\CodeIgniter->run()
#9 E:\janu.codingfork - Copy\vendor\codeigniter4\framework\system\Commands\Server\rewrite.php(34): require_once('E:\\janu.codingf...')
#10 {main}
CRITICAL - 2020-11-03 21:57:30 --> Undefined offset: 1
#0 E:\janu.codingfork - Copy\app\Controllers\admin\ExamCreator.php(84): CodeIgniter\Debug\Exceptions->errorHandler(8, 'Undefined offse...', 'E:\\janu.codingf...', 84, Array)
#1 E:\janu.codingfork - Copy\vendor\codeigniter4\framework\system\CodeIgniter.php(918): App\Controllers\admin\ExamCreator->updateExam()
#2 E:\janu.codingfork - Copy\vendor\codeigniter4\framework\system\CodeIgniter.php(404): CodeIgniter\CodeIgniter->runController(Object(App\Controllers\admin\ExamCreator))
#3 E:\janu.codingfork - Copy\vendor\codeigniter4\framework\system\CodeIgniter.php(312): CodeIgniter\CodeIgniter->handleRequest(NULL, Object(Config\Cache), false)
#4 E:\janu.codingfork - Copy\public\index.php(45): CodeIgniter\CodeIgniter->run()
#5 E:\janu.codingfork - Copy\vendor\codeigniter4\framework\system\Commands\Server\rewrite.php(34): require_once('E:\\janu.codingf...')
#6 {main}
CRITICAL - 2020-11-03 22:02:10 --> Undefined offset: 1
#0 E:\janu.codingfork - Copy\app\Controllers\admin\ExamCreator.php(84): CodeIgniter\Debug\Exceptions->errorHandler(8, 'Undefined offse...', 'E:\\janu.codingf...', 84, Array)
#1 E:\janu.codingfork - Copy\vendor\codeigniter4\framework\system\CodeIgniter.php(918): App\Controllers\admin\ExamCreator->updateExam()
#2 E:\janu.codingfork - Copy\vendor\codeigniter4\framework\system\CodeIgniter.php(404): CodeIgniter\CodeIgniter->runController(Object(App\Controllers\admin\ExamCreator))
#3 E:\janu.codingfork - Copy\vendor\codeigniter4\framework\system\CodeIgniter.php(312): CodeIgniter\CodeIgniter->handleRequest(NULL, Object(Config\Cache), false)
#4 E:\janu.codingfork - Copy\public\index.php(45): CodeIgniter\CodeIgniter->run()
#5 E:\janu.codingfork - Copy\vendor\codeigniter4\framework\system\Commands\Server\rewrite.php(34): require_once('E:\\janu.codingf...')
#6 {main}
CRITICAL - 2020-11-03 22:04:30 --> Invalid argument supplied for foreach()
#0 E:\janu.codingfork - Copy\app\Views\content\exam\editexam.php(61): CodeIgniter\Debug\Exceptions->errorHandler(2, 'Invalid argumen...', 'E:\\janu.codingf...', 61, Array)
#1 E:\janu.codingfork - Copy\vendor\codeigniter4\framework\system\View\View.php(246): include('E:\\janu.codingf...')
#2 E:\janu.codingfork - Copy\vendor\codeigniter4\framework\system\Common.php(1119): CodeIgniter\View\View->render('content/exam/ed...', Array, true)
#3 E:\janu.codingfork - Copy\app\Controllers\BaseController.php(72): view('content/exam/ed...', Array)
#4 E:\janu.codingfork - Copy\app\Controllers\admin\ExamCreator.php(118): App\Controllers\BaseController->loadLayout('content/exam/ed...', Array)
#5 E:\janu.codingfork - Copy\vendor\codeigniter4\framework\system\CodeIgniter.php(918): App\Controllers\admin\ExamCreator->editThisExam('70')
#6 E:\janu.codingfork - Copy\vendor\codeigniter4\framework\system\CodeIgniter.php(404): CodeIgniter\CodeIgniter->runController(Object(App\Controllers\admin\ExamCreator))
#7 E:\janu.codingfork - Copy\vendor\codeigniter4\framework\system\CodeIgniter.php(312): CodeIgniter\CodeIgniter->handleRequest(NULL, Object(Config\Cache), false)
#8 E:\janu.codingfork - Copy\public\index.php(45): CodeIgniter\CodeIgniter->run()
#9 E:\janu.codingfork - Copy\vendor\codeigniter4\framework\system\Commands\Server\rewrite.php(34): require_once('E:\\janu.codingf...')
#10 {main}
CRITICAL - 2020-11-03 22:49:21 --> Call to undefined function parseFloat()
#0 E:\janu.codingfork - Copy\vendor\codeigniter4\framework\system\View\View.php(246): include()
#1 E:\janu.codingfork - Copy\vendor\codeigniter4\framework\system\Common.php(1119): CodeIgniter\View\View->render('content/examine...', Array, true)
#2 E:\janu.codingfork - Copy\app\Controllers\BaseController.php(72): view('content/examine...', Array)
#3 E:\janu.codingfork - Copy\app\Controllers\user\ExamTaker.php(39): App\Controllers\BaseController->loadLayout('content/examine...', Array)
#4 E:\janu.codingfork - Copy\vendor\codeigniter4\framework\system\CodeIgniter.php(918): App\Controllers\user\ExamTaker->take('70')
#5 E:\janu.codingfork - Copy\vendor\codeigniter4\framework\system\CodeIgniter.php(404): CodeIgniter\CodeIgniter->runController(Object(App\Controllers\user\ExamTaker))
#6 E:\janu.codingfork - Copy\vendor\codeigniter4\framework\system\CodeIgniter.php(312): CodeIgniter\CodeIgniter->handleRequest(NULL, Object(Config\Cache), false)
#7 E:\janu.codingfork - Copy\public\index.php(45): CodeIgniter\CodeIgniter->run()
#8 E:\janu.codingfork - Copy\vendor\codeigniter4\framework\system\Commands\Server\rewrite.php(34): require_once('E:\\janu.codingf...')
#9 {main}
CRITICAL - 2020-11-03 22:49:54 --> Call to undefined function toFixed()
#0 E:\janu.codingfork - Copy\vendor\codeigniter4\framework\system\View\View.php(246): include()
#1 E:\janu.codingfork - Copy\vendor\codeigniter4\framework\system\Common.php(1119): CodeIgniter\View\View->render('content/examine...', Array, true)
#2 E:\janu.codingfork - Copy\app\Controllers\BaseController.php(72): view('content/examine...', Array)
#3 E:\janu.codingfork - Copy\app\Controllers\user\ExamTaker.php(39): App\Controllers\BaseController->loadLayout('content/examine...', Array)
#4 E:\janu.codingfork - Copy\vendor\codeigniter4\framework\system\CodeIgniter.php(918): App\Controllers\user\ExamTaker->take('70')
#5 E:\janu.codingfork - Copy\vendor\codeigniter4\framework\system\CodeIgniter.php(404): CodeIgniter\CodeIgniter->runController(Object(App\Controllers\user\ExamTaker))
#6 E:\janu.codingfork - Copy\vendor\codeigniter4\framework\system\CodeIgniter.php(312): CodeIgniter\CodeIgniter->handleRequest(NULL, Object(Config\Cache), false)
#7 E:\janu.codingfork - Copy\public\index.php(45): CodeIgniter\CodeIgniter->run()
#8 E:\janu.codingfork - Copy\vendor\codeigniter4\framework\system\Commands\Server\rewrite.php(34): require_once('E:\\janu.codingf...')
#9 {main}
CRITICAL - 2020-11-03 22:53:40 --> Call to undefined function parseFloat()
#0 E:\janu.codingfork - Copy\vendor\codeigniter4\framework\system\View\View.php(246): include()
#1 E:\janu.codingfork - Copy\vendor\codeigniter4\framework\system\Common.php(1119): CodeIgniter\View\View->render('content/examine...', Array, true)
#2 E:\janu.codingfork - Copy\app\Controllers\BaseController.php(72): view('content/examine...', Array)
#3 E:\janu.codingfork - Copy\app\Controllers\user\ExamTaker.php(39): App\Controllers\BaseController->loadLayout('content/examine...', Array)
#4 E:\janu.codingfork - Copy\vendor\codeigniter4\framework\system\CodeIgniter.php(918): App\Controllers\user\ExamTaker->take('70')
#5 E:\janu.codingfork - Copy\vendor\codeigniter4\framework\system\CodeIgniter.php(404): CodeIgniter\CodeIgniter->runController(Object(App\Controllers\user\ExamTaker))
#6 E:\janu.codingfork - Copy\vendor\codeigniter4\framework\system\CodeIgniter.php(312): CodeIgniter\CodeIgniter->handleRequest(NULL, Object(Config\Cache), false)
#7 E:\janu.codingfork - Copy\public\index.php(45): CodeIgniter\CodeIgniter->run()
#8 E:\janu.codingfork - Copy\vendor\codeigniter4\framework\system\Commands\Server\rewrite.php(34): require_once('E:\\janu.codingf...')
#9 {main}
CRITICAL - 2020-11-03 22:53:57 --> Call to undefined function toFixed()
#0 E:\janu.codingfork - Copy\vendor\codeigniter4\framework\system\View\View.php(246): include()
#1 E:\janu.codingfork - Copy\vendor\codeigniter4\framework\system\Common.php(1119): CodeIgniter\View\View->render('content/examine...', Array, true)
#2 E:\janu.codingfork - Copy\app\Controllers\BaseController.php(72): view('content/examine...', Array)
#3 E:\janu.codingfork - Copy\app\Controllers\user\ExamTaker.php(39): App\Controllers\BaseController->loadLayout('content/examine...', Array)
#4 E:\janu.codingfork - Copy\vendor\codeigniter4\framework\system\CodeIgniter.php(918): App\Controllers\user\ExamTaker->take('70')
#5 E:\janu.codingfork - Copy\vendor\codeigniter4\framework\system\CodeIgniter.php(404): CodeIgniter\CodeIgniter->runController(Object(App\Controllers\user\ExamTaker))
#6 E:\janu.codingfork - Copy\vendor\codeigniter4\framework\system\CodeIgniter.php(312): CodeIgniter\CodeIgniter->handleRequest(NULL, Object(Config\Cache), false)
#7 E:\janu.codingfork - Copy\public\index.php(45): CodeIgniter\CodeIgniter->run()
#8 E:\janu.codingfork - Copy\vendor\codeigniter4\framework\system\Commands\Server\rewrite.php(34): require_once('E:\\janu.codingf...')
#9 {main}
CRITICAL - 2020-11-03 22:55:14 --> Call to undefined function parseFloat()
#0 E:\janu.codingfork - Copy\vendor\codeigniter4\framework\system\View\View.php(246): include()
#1 E:\janu.codingfork - Copy\vendor\codeigniter4\framework\system\Common.php(1119): CodeIgniter\View\View->render('content/examine...', Array, true)
#2 E:\janu.codingfork - Copy\app\Controllers\BaseController.php(72): view('content/examine...', Array)
#3 E:\janu.codingfork - Copy\app\Controllers\user\ExamTaker.php(39): App\Controllers\BaseController->loadLayout('content/examine...', Array)
#4 E:\janu.codingfork - Copy\vendor\codeigniter4\framework\system\CodeIgniter.php(918): App\Controllers\user\ExamTaker->take('70')
#5 E:\janu.codingfork - Copy\vendor\codeigniter4\framework\system\CodeIgniter.php(404): CodeIgniter\CodeIgniter->runController(Object(App\Controllers\user\ExamTaker))
#6 E:\janu.codingfork - Copy\vendor\codeigniter4\framework\system\CodeIgniter.php(312): CodeIgniter\CodeIgniter->handleRequest(NULL, Object(Config\Cache), false)
#7 E:\janu.codingfork - Copy\public\index.php(45): CodeIgniter\CodeIgniter->run()
#8 E:\janu.codingfork - Copy\vendor\codeigniter4\framework\system\Commands\Server\rewrite.php(34): require_once('E:\\janu.codingf...')
#9 {main}
CRITICAL - 2020-11-03 22:55:46 --> Call to undefined function float()
#0 E:\janu.codingfork - Copy\vendor\codeigniter4\framework\system\View\View.php(246): include()
#1 E:\janu.codingfork - Copy\vendor\codeigniter4\framework\system\Common.php(1119): CodeIgniter\View\View->render('content/examine...', Array, true)
#2 E:\janu.codingfork - Copy\app\Controllers\BaseController.php(72): view('content/examine...', Array)
#3 E:\janu.codingfork - Copy\app\Controllers\user\ExamTaker.php(39): App\Controllers\BaseController->loadLayout('content/examine...', Array)
#4 E:\janu.codingfork - Copy\vendor\codeigniter4\framework\system\CodeIgniter.php(918): App\Controllers\user\ExamTaker->take('70')
#5 E:\janu.codingfork - Copy\vendor\codeigniter4\framework\system\CodeIgniter.php(404): CodeIgniter\CodeIgniter->runController(Object(App\Controllers\user\ExamTaker))
#6 E:\janu.codingfork - Copy\vendor\codeigniter4\framework\system\CodeIgniter.php(312): CodeIgniter\CodeIgniter->handleRequest(NULL, Object(Config\Cache), false)
#7 E:\janu.codingfork - Copy\public\index.php(45): CodeIgniter\CodeIgniter->run()
#8 E:\janu.codingfork - Copy\vendor\codeigniter4\framework\system\Commands\Server\rewrite.php(34): require_once('E:\\janu.codingf...')
#9 {main}
CRITICAL - 2020-11-03 22:56:04 --> Call to undefined function toFixed()
#0 E:\janu.codingfork - Copy\vendor\codeigniter4\framework\system\View\View.php(246): include()
#1 E:\janu.codingfork - Copy\vendor\codeigniter4\framework\system\Common.php(1119): CodeIgniter\View\View->render('content/examine...', Array, true)
#2 E:\janu.codingfork - Copy\app\Controllers\BaseController.php(72): view('content/examine...', Array)
#3 E:\janu.codingfork - Copy\app\Controllers\user\ExamTaker.php(39): App\Controllers\BaseController->loadLayout('content/examine...', Array)
#4 E:\janu.codingfork - Copy\vendor\codeigniter4\framework\system\CodeIgniter.php(918): App\Controllers\user\ExamTaker->take('70')
#5 E:\janu.codingfork - Copy\vendor\codeigniter4\framework\system\CodeIgniter.php(404): CodeIgniter\CodeIgniter->runController(Object(App\Controllers\user\ExamTaker))
#6 E:\janu.codingfork - Copy\vendor\codeigniter4\framework\system\CodeIgniter.php(312): CodeIgniter\CodeIgniter->handleRequest(NULL, Object(Config\Cache), false)
#7 E:\janu.codingfork - Copy\public\index.php(45): CodeIgniter\CodeIgniter->run()
#8 E:\janu.codingfork - Copy\vendor\codeigniter4\framework\system\Commands\Server\rewrite.php(34): require_once('E:\\janu.codingf...')
#9 {main}
