CRITICAL - 2020-10-22 13:15:31 --> Invalid argument supplied for foreach()
#0 E:\janu.codingfork\app\Views\content\exam\viewExam.php(44): CodeIgniter\Debug\Exceptions->errorHandler(2, 'Invalid argumen...', 'E:\\janu.codingf...', 44, Array)
#1 E:\janu.codingfork\vendor\codeigniter4\framework\system\View\View.php(246): include('E:\\janu.codingf...')
#2 E:\janu.codingfork\vendor\codeigniter4\framework\system\Common.php(1119): CodeIgniter\View\View->render('content/exam/vi...', Array, true)
#3 E:\janu.codingfork\app\Controllers\BaseController.php(65): view('content/exam/vi...', Array)
#4 E:\janu.codingfork\app\Controllers\demo3\ExamCreator.php(56): App\Controllers\BaseController->loadLayout('content/exam/vi...', Array)
#5 E:\janu.codingfork\vendor\codeigniter4\framework\system\CodeIgniter.php(918): App\Controllers\demo3\ExamCreator->viewThisExam('9')
#6 E:\janu.codingfork\vendor\codeigniter4\framework\system\CodeIgniter.php(404): CodeIgniter\CodeIgniter->runController(Object(App\Controllers\demo3\ExamCreator))
#7 E:\janu.codingfork\vendor\codeigniter4\framework\system\CodeIgniter.php(312): CodeIgniter\CodeIgniter->handleRequest(NULL, Object(Config\Cache), false)
#8 E:\janu.codingfork\public\index.php(45): CodeIgniter\CodeIgniter->run()
#9 E:\janu.codingfork\vendor\codeigniter4\framework\system\Commands\Server\rewrite.php(34): require_once('E:\\janu.codingf...')
#10 {main}
CRITICAL - 2020-10-22 13:41:52 --> You must set the database table to be used with your query.
#0 E:\janu.codingfork\vendor\codeigniter4\framework\system\Model.php(1237): CodeIgniter\Database\BaseConnection->table(NULL)
#1 E:\janu.codingfork\vendor\codeigniter4\framework\system\Model.php(1816): CodeIgniter\Model->builder()
#2 E:\janu.codingfork\app\Controllers\demo3\ExamCreator.php(30): CodeIgniter\Model->__call('getLastDb', Array)
#3 E:\janu.codingfork\vendor\codeigniter4\framework\system\CodeIgniter.php(918): App\Controllers\demo3\ExamCreator->addExam()
#4 E:\janu.codingfork\vendor\codeigniter4\framework\system\CodeIgniter.php(404): CodeIgniter\CodeIgniter->runController(Object(App\Controllers\demo3\ExamCreator))
#5 E:\janu.codingfork\vendor\codeigniter4\framework\system\CodeIgniter.php(312): CodeIgniter\CodeIgniter->handleRequest(NULL, Object(Config\Cache), false)
#6 E:\janu.codingfork\public\index.php(45): CodeIgniter\CodeIgniter->run()
#7 E:\janu.codingfork\vendor\codeigniter4\framework\system\Commands\Server\rewrite.php(34): require_once('E:\\janu.codingf...')
#8 {main}
CRITICAL - 2020-10-22 13:45:06 --> Uninitialized string offset: 1
#0 E:\janu.codingfork\app\Controllers\demo3\ExamCreator.php(34): CodeIgniter\Debug\Exceptions->errorHandler(8, 'Uninitialized s...', 'E:\\janu.codingf...', 34, Array)
#1 E:\janu.codingfork\vendor\codeigniter4\framework\system\CodeIgniter.php(918): App\Controllers\demo3\ExamCreator->addExam()
#2 E:\janu.codingfork\vendor\codeigniter4\framework\system\CodeIgniter.php(404): CodeIgniter\CodeIgniter->runController(Object(App\Controllers\demo3\ExamCreator))
#3 E:\janu.codingfork\vendor\codeigniter4\framework\system\CodeIgniter.php(312): CodeIgniter\CodeIgniter->handleRequest(NULL, Object(Config\Cache), false)
#4 E:\janu.codingfork\public\index.php(45): CodeIgniter\CodeIgniter->run()
#5 E:\janu.codingfork\vendor\codeigniter4\framework\system\Commands\Server\rewrite.php(34): require_once('E:\\janu.codingf...')
#6 {main}
CRITICAL - 2020-10-22 13:50:45 --> count(): Parameter must be an array or an object that implements Countable
#0 [internal function]: CodeIgniter\Debug\Exceptions->errorHandler(2, 'count(): Parame...', 'E:\\janu.codingf...', 31, Array)
#1 E:\janu.codingfork\app\Controllers\demo3\ExamCreator.php(31): count(NULL)
#2 E:\janu.codingfork\vendor\codeigniter4\framework\system\CodeIgniter.php(918): App\Controllers\demo3\ExamCreator->addExam()
#3 E:\janu.codingfork\vendor\codeigniter4\framework\system\CodeIgniter.php(404): CodeIgniter\CodeIgniter->runController(Object(App\Controllers\demo3\ExamCreator))
#4 E:\janu.codingfork\vendor\codeigniter4\framework\system\CodeIgniter.php(312): CodeIgniter\CodeIgniter->handleRequest(NULL, Object(Config\Cache), false)
#5 E:\janu.codingfork\public\index.php(45): CodeIgniter\CodeIgniter->run()
#6 E:\janu.codingfork\vendor\codeigniter4\framework\system\Commands\Server\rewrite.php(34): require_once('E:\\janu.codingf...')
#7 {main}
CRITICAL - 2020-10-22 13:51:31 --> Invalid argument supplied for foreach()
#0 E:\janu.codingfork\app\Views\content\exam\viewExam.php(44): CodeIgniter\Debug\Exceptions->errorHandler(2, 'Invalid argumen...', 'E:\\janu.codingf...', 44, Array)
#1 E:\janu.codingfork\vendor\codeigniter4\framework\system\View\View.php(246): include('E:\\janu.codingf...')
#2 E:\janu.codingfork\vendor\codeigniter4\framework\system\Common.php(1119): CodeIgniter\View\View->render('content/exam/vi...', Array, true)
#3 E:\janu.codingfork\app\Controllers\BaseController.php(65): view('content/exam/vi...', Array)
#4 E:\janu.codingfork\app\Controllers\demo3\ExamCreator.php(56): App\Controllers\BaseController->loadLayout('content/exam/vi...', Array)
#5 E:\janu.codingfork\vendor\codeigniter4\framework\system\CodeIgniter.php(918): App\Controllers\demo3\ExamCreator->viewThisExam('13')
#6 E:\janu.codingfork\vendor\codeigniter4\framework\system\CodeIgniter.php(404): CodeIgniter\CodeIgniter->runController(Object(App\Controllers\demo3\ExamCreator))
#7 E:\janu.codingfork\vendor\codeigniter4\framework\system\CodeIgniter.php(312): CodeIgniter\CodeIgniter->handleRequest(NULL, Object(Config\Cache), false)
#8 E:\janu.codingfork\public\index.php(45): CodeIgniter\CodeIgniter->run()
#9 E:\janu.codingfork\vendor\codeigniter4\framework\system\Commands\Server\rewrite.php(34): require_once('E:\\janu.codingf...')
#10 {main}
CRITICAL - 2020-10-22 13:58:05 --> syntax error, unexpected 'echo' (T_ECHO)
#0 E:\janu.codingfork\vendor\codeigniter4\framework\system\Common.php(1119): CodeIgniter\View\View->render('content/exam/vi...', Array, true)
#1 E:\janu.codingfork\app\Controllers\BaseController.php(65): view('content/exam/vi...', Array)
#2 E:\janu.codingfork\app\Controllers\demo3\ExamCreator.php(56): App\Controllers\BaseController->loadLayout('content/exam/vi...', Array)
#3 E:\janu.codingfork\vendor\codeigniter4\framework\system\CodeIgniter.php(918): App\Controllers\demo3\ExamCreator->viewThisExam('13')
#4 E:\janu.codingfork\vendor\codeigniter4\framework\system\CodeIgniter.php(404): CodeIgniter\CodeIgniter->runController(Object(App\Controllers\demo3\ExamCreator))
#5 E:\janu.codingfork\vendor\codeigniter4\framework\system\CodeIgniter.php(312): CodeIgniter\CodeIgniter->handleRequest(NULL, Object(Config\Cache), false)
#6 E:\janu.codingfork\public\index.php(45): CodeIgniter\CodeIgniter->run()
#7 E:\janu.codingfork\vendor\codeigniter4\framework\system\Commands\Server\rewrite.php(34): require_once('E:\\janu.codingf...')
#8 {main}
CRITICAL - 2020-10-22 14:21:15 --> Call to undefined function routes_to()
#0 E:\janu.codingfork\vendor\codeigniter4\framework\system\View\View.php(246): include()
#1 E:\janu.codingfork\vendor\codeigniter4\framework\system\Common.php(1119): CodeIgniter\View\View->render('content/exam/vi...', Array, true)
#2 E:\janu.codingfork\app\Controllers\BaseController.php(65): view('content/exam/vi...', Array)
#3 E:\janu.codingfork\app\Controllers\demo3\ExamCreator.php(56): App\Controllers\BaseController->loadLayout('content/exam/vi...', Array)
#4 E:\janu.codingfork\vendor\codeigniter4\framework\system\CodeIgniter.php(918): App\Controllers\demo3\ExamCreator->viewThisExam('13')
#5 E:\janu.codingfork\vendor\codeigniter4\framework\system\CodeIgniter.php(404): CodeIgniter\CodeIgniter->runController(Object(App\Controllers\demo3\ExamCreator))
#6 E:\janu.codingfork\vendor\codeigniter4\framework\system\CodeIgniter.php(312): CodeIgniter\CodeIgniter->handleRequest(NULL, Object(Config\Cache), false)
#7 E:\janu.codingfork\public\index.php(45): CodeIgniter\CodeIgniter->run()
#8 E:\janu.codingfork\vendor\codeigniter4\framework\system\Commands\Server\rewrite.php(34): require_once('E:\\janu.codingf...')
#9 {main}
