CRITICAL - 2020-10-31 11:21:55 --> syntax error, unexpected '"link"' (T_CONSTANT_ENCAPSED_STRING), expecting ')'
#0 E:\janu.codingfork\vendor\codeigniter4\framework\system\Common.php(1119): CodeIgniter\View\View->render('baselayout/side...', Array, true)
#1 E:\janu.codingfork\app\Controllers\BaseController.php(62): view('baselayout/side...')
#2 E:\janu.codingfork\app\Controllers\demo4\ExamTaker.php(16): App\Controllers\BaseController->loadLayout('content/examine...', Array)
#3 E:\janu.codingfork\vendor\codeigniter4\framework\system\CodeIgniter.php(918): App\Controllers\demo4\ExamTaker->index()
#4 E:\janu.codingfork\vendor\codeigniter4\framework\system\CodeIgniter.php(404): CodeIgniter\CodeIgniter->runController(Object(App\Controllers\demo4\ExamTaker))
#5 E:\janu.codingfork\vendor\codeigniter4\framework\system\CodeIgniter.php(312): CodeIgniter\CodeIgniter->handleRequest(NULL, Object(Config\Cache), false)
#6 E:\janu.codingfork\public\index.php(45): CodeIgniter\CodeIgniter->run()
#7 E:\janu.codingfork\vendor\codeigniter4\framework\system\Commands\Server\rewrite.php(34): require_once('E:\\janu.codingf...')
#8 {main}
CRITICAL - 2020-10-31 11:22:28 --> Undefined index: icon
#0 E:\janu.codingfork\app\Helpers\datafunc_helper.php(77): CodeIgniter\Debug\Exceptions->errorHandler(8, 'Undefined index...', 'E:\\janu.codingf...', 77, Array)
#1 E:\janu.codingfork\app\Views\baselayout\sidebar.php(111): sidebar_content(Array)
#2 E:\janu.codingfork\vendor\codeigniter4\framework\system\View\View.php(246): include('E:\\janu.codingf...')
#3 E:\janu.codingfork\vendor\codeigniter4\framework\system\Common.php(1119): CodeIgniter\View\View->render('baselayout/side...', Array, true)
#4 E:\janu.codingfork\app\Controllers\BaseController.php(62): view('baselayout/side...')
#5 E:\janu.codingfork\app\Controllers\demo4\ExamTaker.php(16): App\Controllers\BaseController->loadLayout('content/examine...', Array)
#6 E:\janu.codingfork\vendor\codeigniter4\framework\system\CodeIgniter.php(918): App\Controllers\demo4\ExamTaker->index()
#7 E:\janu.codingfork\vendor\codeigniter4\framework\system\CodeIgniter.php(404): CodeIgniter\CodeIgniter->runController(Object(App\Controllers\demo4\ExamTaker))
#8 E:\janu.codingfork\vendor\codeigniter4\framework\system\CodeIgniter.php(312): CodeIgniter\CodeIgniter->handleRequest(NULL, Object(Config\Cache), false)
#9 E:\janu.codingfork\public\index.php(45): CodeIgniter\CodeIgniter->run()
#10 E:\janu.codingfork\vendor\codeigniter4\framework\system\Commands\Server\rewrite.php(34): require_once('E:\\janu.codingf...')
#11 {main}
CRITICAL - 2020-10-31 11:23:34 --> syntax error, unexpected 'text' (T_STRING), expecting ')'
#0 E:\janu.codingfork\vendor\codeigniter4\framework\system\Common.php(1119): CodeIgniter\View\View->render('baselayout/side...', Array, true)
#1 E:\janu.codingfork\app\Controllers\BaseController.php(62): view('baselayout/side...')
#2 E:\janu.codingfork\app\Controllers\demo4\ExamTaker.php(16): App\Controllers\BaseController->loadLayout('content/examine...', Array)
#3 E:\janu.codingfork\vendor\codeigniter4\framework\system\CodeIgniter.php(918): App\Controllers\demo4\ExamTaker->index()
#4 E:\janu.codingfork\vendor\codeigniter4\framework\system\CodeIgniter.php(404): CodeIgniter\CodeIgniter->runController(Object(App\Controllers\demo4\ExamTaker))
#5 E:\janu.codingfork\vendor\codeigniter4\framework\system\CodeIgniter.php(312): CodeIgniter\CodeIgniter->handleRequest(NULL, Object(Config\Cache), false)
#6 E:\janu.codingfork\public\index.php(45): CodeIgniter\CodeIgniter->run()
#7 E:\janu.codingfork\vendor\codeigniter4\framework\system\Commands\Server\rewrite.php(34): require_once('E:\\janu.codingf...')
#8 {main}
CRITICAL - 2020-10-31 13:36:04 --> Undefined variable: uri
#0 E:\janu.codingfork\app\Views\baselayout\nav.php(4): CodeIgniter\Debug\Exceptions->errorHandler(8, 'Undefined varia...', 'E:\\janu.codingf...', 4, Array)
#1 E:\janu.codingfork\vendor\codeigniter4\framework\system\View\View.php(246): include('E:\\janu.codingf...')
#2 E:\janu.codingfork\vendor\codeigniter4\framework\system\Common.php(1119): CodeIgniter\View\View->render('baselayout/nav....', Array, true)
#3 E:\janu.codingfork\app\Controllers\BaseController.php(72): view('baselayout/nav....')
#4 E:\janu.codingfork\app\Controllers\Ordering\Order.php(15): App\Controllers\BaseController->loadLayout('content/order/o...', Array)
#5 E:\janu.codingfork\vendor\codeigniter4\framework\system\CodeIgniter.php(918): App\Controllers\Ordering\Order->index()
#6 E:\janu.codingfork\vendor\codeigniter4\framework\system\CodeIgniter.php(404): CodeIgniter\CodeIgniter->runController(Object(App\Controllers\Ordering\Order))
#7 E:\janu.codingfork\vendor\codeigniter4\framework\system\CodeIgniter.php(312): CodeIgniter\CodeIgniter->handleRequest(NULL, Object(Config\Cache), false)
#8 E:\janu.codingfork\public\index.php(45): CodeIgniter\CodeIgniter->run()
#9 E:\janu.codingfork\vendor\codeigniter4\framework\system\Commands\Server\rewrite.php(34): require_once('E:\\janu.codingf...')
#10 {main}
CRITICAL - 2020-10-31 14:20:50 --> syntax error, unexpected 'elseif' (T_ELSEIF), expecting end of file
#0 E:\janu.codingfork\vendor\codeigniter4\framework\system\Common.php(1119): CodeIgniter\View\View->render('baselayout/side...', Array, true)
#1 E:\janu.codingfork\app\Controllers\BaseController.php(64): view('baselayout/side...')
#2 E:\janu.codingfork\app\Controllers\Ordering\Order.php(35): App\Controllers\BaseController->loadLayout('content/order/m...', Array)
#3 E:\janu.codingfork\vendor\codeigniter4\framework\system\CodeIgniter.php(918): App\Controllers\Ordering\Order->order()
#4 E:\janu.codingfork\vendor\codeigniter4\framework\system\CodeIgniter.php(404): CodeIgniter\CodeIgniter->runController(Object(App\Controllers\Ordering\Order))
#5 E:\janu.codingfork\vendor\codeigniter4\framework\system\CodeIgniter.php(312): CodeIgniter\CodeIgniter->handleRequest(NULL, Object(Config\Cache), false)
#6 E:\janu.codingfork\public\index.php(45): CodeIgniter\CodeIgniter->run()
#7 E:\janu.codingfork\vendor\codeigniter4\framework\system\Commands\Server\rewrite.php(34): require_once('E:\\janu.codingf...')
#8 {main}
CRITICAL - 2020-10-31 14:32:50 --> Undefined index: icon
#0 E:\janu.codingfork\app\Helpers\datafunc_helper.php(77): CodeIgniter\Debug\Exceptions->errorHandler(8, 'Undefined index...', 'E:\\janu.codingf...', 77, Array)
#1 E:\janu.codingfork\app\Views\baselayout\sidebar.php(97): sidebar_content(Array)
#2 E:\janu.codingfork\vendor\codeigniter4\framework\system\View\View.php(246): include('E:\\janu.codingf...')
#3 E:\janu.codingfork\vendor\codeigniter4\framework\system\Common.php(1119): CodeIgniter\View\View->render('baselayout/side...', Array, true)
#4 E:\janu.codingfork\app\Controllers\BaseController.php(64): view('baselayout/side...')
#5 E:\janu.codingfork\app\Controllers\Inventory\Inventory.php(15): App\Controllers\BaseController->loadLayout('content/invento...', Array)
#6 E:\janu.codingfork\vendor\codeigniter4\framework\system\CodeIgniter.php(918): App\Controllers\Inventory\Inventory->index()
#7 E:\janu.codingfork\vendor\codeigniter4\framework\system\CodeIgniter.php(404): CodeIgniter\CodeIgniter->runController(Object(App\Controllers\Inventory\Inventory))
#8 E:\janu.codingfork\vendor\codeigniter4\framework\system\CodeIgniter.php(312): CodeIgniter\CodeIgniter->handleRequest(NULL, Object(Config\Cache), false)
#9 E:\janu.codingfork\public\index.php(45): CodeIgniter\CodeIgniter->run()
#10 E:\janu.codingfork\vendor\codeigniter4\framework\system\Commands\Server\rewrite.php(34): require_once('E:\\janu.codingf...')
#11 {main}
CRITICAL - 2020-10-31 15:03:45 --> Cannot redeclare App\Controllers\demo3\ExamCreator::viewExamsAdmin()
#0 [internal function]: CodeIgniter\Debug\Exceptions->shutdownHandler()
#1 {main}
CRITICAL - 2020-10-31 15:27:08 --> Unknown column 'info.user_credential' in 'on clause'
#0 E:\janu.codingfork\vendor\codeigniter4\framework\system\Database\MySQLi\Connection.php(331): mysqli->query('SELECT `exam`.`...')
#1 E:\janu.codingfork\vendor\codeigniter4\framework\system\Database\BaseConnection.php(741): CodeIgniter\Database\MySQLi\Connection->execute('SELECT `exam`.`...')
#2 E:\janu.codingfork\vendor\codeigniter4\framework\system\Database\BaseConnection.php(669): CodeIgniter\Database\BaseConnection->simpleQuery('SELECT `exam`.`...')
#3 E:\janu.codingfork\vendor\codeigniter4\framework\system\Database\BaseBuilder.php(1860): CodeIgniter\Database\BaseConnection->query('SELECT `exam`.`...', Array, false)
#4 E:\janu.codingfork\app\Models\CoreModel.php(44): CodeIgniter\Database\BaseBuilder->get(5, 0)
#5 E:\janu.codingfork\app\Controllers\demo3\ExamCreator.php(167): App\Models\CoreModel->getData(Array, 'exam')
#6 E:\janu.codingfork\vendor\codeigniter4\framework\system\CodeIgniter.php(918): App\Controllers\demo3\ExamCreator->viewExamsScore()
#7 E:\janu.codingfork\vendor\codeigniter4\framework\system\CodeIgniter.php(404): CodeIgniter\CodeIgniter->runController(Object(App\Controllers\demo3\ExamCreator))
#8 E:\janu.codingfork\vendor\codeigniter4\framework\system\CodeIgniter.php(312): CodeIgniter\CodeIgniter->handleRequest(NULL, Object(Config\Cache), false)
#9 E:\janu.codingfork\public\index.php(45): CodeIgniter\CodeIgniter->run()
#10 E:\janu.codingfork\vendor\codeigniter4\framework\system\Commands\Server\rewrite.php(34): require_once('E:\\janu.codingf...')
#11 {main}
CRITICAL - 2020-10-31 15:27:27 --> Unknown column 'info.user_credential' in 'on clause'
#0 E:\janu.codingfork\vendor\codeigniter4\framework\system\Database\MySQLi\Connection.php(331): mysqli->query('SELECT `exam`.`...')
#1 E:\janu.codingfork\vendor\codeigniter4\framework\system\Database\BaseConnection.php(741): CodeIgniter\Database\MySQLi\Connection->execute('SELECT `exam`.`...')
#2 E:\janu.codingfork\vendor\codeigniter4\framework\system\Database\BaseConnection.php(669): CodeIgniter\Database\BaseConnection->simpleQuery('SELECT `exam`.`...')
#3 E:\janu.codingfork\vendor\codeigniter4\framework\system\Database\BaseBuilder.php(1860): CodeIgniter\Database\BaseConnection->query('SELECT `exam`.`...', Array, false)
#4 E:\janu.codingfork\app\Models\CoreModel.php(44): CodeIgniter\Database\BaseBuilder->get(5, 0)
#5 E:\janu.codingfork\app\Controllers\demo3\ExamCreator.php(167): App\Models\CoreModel->getData(Array, 'exam')
#6 E:\janu.codingfork\vendor\codeigniter4\framework\system\CodeIgniter.php(918): App\Controllers\demo3\ExamCreator->viewExamsScore()
#7 E:\janu.codingfork\vendor\codeigniter4\framework\system\CodeIgniter.php(404): CodeIgniter\CodeIgniter->runController(Object(App\Controllers\demo3\ExamCreator))
#8 E:\janu.codingfork\vendor\codeigniter4\framework\system\CodeIgniter.php(312): CodeIgniter\CodeIgniter->handleRequest(NULL, Object(Config\Cache), false)
#9 E:\janu.codingfork\public\index.php(45): CodeIgniter\CodeIgniter->run()
#10 E:\janu.codingfork\vendor\codeigniter4\framework\system\Commands\Server\rewrite.php(34): require_once('E:\\janu.codingf...')
#11 {main}
CRITICAL - 2020-10-31 15:27:47 --> Unknown column 'user_info.user_credential' in 'on clause'
#0 E:\janu.codingfork\vendor\codeigniter4\framework\system\Database\MySQLi\Connection.php(331): mysqli->query('SELECT `exam`.`...')
#1 E:\janu.codingfork\vendor\codeigniter4\framework\system\Database\BaseConnection.php(741): CodeIgniter\Database\MySQLi\Connection->execute('SELECT `exam`.`...')
#2 E:\janu.codingfork\vendor\codeigniter4\framework\system\Database\BaseConnection.php(669): CodeIgniter\Database\BaseConnection->simpleQuery('SELECT `exam`.`...')
#3 E:\janu.codingfork\vendor\codeigniter4\framework\system\Database\BaseBuilder.php(1860): CodeIgniter\Database\BaseConnection->query('SELECT `exam`.`...', Array, false)
#4 E:\janu.codingfork\app\Models\CoreModel.php(44): CodeIgniter\Database\BaseBuilder->get(5, 0)
#5 E:\janu.codingfork\app\Controllers\demo3\ExamCreator.php(167): App\Models\CoreModel->getData(Array, 'exam')
#6 E:\janu.codingfork\vendor\codeigniter4\framework\system\CodeIgniter.php(918): App\Controllers\demo3\ExamCreator->viewExamsScore()
#7 E:\janu.codingfork\vendor\codeigniter4\framework\system\CodeIgniter.php(404): CodeIgniter\CodeIgniter->runController(Object(App\Controllers\demo3\ExamCreator))
#8 E:\janu.codingfork\vendor\codeigniter4\framework\system\CodeIgniter.php(312): CodeIgniter\CodeIgniter->handleRequest(NULL, Object(Config\Cache), false)
#9 E:\janu.codingfork\public\index.php(45): CodeIgniter\CodeIgniter->run()
#10 E:\janu.codingfork\vendor\codeigniter4\framework\system\Commands\Server\rewrite.php(34): require_once('E:\\janu.codingf...')
#11 {main}
CRITICAL - 2020-10-31 15:29:16 --> Unknown column 'exam.is_deleted' in 'where clause'
#0 E:\janu.codingfork\vendor\codeigniter4\framework\system\Database\MySQLi\Connection.php(331): mysqli->query('SELECT *\nFROM `...')
#1 E:\janu.codingfork\vendor\codeigniter4\framework\system\Database\BaseConnection.php(741): CodeIgniter\Database\MySQLi\Connection->execute('SELECT *\nFROM `...')
#2 E:\janu.codingfork\vendor\codeigniter4\framework\system\Database\BaseConnection.php(669): CodeIgniter\Database\BaseConnection->simpleQuery('SELECT *\nFROM `...')
#3 E:\janu.codingfork\vendor\codeigniter4\framework\system\Database\BaseBuilder.php(1860): CodeIgniter\Database\BaseConnection->query('SELECT *\nFROM `...', Array, false)
#4 E:\janu.codingfork\app\Models\CoreModel.php(46): CodeIgniter\Database\BaseBuilder->get()
#5 E:\janu.codingfork\app\Controllers\demo3\ExamCreator.php(169): App\Models\CoreModel->getData(Array, 'result')
#6 E:\janu.codingfork\vendor\codeigniter4\framework\system\CodeIgniter.php(918): App\Controllers\demo3\ExamCreator->viewExamsScore()
#7 E:\janu.codingfork\vendor\codeigniter4\framework\system\CodeIgniter.php(404): CodeIgniter\CodeIgniter->runController(Object(App\Controllers\demo3\ExamCreator))
#8 E:\janu.codingfork\vendor\codeigniter4\framework\system\CodeIgniter.php(312): CodeIgniter\CodeIgniter->handleRequest(NULL, Object(Config\Cache), false)
#9 E:\janu.codingfork\public\index.php(45): CodeIgniter\CodeIgniter->run()
#10 E:\janu.codingfork\vendor\codeigniter4\framework\system\Commands\Server\rewrite.php(34): require_once('E:\\janu.codingf...')
#11 {main}
CRITICAL - 2020-10-31 15:29:34 --> Undefined variable: params1
#0 E:\janu.codingfork\app\Controllers\demo3\ExamCreator.php(168): CodeIgniter\Debug\Exceptions->errorHandler(8, 'Undefined varia...', 'E:\\janu.codingf...', 168, Array)
#1 E:\janu.codingfork\vendor\codeigniter4\framework\system\CodeIgniter.php(918): App\Controllers\demo3\ExamCreator->viewExamsScore()
#2 E:\janu.codingfork\vendor\codeigniter4\framework\system\CodeIgniter.php(404): CodeIgniter\CodeIgniter->runController(Object(App\Controllers\demo3\ExamCreator))
#3 E:\janu.codingfork\vendor\codeigniter4\framework\system\CodeIgniter.php(312): CodeIgniter\CodeIgniter->handleRequest(NULL, Object(Config\Cache), false)
#4 E:\janu.codingfork\public\index.php(45): CodeIgniter\CodeIgniter->run()
#5 E:\janu.codingfork\vendor\codeigniter4\framework\system\Commands\Server\rewrite.php(34): require_once('E:\\janu.codingf...')
#6 {main}
CRITICAL - 2020-10-31 15:34:29 --> syntax error, unexpected '"result_ans"' (T_CONSTANT_ENCAPSED_STRING), expecting ')'
#0 E:\janu.codingfork\vendor\codeigniter4\framework\system\Autoloader\Autoloader.php(296): CodeIgniter\Autoloader\Autoloader->requireFile('E:\\janu.codingf...')
#1 E:\janu.codingfork\vendor\codeigniter4\framework\system\Autoloader\Autoloader.php(258): CodeIgniter\Autoloader\Autoloader->loadInNamespace('App\\Controllers...')
#2 [internal function]: CodeIgniter\Autoloader\Autoloader->loadClass('App\\Controllers...')
#3 [internal function]: spl_autoload_call('App\\Controllers...')
#4 E:\janu.codingfork\vendor\codeigniter4\framework\system\CodeIgniter.php(869): class_exists('\\App\\Controller...', true)
#5 E:\janu.codingfork\vendor\codeigniter4\framework\system\CodeIgniter.php(394): CodeIgniter\CodeIgniter->startController()
#6 E:\janu.codingfork\vendor\codeigniter4\framework\system\CodeIgniter.php(312): CodeIgniter\CodeIgniter->handleRequest(NULL, Object(Config\Cache), false)
#7 E:\janu.codingfork\public\index.php(45): CodeIgniter\CodeIgniter->run()
#8 E:\janu.codingfork\vendor\codeigniter4\framework\system\Commands\Server\rewrite.php(34): require_once('E:\\janu.codingf...')
#9 {main}
CRITICAL - 2020-10-31 15:34:59 --> Unknown column 'did_pass' in 'field list'
#0 E:\janu.codingfork\vendor\codeigniter4\framework\system\Database\MySQLi\Connection.php(331): mysqli->query('INSERT INTO `re...')
#1 E:\janu.codingfork\vendor\codeigniter4\framework\system\Database\BaseConnection.php(741): CodeIgniter\Database\MySQLi\Connection->execute('INSERT INTO `re...')
#2 E:\janu.codingfork\vendor\codeigniter4\framework\system\Database\BaseConnection.php(669): CodeIgniter\Database\BaseConnection->simpleQuery('INSERT INTO `re...')
#3 E:\janu.codingfork\vendor\codeigniter4\framework\system\Database\BaseBuilder.php(2249): CodeIgniter\Database\BaseConnection->query('INSERT INTO `re...', Array, false)
#4 E:\janu.codingfork\app\Models\CoreModel.php(56): CodeIgniter\Database\BaseBuilder->insert(Array)
#5 E:\janu.codingfork\app\Controllers\demo4\ExamTaker.php(74): App\Models\CoreModel->insertData(Array, 'result')
#6 E:\janu.codingfork\vendor\codeigniter4\framework\system\CodeIgniter.php(918): App\Controllers\demo4\ExamTaker->gradeExam()
#7 E:\janu.codingfork\vendor\codeigniter4\framework\system\CodeIgniter.php(404): CodeIgniter\CodeIgniter->runController(Object(App\Controllers\demo4\ExamTaker))
#8 E:\janu.codingfork\vendor\codeigniter4\framework\system\CodeIgniter.php(312): CodeIgniter\CodeIgniter->handleRequest(NULL, Object(Config\Cache), false)
#9 E:\janu.codingfork\public\index.php(45): CodeIgniter\CodeIgniter->run()
#10 E:\janu.codingfork\vendor\codeigniter4\framework\system\Commands\Server\rewrite.php(34): require_once('E:\\janu.codingf...')
#11 {main}
CRITICAL - 2020-10-31 15:35:13 --> Unknown column 'did_pass' in 'field list'
#0 E:\janu.codingfork\vendor\codeigniter4\framework\system\Database\MySQLi\Connection.php(331): mysqli->query('INSERT INTO `re...')
#1 E:\janu.codingfork\vendor\codeigniter4\framework\system\Database\BaseConnection.php(741): CodeIgniter\Database\MySQLi\Connection->execute('INSERT INTO `re...')
#2 E:\janu.codingfork\vendor\codeigniter4\framework\system\Database\BaseConnection.php(669): CodeIgniter\Database\BaseConnection->simpleQuery('INSERT INTO `re...')
#3 E:\janu.codingfork\vendor\codeigniter4\framework\system\Database\BaseBuilder.php(2249): CodeIgniter\Database\BaseConnection->query('INSERT INTO `re...', Array, false)
#4 E:\janu.codingfork\app\Models\CoreModel.php(56): CodeIgniter\Database\BaseBuilder->insert(Array)
#5 E:\janu.codingfork\app\Controllers\demo4\ExamTaker.php(74): App\Models\CoreModel->insertData(Array, 'result')
#6 E:\janu.codingfork\vendor\codeigniter4\framework\system\CodeIgniter.php(918): App\Controllers\demo4\ExamTaker->gradeExam()
#7 E:\janu.codingfork\vendor\codeigniter4\framework\system\CodeIgniter.php(404): CodeIgniter\CodeIgniter->runController(Object(App\Controllers\demo4\ExamTaker))
#8 E:\janu.codingfork\vendor\codeigniter4\framework\system\CodeIgniter.php(312): CodeIgniter\CodeIgniter->handleRequest(NULL, Object(Config\Cache), false)
#9 E:\janu.codingfork\public\index.php(45): CodeIgniter\CodeIgniter->run()
#10 E:\janu.codingfork\vendor\codeigniter4\framework\system\Commands\Server\rewrite.php(34): require_once('E:\\janu.codingf...')
#11 {main}
CRITICAL - 2020-10-31 17:10:43 --> Undefined offset: 0
#0 E:\janu.codingfork\app\Controllers\Ordering\Cart.php(24): CodeIgniter\Debug\Exceptions->errorHandler(8, 'Undefined offse...', 'E:\\janu.codingf...', 24, Array)
#1 E:\janu.codingfork\vendor\codeigniter4\framework\system\CodeIgniter.php(918): App\Controllers\Ordering\Cart->addCart()
#2 E:\janu.codingfork\vendor\codeigniter4\framework\system\CodeIgniter.php(404): CodeIgniter\CodeIgniter->runController(Object(App\Controllers\Ordering\Cart))
#3 E:\janu.codingfork\vendor\codeigniter4\framework\system\CodeIgniter.php(312): CodeIgniter\CodeIgniter->handleRequest(NULL, Object(Config\Cache), false)
#4 E:\janu.codingfork\public\index.php(45): CodeIgniter\CodeIgniter->run()
#5 E:\janu.codingfork\vendor\codeigniter4\framework\system\Commands\Server\rewrite.php(34): require_once('E:\\janu.codingf...')
#6 {main}
CRITICAL - 2020-10-31 17:58:21 --> You must set the database table to be used with your query.
#0 E:\janu.codingfork\vendor\codeigniter4\framework\system\Model.php(1237): CodeIgniter\Database\BaseConnection->table(NULL)
#1 E:\janu.codingfork\vendor\codeigniter4\framework\system\Model.php(1816): CodeIgniter\Model->builder()
#2 E:\janu.codingfork\app\Controllers\Inventory\Inventory.php(59): CodeIgniter\Model->__call('getLastDb', Array)
#3 E:\janu.codingfork\vendor\codeigniter4\framework\system\CodeIgniter.php(918): App\Controllers\Inventory\Inventory->addItem()
#4 E:\janu.codingfork\vendor\codeigniter4\framework\system\CodeIgniter.php(404): CodeIgniter\CodeIgniter->runController(Object(App\Controllers\Inventory\Inventory))
#5 E:\janu.codingfork\vendor\codeigniter4\framework\system\CodeIgniter.php(312): CodeIgniter\CodeIgniter->handleRequest(NULL, Object(Config\Cache), false)
#6 E:\janu.codingfork\public\index.php(45): CodeIgniter\CodeIgniter->run()
#7 E:\janu.codingfork\vendor\codeigniter4\framework\system\Commands\Server\rewrite.php(34): require_once('E:\\janu.codingf...')
#8 {main}
CRITICAL - 2020-10-31 17:59:34 --> You must set the database table to be used with your query.
#0 E:\janu.codingfork\vendor\codeigniter4\framework\system\Model.php(1237): CodeIgniter\Database\BaseConnection->table(NULL)
#1 E:\janu.codingfork\vendor\codeigniter4\framework\system\Model.php(1816): CodeIgniter\Model->builder()
#2 E:\janu.codingfork\app\Controllers\Inventory\Inventory.php(59): CodeIgniter\Model->__call('getLastDb', Array)
#3 E:\janu.codingfork\vendor\codeigniter4\framework\system\CodeIgniter.php(918): App\Controllers\Inventory\Inventory->addItem()
#4 E:\janu.codingfork\vendor\codeigniter4\framework\system\CodeIgniter.php(404): CodeIgniter\CodeIgniter->runController(Object(App\Controllers\Inventory\Inventory))
#5 E:\janu.codingfork\vendor\codeigniter4\framework\system\CodeIgniter.php(312): CodeIgniter\CodeIgniter->handleRequest(NULL, Object(Config\Cache), false)
#6 E:\janu.codingfork\public\index.php(45): CodeIgniter\CodeIgniter->run()
#7 E:\janu.codingfork\vendor\codeigniter4\framework\system\Commands\Server\rewrite.php(34): require_once('E:\\janu.codingf...')
#8 {main}
CRITICAL - 2020-10-31 18:06:07 --> Call to a member function move() on null
#0 E:\janu.codingfork\vendor\codeigniter4\framework\system\CodeIgniter.php(918): App\Controllers\Inventory\Inventory->addItem()
#1 E:\janu.codingfork\vendor\codeigniter4\framework\system\CodeIgniter.php(404): CodeIgniter\CodeIgniter->runController(Object(App\Controllers\Inventory\Inventory))
#2 E:\janu.codingfork\vendor\codeigniter4\framework\system\CodeIgniter.php(312): CodeIgniter\CodeIgniter->handleRequest(NULL, Object(Config\Cache), false)
#3 E:\janu.codingfork\public\index.php(45): CodeIgniter\CodeIgniter->run()
#4 E:\janu.codingfork\vendor\codeigniter4\framework\system\Commands\Server\rewrite.php(34): require_once('E:\\janu.codingf...')
#5 {main}
CRITICAL - 2020-10-31 18:06:39 --> You must set the database table to be used with your query.
#0 E:\janu.codingfork\vendor\codeigniter4\framework\system\Model.php(1237): CodeIgniter\Database\BaseConnection->table(NULL)
#1 E:\janu.codingfork\vendor\codeigniter4\framework\system\Model.php(1816): CodeIgniter\Model->builder()
#2 E:\janu.codingfork\app\Controllers\Inventory\Inventory.php(62): CodeIgniter\Model->__call('getLastDb', Array)
#3 E:\janu.codingfork\vendor\codeigniter4\framework\system\CodeIgniter.php(918): App\Controllers\Inventory\Inventory->addItem()
#4 E:\janu.codingfork\vendor\codeigniter4\framework\system\CodeIgniter.php(404): CodeIgniter\CodeIgniter->runController(Object(App\Controllers\Inventory\Inventory))
#5 E:\janu.codingfork\vendor\codeigniter4\framework\system\CodeIgniter.php(312): CodeIgniter\CodeIgniter->handleRequest(NULL, Object(Config\Cache), false)
#6 E:\janu.codingfork\public\index.php(45): CodeIgniter\CodeIgniter->run()
#7 E:\janu.codingfork\vendor\codeigniter4\framework\system\Commands\Server\rewrite.php(34): require_once('E:\\janu.codingf...')
#8 {main}
CRITICAL - 2020-10-31 18:07:01 --> You must set the database table to be used with your query.
#0 E:\janu.codingfork\vendor\codeigniter4\framework\system\Model.php(1237): CodeIgniter\Database\BaseConnection->table(NULL)
#1 E:\janu.codingfork\vendor\codeigniter4\framework\system\Model.php(1816): CodeIgniter\Model->builder()
#2 E:\janu.codingfork\app\Controllers\Inventory\Inventory.php(62): CodeIgniter\Model->__call('getLastDb', Array)
#3 E:\janu.codingfork\vendor\codeigniter4\framework\system\CodeIgniter.php(918): App\Controllers\Inventory\Inventory->addItem()
#4 E:\janu.codingfork\vendor\codeigniter4\framework\system\CodeIgniter.php(404): CodeIgniter\CodeIgniter->runController(Object(App\Controllers\Inventory\Inventory))
#5 E:\janu.codingfork\vendor\codeigniter4\framework\system\CodeIgniter.php(312): CodeIgniter\CodeIgniter->handleRequest(NULL, Object(Config\Cache), false)
#6 E:\janu.codingfork\public\index.php(45): CodeIgniter\CodeIgniter->run()
#7 E:\janu.codingfork\vendor\codeigniter4\framework\system\Commands\Server\rewrite.php(34): require_once('E:\\janu.codingf...')
#8 {main}
CRITICAL - 2020-10-31 18:10:43 --> You must set the database table to be used with your query.
#0 E:\janu.codingfork\vendor\codeigniter4\framework\system\Model.php(1237): CodeIgniter\Database\BaseConnection->table(NULL)
#1 E:\janu.codingfork\vendor\codeigniter4\framework\system\Model.php(1816): CodeIgniter\Model->builder()
#2 E:\janu.codingfork\app\Controllers\Inventory\Inventory.php(62): CodeIgniter\Model->__call('getLastDb', Array)
#3 E:\janu.codingfork\vendor\codeigniter4\framework\system\CodeIgniter.php(918): App\Controllers\Inventory\Inventory->addItem()
#4 E:\janu.codingfork\vendor\codeigniter4\framework\system\CodeIgniter.php(404): CodeIgniter\CodeIgniter->runController(Object(App\Controllers\Inventory\Inventory))
#5 E:\janu.codingfork\vendor\codeigniter4\framework\system\CodeIgniter.php(312): CodeIgniter\CodeIgniter->handleRequest(NULL, Object(Config\Cache), false)
#6 E:\janu.codingfork\public\index.php(45): CodeIgniter\CodeIgniter->run()
#7 E:\janu.codingfork\vendor\codeigniter4\framework\system\Commands\Server\rewrite.php(34): require_once('E:\\janu.codingf...')
#8 {main}
CRITICAL - 2020-10-31 18:21:44 --> You must set the database table to be used with your query.
#0 E:\janu.codingfork\vendor\codeigniter4\framework\system\Model.php(1237): CodeIgniter\Database\BaseConnection->table(NULL)
#1 E:\janu.codingfork\vendor\codeigniter4\framework\system\Model.php(1816): CodeIgniter\Model->builder()
#2 E:\janu.codingfork\app\Controllers\Inventory\Inventory.php(59): CodeIgniter\Model->__call('getLastDb', Array)
#3 E:\janu.codingfork\vendor\codeigniter4\framework\system\CodeIgniter.php(918): App\Controllers\Inventory\Inventory->addItem()
#4 E:\janu.codingfork\vendor\codeigniter4\framework\system\CodeIgniter.php(404): CodeIgniter\CodeIgniter->runController(Object(App\Controllers\Inventory\Inventory))
#5 E:\janu.codingfork\vendor\codeigniter4\framework\system\CodeIgniter.php(312): CodeIgniter\CodeIgniter->handleRequest(NULL, Object(Config\Cache), false)
#6 E:\janu.codingfork\public\index.php(45): CodeIgniter\CodeIgniter->run()
#7 E:\janu.codingfork\vendor\codeigniter4\framework\system\Commands\Server\rewrite.php(34): require_once('E:\\janu.codingf...')
#8 {main}
CRITICAL - 2020-10-31 18:22:16 --> You must set the database table to be used with your query.
#0 E:\janu.codingfork\vendor\codeigniter4\framework\system\Model.php(1237): CodeIgniter\Database\BaseConnection->table(NULL)
#1 E:\janu.codingfork\vendor\codeigniter4\framework\system\Model.php(1816): CodeIgniter\Model->builder()
#2 E:\janu.codingfork\app\Controllers\Inventory\Inventory.php(59): CodeIgniter\Model->__call('getLastDb', Array)
#3 E:\janu.codingfork\vendor\codeigniter4\framework\system\CodeIgniter.php(918): App\Controllers\Inventory\Inventory->addItem()
#4 E:\janu.codingfork\vendor\codeigniter4\framework\system\CodeIgniter.php(404): CodeIgniter\CodeIgniter->runController(Object(App\Controllers\Inventory\Inventory))
#5 E:\janu.codingfork\vendor\codeigniter4\framework\system\CodeIgniter.php(312): CodeIgniter\CodeIgniter->handleRequest(NULL, Object(Config\Cache), false)
#6 E:\janu.codingfork\public\index.php(45): CodeIgniter\CodeIgniter->run()
#7 E:\janu.codingfork\vendor\codeigniter4\framework\system\Commands\Server\rewrite.php(34): require_once('E:\\janu.codingf...')
#8 {main}
CRITICAL - 2020-10-31 18:23:39 --> You must set the database table to be used with your query.
#0 E:\janu.codingfork\vendor\codeigniter4\framework\system\Model.php(1237): CodeIgniter\Database\BaseConnection->table(NULL)
#1 E:\janu.codingfork\vendor\codeigniter4\framework\system\Model.php(1816): CodeIgniter\Model->builder()
#2 E:\janu.codingfork\app\Controllers\Inventory\Inventory.php(59): CodeIgniter\Model->__call('getLastDb', Array)
#3 E:\janu.codingfork\vendor\codeigniter4\framework\system\CodeIgniter.php(918): App\Controllers\Inventory\Inventory->addItem()
#4 E:\janu.codingfork\vendor\codeigniter4\framework\system\CodeIgniter.php(404): CodeIgniter\CodeIgniter->runController(Object(App\Controllers\Inventory\Inventory))
#5 E:\janu.codingfork\vendor\codeigniter4\framework\system\CodeIgniter.php(312): CodeIgniter\CodeIgniter->handleRequest(NULL, Object(Config\Cache), false)
#6 E:\janu.codingfork\public\index.php(45): CodeIgniter\CodeIgniter->run()
#7 E:\janu.codingfork\vendor\codeigniter4\framework\system\Commands\Server\rewrite.php(34): require_once('E:\\janu.codingf...')
#8 {main}
CRITICAL - 2020-10-31 18:26:26 --> syntax error, unexpected ';', expecting ')'
#0 E:\janu.codingfork\vendor\codeigniter4\framework\system\Autoloader\Autoloader.php(296): CodeIgniter\Autoloader\Autoloader->requireFile('E:\\janu.codingf...')
#1 E:\janu.codingfork\vendor\codeigniter4\framework\system\Autoloader\Autoloader.php(258): CodeIgniter\Autoloader\Autoloader->loadInNamespace('App\\Controllers...')
#2 [internal function]: CodeIgniter\Autoloader\Autoloader->loadClass('App\\Controllers...')
#3 [internal function]: spl_autoload_call('App\\Controllers...')
#4 E:\janu.codingfork\vendor\codeigniter4\framework\system\CodeIgniter.php(869): class_exists('\\App\\Controller...', true)
#5 E:\janu.codingfork\vendor\codeigniter4\framework\system\CodeIgniter.php(394): CodeIgniter\CodeIgniter->startController()
#6 E:\janu.codingfork\vendor\codeigniter4\framework\system\CodeIgniter.php(312): CodeIgniter\CodeIgniter->handleRequest(NULL, Object(Config\Cache), false)
#7 E:\janu.codingfork\public\index.php(45): CodeIgniter\CodeIgniter->run()
#8 E:\janu.codingfork\vendor\codeigniter4\framework\system\Commands\Server\rewrite.php(34): require_once('E:\\janu.codingf...')
#9 {main}
CRITICAL - 2020-10-31 18:29:59 --> You must set the database table to be used with your query.
#0 E:\janu.codingfork\vendor\codeigniter4\framework\system\Model.php(1237): CodeIgniter\Database\BaseConnection->table(NULL)
#1 E:\janu.codingfork\vendor\codeigniter4\framework\system\Model.php(1816): CodeIgniter\Model->builder()
#2 E:\janu.codingfork\app\Controllers\Inventory\Inventory.php(63): CodeIgniter\Model->__call('getLastDb', Array)
#3 E:\janu.codingfork\vendor\codeigniter4\framework\system\CodeIgniter.php(918): App\Controllers\Inventory\Inventory->addItem()
#4 E:\janu.codingfork\vendor\codeigniter4\framework\system\CodeIgniter.php(404): CodeIgniter\CodeIgniter->runController(Object(App\Controllers\Inventory\Inventory))
#5 E:\janu.codingfork\vendor\codeigniter4\framework\system\CodeIgniter.php(312): CodeIgniter\CodeIgniter->handleRequest(NULL, Object(Config\Cache), false)
#6 E:\janu.codingfork\public\index.php(45): CodeIgniter\CodeIgniter->run()
#7 E:\janu.codingfork\vendor\codeigniter4\framework\system\Commands\Server\rewrite.php(34): require_once('E:\\janu.codingf...')
#8 {main}
CRITICAL - 2020-10-31 18:33:54 --> You must set the database table to be used with your query.
#0 E:\janu.codingfork\vendor\codeigniter4\framework\system\Model.php(1237): CodeIgniter\Database\BaseConnection->table(NULL)
#1 E:\janu.codingfork\vendor\codeigniter4\framework\system\Model.php(1816): CodeIgniter\Model->builder()
#2 E:\janu.codingfork\app\Controllers\Inventory\Inventory.php(59): CodeIgniter\Model->__call('getLastDb', Array)
#3 E:\janu.codingfork\vendor\codeigniter4\framework\system\CodeIgniter.php(918): App\Controllers\Inventory\Inventory->addItem()
#4 E:\janu.codingfork\vendor\codeigniter4\framework\system\CodeIgniter.php(404): CodeIgniter\CodeIgniter->runController(Object(App\Controllers\Inventory\Inventory))
#5 E:\janu.codingfork\vendor\codeigniter4\framework\system\CodeIgniter.php(312): CodeIgniter\CodeIgniter->handleRequest(NULL, Object(Config\Cache), false)
#6 E:\janu.codingfork\public\index.php(45): CodeIgniter\CodeIgniter->run()
#7 E:\janu.codingfork\vendor\codeigniter4\framework\system\Commands\Server\rewrite.php(34): require_once('E:\\janu.codingf...')
#8 {main}
CRITICAL - 2020-10-31 18:35:22 --> 'break' not in the 'loop' or 'switch' context
#0 [internal function]: CodeIgniter\Debug\Exceptions->shutdownHandler()
#1 {main}
CRITICAL - 2020-10-31 18:36:51 --> You must set the database table to be used with your query.
#0 E:\janu.codingfork\vendor\codeigniter4\framework\system\Model.php(1237): CodeIgniter\Database\BaseConnection->table(NULL)
#1 E:\janu.codingfork\vendor\codeigniter4\framework\system\Model.php(1816): CodeIgniter\Model->builder()
#2 E:\janu.codingfork\app\Controllers\Inventory\Inventory.php(59): CodeIgniter\Model->__call('getLastDb', Array)
#3 E:\janu.codingfork\vendor\codeigniter4\framework\system\CodeIgniter.php(918): App\Controllers\Inventory\Inventory->addItem()
#4 E:\janu.codingfork\vendor\codeigniter4\framework\system\CodeIgniter.php(404): CodeIgniter\CodeIgniter->runController(Object(App\Controllers\Inventory\Inventory))
#5 E:\janu.codingfork\vendor\codeigniter4\framework\system\CodeIgniter.php(312): CodeIgniter\CodeIgniter->handleRequest(NULL, Object(Config\Cache), false)
#6 E:\janu.codingfork\public\index.php(45): CodeIgniter\CodeIgniter->run()
#7 E:\janu.codingfork\vendor\codeigniter4\framework\system\Commands\Server\rewrite.php(34): require_once('E:\\janu.codingf...')
#8 {main}
CRITICAL - 2020-10-31 18:37:06 --> You must set the database table to be used with your query.
#0 E:\janu.codingfork\vendor\codeigniter4\framework\system\Model.php(1237): CodeIgniter\Database\BaseConnection->table(NULL)
#1 E:\janu.codingfork\vendor\codeigniter4\framework\system\Model.php(1816): CodeIgniter\Model->builder()
#2 E:\janu.codingfork\app\Controllers\Inventory\Inventory.php(59): CodeIgniter\Model->__call('getLastDb', Array)
#3 E:\janu.codingfork\vendor\codeigniter4\framework\system\CodeIgniter.php(918): App\Controllers\Inventory\Inventory->addItem()
#4 E:\janu.codingfork\vendor\codeigniter4\framework\system\CodeIgniter.php(404): CodeIgniter\CodeIgniter->runController(Object(App\Controllers\Inventory\Inventory))
#5 E:\janu.codingfork\vendor\codeigniter4\framework\system\CodeIgniter.php(312): CodeIgniter\CodeIgniter->handleRequest(NULL, Object(Config\Cache), false)
#6 E:\janu.codingfork\public\index.php(45): CodeIgniter\CodeIgniter->run()
#7 E:\janu.codingfork\vendor\codeigniter4\framework\system\Commands\Server\rewrite.php(34): require_once('E:\\janu.codingf...')
#8 {main}
CRITICAL - 2020-10-31 18:38:01 --> You must set the database table to be used with your query.
#0 E:\janu.codingfork\vendor\codeigniter4\framework\system\Model.php(1237): CodeIgniter\Database\BaseConnection->table(NULL)
#1 E:\janu.codingfork\vendor\codeigniter4\framework\system\Model.php(1816): CodeIgniter\Model->builder()
#2 E:\janu.codingfork\app\Controllers\Inventory\Inventory.php(59): CodeIgniter\Model->__call('getLastDb', Array)
#3 E:\janu.codingfork\vendor\codeigniter4\framework\system\CodeIgniter.php(918): App\Controllers\Inventory\Inventory->addItem()
#4 E:\janu.codingfork\vendor\codeigniter4\framework\system\CodeIgniter.php(404): CodeIgniter\CodeIgniter->runController(Object(App\Controllers\Inventory\Inventory))
#5 E:\janu.codingfork\vendor\codeigniter4\framework\system\CodeIgniter.php(312): CodeIgniter\CodeIgniter->handleRequest(NULL, Object(Config\Cache), false)
#6 E:\janu.codingfork\public\index.php(45): CodeIgniter\CodeIgniter->run()
#7 E:\janu.codingfork\vendor\codeigniter4\framework\system\Commands\Server\rewrite.php(34): require_once('E:\\janu.codingf...')
#8 {main}
CRITICAL - 2020-10-31 18:38:42 --> You must set the database table to be used with your query.
#0 E:\janu.codingfork\vendor\codeigniter4\framework\system\Model.php(1237): CodeIgniter\Database\BaseConnection->table(NULL)
#1 E:\janu.codingfork\vendor\codeigniter4\framework\system\Model.php(1816): CodeIgniter\Model->builder()
#2 E:\janu.codingfork\app\Controllers\Inventory\Inventory.php(59): CodeIgniter\Model->__call('getLastDb', Array)
#3 E:\janu.codingfork\vendor\codeigniter4\framework\system\CodeIgniter.php(918): App\Controllers\Inventory\Inventory->addItem()
#4 E:\janu.codingfork\vendor\codeigniter4\framework\system\CodeIgniter.php(404): CodeIgniter\CodeIgniter->runController(Object(App\Controllers\Inventory\Inventory))
#5 E:\janu.codingfork\vendor\codeigniter4\framework\system\CodeIgniter.php(312): CodeIgniter\CodeIgniter->handleRequest(NULL, Object(Config\Cache), false)
#6 E:\janu.codingfork\public\index.php(45): CodeIgniter\CodeIgniter->run()
#7 E:\janu.codingfork\vendor\codeigniter4\framework\system\Commands\Server\rewrite.php(34): require_once('E:\\janu.codingf...')
#8 {main}
CRITICAL - 2020-10-31 18:46:36 --> You must set the database table to be used with your query.
#0 E:\janu.codingfork\vendor\codeigniter4\framework\system\Model.php(1237): CodeIgniter\Database\BaseConnection->table(NULL)
#1 E:\janu.codingfork\vendor\codeigniter4\framework\system\Model.php(1816): CodeIgniter\Model->builder()
#2 E:\janu.codingfork\app\Controllers\Inventory\Inventory.php(59): CodeIgniter\Model->__call('getLastDb', Array)
#3 E:\janu.codingfork\vendor\codeigniter4\framework\system\CodeIgniter.php(918): App\Controllers\Inventory\Inventory->addItem()
#4 E:\janu.codingfork\vendor\codeigniter4\framework\system\CodeIgniter.php(404): CodeIgniter\CodeIgniter->runController(Object(App\Controllers\Inventory\Inventory))
#5 E:\janu.codingfork\vendor\codeigniter4\framework\system\CodeIgniter.php(312): CodeIgniter\CodeIgniter->handleRequest(NULL, Object(Config\Cache), false)
#6 E:\janu.codingfork\public\index.php(45): CodeIgniter\CodeIgniter->run()
#7 E:\janu.codingfork\vendor\codeigniter4\framework\system\Commands\Server\rewrite.php(34): require_once('E:\\janu.codingf...')
#8 {main}
CRITICAL - 2020-10-31 18:48:26 --> You must set the database table to be used with your query.
#0 E:\janu.codingfork\vendor\codeigniter4\framework\system\Model.php(1237): CodeIgniter\Database\BaseConnection->table(NULL)
#1 E:\janu.codingfork\vendor\codeigniter4\framework\system\Model.php(1816): CodeIgniter\Model->builder()
#2 E:\janu.codingfork\app\Controllers\Inventory\Inventory.php(59): CodeIgniter\Model->__call('getLastDb', Array)
#3 E:\janu.codingfork\vendor\codeigniter4\framework\system\CodeIgniter.php(918): App\Controllers\Inventory\Inventory->addItem()
#4 E:\janu.codingfork\vendor\codeigniter4\framework\system\CodeIgniter.php(404): CodeIgniter\CodeIgniter->runController(Object(App\Controllers\Inventory\Inventory))
#5 E:\janu.codingfork\vendor\codeigniter4\framework\system\CodeIgniter.php(312): CodeIgniter\CodeIgniter->handleRequest(NULL, Object(Config\Cache), false)
#6 E:\janu.codingfork\public\index.php(45): CodeIgniter\CodeIgniter->run()
#7 E:\janu.codingfork\vendor\codeigniter4\framework\system\Commands\Server\rewrite.php(34): require_once('E:\\janu.codingf...')
#8 {main}
CRITICAL - 2020-10-31 18:48:48 --> You must set the database table to be used with your query.
#0 E:\janu.codingfork\vendor\codeigniter4\framework\system\Model.php(1237): CodeIgniter\Database\BaseConnection->table(NULL)
#1 E:\janu.codingfork\vendor\codeigniter4\framework\system\Model.php(1816): CodeIgniter\Model->builder()
#2 E:\janu.codingfork\app\Controllers\Inventory\Inventory.php(59): CodeIgniter\Model->__call('getLastDb', Array)
#3 E:\janu.codingfork\vendor\codeigniter4\framework\system\CodeIgniter.php(918): App\Controllers\Inventory\Inventory->addItem()
#4 E:\janu.codingfork\vendor\codeigniter4\framework\system\CodeIgniter.php(404): CodeIgniter\CodeIgniter->runController(Object(App\Controllers\Inventory\Inventory))
#5 E:\janu.codingfork\vendor\codeigniter4\framework\system\CodeIgniter.php(312): CodeIgniter\CodeIgniter->handleRequest(NULL, Object(Config\Cache), false)
#6 E:\janu.codingfork\public\index.php(45): CodeIgniter\CodeIgniter->run()
#7 E:\janu.codingfork\vendor\codeigniter4\framework\system\Commands\Server\rewrite.php(34): require_once('E:\\janu.codingf...')
#8 {main}
CRITICAL - 2020-10-31 18:54:15 --> fopen(http://localhost:8080assets/image/index.html): failed to open stream: operation failed
#0 [internal function]: CodeIgniter\Debug\Exceptions->errorHandler(2, 'fopen(http://lo...', 'E:\\janu.codingf...', 216, Array)
#1 E:\janu.codingfork\vendor\codeigniter4\framework\system\HTTP\Files\UploadedFile.php(216): fopen('http://localhos...', 'x+')
#2 E:\janu.codingfork\vendor\codeigniter4\framework\system\HTTP\Files\UploadedFile.php(163): CodeIgniter\HTTP\Files\UploadedFile->setPath('http://localhos...')
#3 E:\janu.codingfork\app\Controllers\Inventory\Inventory.php(51): CodeIgniter\HTTP\Files\UploadedFile->move('http://localhos...')
#4 E:\janu.codingfork\vendor\codeigniter4\framework\system\CodeIgniter.php(918): App\Controllers\Inventory\Inventory->addItem()
#5 E:\janu.codingfork\vendor\codeigniter4\framework\system\CodeIgniter.php(404): CodeIgniter\CodeIgniter->runController(Object(App\Controllers\Inventory\Inventory))
#6 E:\janu.codingfork\vendor\codeigniter4\framework\system\CodeIgniter.php(312): CodeIgniter\CodeIgniter->handleRequest(NULL, Object(Config\Cache), false)
#7 E:\janu.codingfork\public\index.php(45): CodeIgniter\CodeIgniter->run()
#8 E:\janu.codingfork\vendor\codeigniter4\framework\system\Commands\Server\rewrite.php(34): require_once('E:\\janu.codingf...')
#9 {main}
CRITICAL - 2020-10-31 19:02:27 --> syntax error, unexpected '$avatar' (T_VARIABLE)
#0 E:\janu.codingfork\vendor\codeigniter4\framework\system\Autoloader\Autoloader.php(296): CodeIgniter\Autoloader\Autoloader->requireFile('E:\\janu.codingf...')
#1 E:\janu.codingfork\vendor\codeigniter4\framework\system\Autoloader\Autoloader.php(258): CodeIgniter\Autoloader\Autoloader->loadInNamespace('App\\Controllers...')
#2 [internal function]: CodeIgniter\Autoloader\Autoloader->loadClass('App\\Controllers...')
#3 [internal function]: spl_autoload_call('App\\Controllers...')
#4 E:\janu.codingfork\vendor\codeigniter4\framework\system\CodeIgniter.php(869): class_exists('\\App\\Controller...', true)
#5 E:\janu.codingfork\vendor\codeigniter4\framework\system\CodeIgniter.php(394): CodeIgniter\CodeIgniter->startController()
#6 E:\janu.codingfork\vendor\codeigniter4\framework\system\CodeIgniter.php(312): CodeIgniter\CodeIgniter->handleRequest(NULL, Object(Config\Cache), false)
#7 E:\janu.codingfork\public\index.php(45): CodeIgniter\CodeIgniter->run()
#8 E:\janu.codingfork\vendor\codeigniter4\framework\system\Commands\Server\rewrite.php(34): require_once('E:\\janu.codingf...')
#9 {main}
CRITICAL - 2020-10-31 22:53:26 --> Unable to connect to the database.
#0 /home/u169549071/domains/codingfork.com/public_html/subdomain-janu/janu/vendor/codeigniter4/framework/system/Database/BaseConnection.php(646): CodeIgniter\Database\BaseConnection->initialize()
#1 /home/u169549071/domains/codingfork.com/public_html/subdomain-janu/janu/vendor/codeigniter4/framework/system/Database/BaseBuilder.php(1860): CodeIgniter\Database\BaseConnection->query('SELECT `exam`.`...', Array, false)
#2 /home/u169549071/domains/codingfork.com/public_html/subdomain-janu/janu/app/Models/CoreModel.php(44): CodeIgniter\Database\BaseBuilder->get(5, 0)
#3 /home/u169549071/domains/codingfork.com/public_html/subdomain-janu/janu/app/Controllers/demo3/ExamCreator.php(136): App\Models\CoreModel->getData(Array, 'exam')
#4 /home/u169549071/domains/codingfork.com/public_html/subdomain-janu/janu/vendor/codeigniter4/framework/system/CodeIgniter.php(918): App\Controllers\demo3\ExamCreator->viewExamsAdmin()
#5 /home/u169549071/domains/codingfork.com/public_html/subdomain-janu/janu/vendor/codeigniter4/framework/system/CodeIgniter.php(404): CodeIgniter\CodeIgniter->runController(Object(App\Controllers\demo3\ExamCreator))
#6 /home/u169549071/domains/codingfork.com/public_html/subdomain-janu/janu/vendor/codeigniter4/framework/system/CodeIgniter.php(312): CodeIgniter\CodeIgniter->handleRequest(NULL, Object(Config\Cache), false)
#7 /home/u169549071/domains/codingfork.com/public_html/subdomain-janu/index.php(45): CodeIgniter\CodeIgniter->run()
#8 {main}
CRITICAL - 2020-10-31 22:53:41 --> Unable to connect to the database.
#0 /home/u169549071/domains/codingfork.com/public_html/subdomain-janu/janu/vendor/codeigniter4/framework/system/Database/BaseConnection.php(646): CodeIgniter\Database\BaseConnection->initialize()
#1 /home/u169549071/domains/codingfork.com/public_html/subdomain-janu/janu/vendor/codeigniter4/framework/system/Database/BaseBuilder.php(1860): CodeIgniter\Database\BaseConnection->query('SELECT `exam`.`...', Array, false)
#2 /home/u169549071/domains/codingfork.com/public_html/subdomain-janu/janu/app/Models/CoreModel.php(44): CodeIgniter\Database\BaseBuilder->get(5, 0)
#3 /home/u169549071/domains/codingfork.com/public_html/subdomain-janu/janu/app/Controllers/demo3/ExamCreator.php(136): App\Models\CoreModel->getData(Array, 'exam')
#4 /home/u169549071/domains/codingfork.com/public_html/subdomain-janu/janu/vendor/codeigniter4/framework/system/CodeIgniter.php(918): App\Controllers\demo3\ExamCreator->viewExamsAdmin()
#5 /home/u169549071/domains/codingfork.com/public_html/subdomain-janu/janu/vendor/codeigniter4/framework/system/CodeIgniter.php(404): CodeIgniter\CodeIgniter->runController(Object(App\Controllers\demo3\ExamCreator))
#6 /home/u169549071/domains/codingfork.com/public_html/subdomain-janu/janu/vendor/codeigniter4/framework/system/CodeIgniter.php(312): CodeIgniter\CodeIgniter->handleRequest(NULL, Object(Config\Cache), false)
#7 /home/u169549071/domains/codingfork.com/public_html/subdomain-janu/index.php(45): CodeIgniter\CodeIgniter->run()
#8 {main}
CRITICAL - 2020-10-31 22:56:00 --> Unable to connect to the database.
#0 /home/u169549071/domains/codingfork.com/public_html/subdomain-janu/janu/vendor/codeigniter4/framework/system/Database/BaseConnection.php(646): CodeIgniter\Database\BaseConnection->initialize()
#1 /home/u169549071/domains/codingfork.com/public_html/subdomain-janu/janu/vendor/codeigniter4/framework/system/Database/BaseBuilder.php(1860): CodeIgniter\Database\BaseConnection->query('SELECT `exam`.`...', Array, false)
#2 /home/u169549071/domains/codingfork.com/public_html/subdomain-janu/janu/app/Models/CoreModel.php(44): CodeIgniter\Database\BaseBuilder->get(5, 0)
#3 /home/u169549071/domains/codingfork.com/public_html/subdomain-janu/janu/app/Controllers/demo3/ExamCreator.php(136): App\Models\CoreModel->getData(Array, 'exam')
#4 /home/u169549071/domains/codingfork.com/public_html/subdomain-janu/janu/vendor/codeigniter4/framework/system/CodeIgniter.php(918): App\Controllers\demo3\ExamCreator->viewExamsAdmin()
#5 /home/u169549071/domains/codingfork.com/public_html/subdomain-janu/janu/vendor/codeigniter4/framework/system/CodeIgniter.php(404): CodeIgniter\CodeIgniter->runController(Object(App\Controllers\demo3\ExamCreator))
#6 /home/u169549071/domains/codingfork.com/public_html/subdomain-janu/janu/vendor/codeigniter4/framework/system/CodeIgniter.php(312): CodeIgniter\CodeIgniter->handleRequest(NULL, Object(Config\Cache), false)
#7 /home/u169549071/domains/codingfork.com/public_html/subdomain-janu/index.php(45): CodeIgniter\CodeIgniter->run()
#8 {main}
CRITICAL - 2020-10-31 22:56:52 --> Unable to connect to the database.
#0 /home/u169549071/domains/codingfork.com/public_html/subdomain-janu/janu/vendor/codeigniter4/framework/system/Database/BaseConnection.php(646): CodeIgniter\Database\BaseConnection->initialize()
#1 /home/u169549071/domains/codingfork.com/public_html/subdomain-janu/janu/vendor/codeigniter4/framework/system/Database/BaseBuilder.php(1860): CodeIgniter\Database\BaseConnection->query('SELECT `exam`.`...', Array, false)
#2 /home/u169549071/domains/codingfork.com/public_html/subdomain-janu/janu/app/Models/CoreModel.php(44): CodeIgniter\Database\BaseBuilder->get(5, 0)
#3 /home/u169549071/domains/codingfork.com/public_html/subdomain-janu/janu/app/Controllers/demo3/ExamCreator.php(136): App\Models\CoreModel->getData(Array, 'exam')
#4 /home/u169549071/domains/codingfork.com/public_html/subdomain-janu/janu/vendor/codeigniter4/framework/system/CodeIgniter.php(918): App\Controllers\demo3\ExamCreator->viewExamsAdmin()
#5 /home/u169549071/domains/codingfork.com/public_html/subdomain-janu/janu/vendor/codeigniter4/framework/system/CodeIgniter.php(404): CodeIgniter\CodeIgniter->runController(Object(App\Controllers\demo3\ExamCreator))
#6 /home/u169549071/domains/codingfork.com/public_html/subdomain-janu/janu/vendor/codeigniter4/framework/system/CodeIgniter.php(312): CodeIgniter\CodeIgniter->handleRequest(NULL, Object(Config\Cache), false)
#7 /home/u169549071/domains/codingfork.com/public_html/subdomain-janu/index.php(45): CodeIgniter\CodeIgniter->run()
#8 {main}
CRITICAL - 2020-10-31 22:57:06 --> Unable to connect to the database.
#0 /home/u169549071/domains/codingfork.com/public_html/subdomain-janu/janu/vendor/codeigniter4/framework/system/Database/BaseConnection.php(646): CodeIgniter\Database\BaseConnection->initialize()
#1 /home/u169549071/domains/codingfork.com/public_html/subdomain-janu/janu/vendor/codeigniter4/framework/system/Database/BaseBuilder.php(1860): CodeIgniter\Database\BaseConnection->query('SELECT `exam`.`...', Array, false)
#2 /home/u169549071/domains/codingfork.com/public_html/subdomain-janu/janu/app/Models/CoreModel.php(44): CodeIgniter\Database\BaseBuilder->get(5, 0)
#3 /home/u169549071/domains/codingfork.com/public_html/subdomain-janu/janu/app/Controllers/demo3/ExamCreator.php(136): App\Models\CoreModel->getData(Array, 'exam')
#4 /home/u169549071/domains/codingfork.com/public_html/subdomain-janu/janu/vendor/codeigniter4/framework/system/CodeIgniter.php(918): App\Controllers\demo3\ExamCreator->viewExamsAdmin()
#5 /home/u169549071/domains/codingfork.com/public_html/subdomain-janu/janu/vendor/codeigniter4/framework/system/CodeIgniter.php(404): CodeIgniter\CodeIgniter->runController(Object(App\Controllers\demo3\ExamCreator))
#6 /home/u169549071/domains/codingfork.com/public_html/subdomain-janu/janu/vendor/codeigniter4/framework/system/CodeIgniter.php(312): CodeIgniter\CodeIgniter->handleRequest(NULL, Object(Config\Cache), false)
#7 /home/u169549071/domains/codingfork.com/public_html/subdomain-janu/index.php(45): CodeIgniter\CodeIgniter->run()
#8 {main}
